#
# There is insufficient memory for the Java Runtime Environment to continue.
# Native memory allocation (malloc) failed to allocate 1625136 bytes for Chunk::new
# Possible reasons:
#   The system is out of physical RAM or swap space
#   The process is running with CompressedOops enabled, and the Java Heap may be blocking the growth of the native heap
# Possible solutions:
#   Reduce memory load on the system
#   Increase physical memory or swap space
#   Check if swap backing store is full
#   Decrease Java heap size (-Xmx/-Xms)
#   Decrease number of Java threads
#   Decrease Java thread stack sizes (-Xss)
#   Set larger code cache with -XX:ReservedCodeCacheSize=
#   JVM is running with Unscaled Compressed Oops mode in which the Java heap is
#     placed in the first 4GB address space. The Java Heap base address is the
#     maximum limit for the native heap growth. Please use -XX:HeapBaseMinAddress
#     to set the Java Heap base and to place the Java Heap above 4GB virtual address.
# This output file may be truncated or incomplete.
#
#  Out of Memory Error (arena.cpp:168), pid=87800, tid=91984
#
# JRE version: OpenJDK Runtime Environment (21.0.1+12) (build 21.0.1+12-29)
# Java VM: OpenJDK 64-Bit Server VM (21.0.1+12-29, mixed mode, sharing, tiered, compressed oops, compressed class ptrs, g1 gc, windows-amd64)
# No core dump will be written. Minidumps are not enabled by default on client versions of Windows
#

---------------  S U M M A R Y ------------

Command Line: -javaagent:D:\Program Files\JetBrains\IntelliJ IDEA Community Edition 2023.2.5\lib\idea_rt.jar=54331:D:\Program Files\JetBrains\IntelliJ IDEA Community Edition 2023.2.5\bin -Dfile.encoding=UTF-8 -Dsun.stdout.encoding=UTF-8 -Dsun.stderr.encoding=UTF-8 com.example.notes.NotesApplication

Host: AMD Ryzen 3 5300U with Radeon Graphics         , 8 cores, 5G,  Windows 10 , 64 bit Build 19041 (10.0.19041.3636)
Time: Wed Dec 20 14:48:42 2023 Central Europe Standard Time elapsed time: 11.302735 seconds (0d 0h 0m 11s)

---------------  T H R E A D  ---------------

Current thread (0x0000027f7fcd4f10):  JavaThread "C2 CompilerThread0" daemon [_thread_in_native, id=91984, stack(0x000000a447600000,0x000000a447700000) (1024K)]


Current CompileTask:
C2:  11302 6971       4       org.antlr.v4.runtime.atn.ParserATNSimulator::closure_ (311 bytes)

Stack: [0x000000a447600000,0x000000a447700000]
Native frames: (J=compiled Java code, j=interpreted, Vv=VM code, C=native code)
V  [jvm.dll+0x6c9029]
V  [jvm.dll+0x854b81]
V  [jvm.dll+0x856e5e]
V  [jvm.dll+0x857543]
V  [jvm.dll+0x280c06]
V  [jvm.dll+0xc3ead]
V  [jvm.dll+0xc43c3]
V  [jvm.dll+0x3b5732]
V  [jvm.dll+0x382475]
V  [jvm.dll+0x3818ea]
V  [jvm.dll+0x249ad0]
V  [jvm.dll+0x2490b1]
V  [jvm.dll+0x1c9ca1]
V  [jvm.dll+0x2586b9]
V  [jvm.dll+0x256c9a]
V  [jvm.dll+0x3ef1b6]
V  [jvm.dll+0x7fd728]
V  [jvm.dll+0x6c777d]
C  [ucrtbase.dll+0x21bb2]
C  [KERNEL32.DLL+0x17344]
C  [ntdll.dll+0x526b1]


---------------  P R O C E S S  ---------------

Threads class SMR info:
_java_thread_list=0x0000027f4877cd20, length=20, elements={
0x0000027f61d90e90, 0x0000027f7fccac70, 0x0000027f7fccbc40, 0x0000027f7fcd0b30,
0x0000027f7fcd1590, 0x0000027f7fcd2350, 0x0000027f7fcd3550, 0x0000027f7fcd4f10,
0x0000027f7fcd5b80, 0x0000027f7fc94940, 0x0000027f457def40, 0x0000027f4539be90,
0x0000027f457ba190, 0x0000027f45b86870, 0x0000027f469160b0, 0x0000027f46e467b0,
0x0000027f482d33e0, 0x0000027f7fc92860, 0x0000027f466d5b80, 0x0000027f466d6210
}

Java Threads: ( => current thread )
  0x0000027f61d90e90 JavaThread "main"                              [_thread_blocked, id=94696, stack(0x000000a446800000,0x000000a446900000) (1024K)]
  0x0000027f7fccac70 JavaThread "Reference Handler"          daemon [_thread_blocked, id=91864, stack(0x000000a447000000,0x000000a447100000) (1024K)]
  0x0000027f7fccbc40 JavaThread "Finalizer"                  daemon [_thread_blocked, id=92992, stack(0x000000a447100000,0x000000a447200000) (1024K)]
  0x0000027f7fcd0b30 JavaThread "Signal Dispatcher"          daemon [_thread_blocked, id=45172, stack(0x000000a447200000,0x000000a447300000) (1024K)]
  0x0000027f7fcd1590 JavaThread "Attach Listener"            daemon [_thread_blocked, id=86528, stack(0x000000a447300000,0x000000a447400000) (1024K)]
  0x0000027f7fcd2350 JavaThread "Service Thread"             daemon [_thread_blocked, id=93672, stack(0x000000a447400000,0x000000a447500000) (1024K)]
  0x0000027f7fcd3550 JavaThread "Monitor Deflation Thread"   daemon [_thread_blocked, id=87056, stack(0x000000a447500000,0x000000a447600000) (1024K)]
=>0x0000027f7fcd4f10 JavaThread "C2 CompilerThread0"         daemon [_thread_in_native, id=91984, stack(0x000000a447600000,0x000000a447700000) (1024K)]
  0x0000027f7fcd5b80 JavaThread "C1 CompilerThread0"         daemon [_thread_blocked, id=90960, stack(0x000000a447700000,0x000000a447800000) (1024K)]
  0x0000027f7fc94940 JavaThread "Common-Cleaner"             daemon [_thread_blocked, id=95052, stack(0x000000a447800000,0x000000a447900000) (1024K)]
  0x0000027f457def40 JavaThread "Monitor Ctrl-Break"         daemon [_thread_in_native, id=92896, stack(0x000000a447900000,0x000000a447a00000) (1024K)]
  0x0000027f4539be90 JavaThread "Notification Thread"        daemon [_thread_blocked, id=93332, stack(0x000000a447a00000,0x000000a447b00000) (1024K)]
  0x0000027f457ba190 JavaThread "Thread-0"                          [_thread_blocked, id=92952, stack(0x000000a447f00000,0x000000a448000000) (1024K)]
  0x0000027f45b86870 JavaThread "restartedMain"                     [_thread_in_Java, id=78688, stack(0x000000a448000000,0x000000a448100000) (1024K)]
  0x0000027f469160b0 JavaThread "HikariPool-1 housekeeper"   daemon [_thread_blocked, id=93572, stack(0x000000a448500000,0x000000a448600000) (1024K)]
  0x0000027f46e467b0 JavaThread "JNA Cleaner"                daemon [_thread_blocked, id=89996, stack(0x000000a448700000,0x000000a448800000) (1024K)]
  0x0000027f482d33e0 JavaThread "ForkJoinPool.commonPool-worker-1" daemon [_thread_blocked, id=83972, stack(0x000000a448b00000,0x000000a448c00000) (1024K)]
  0x0000027f7fc92860 JavaThread "Catalina-utility-1"                [_thread_blocked, id=93256, stack(0x000000a448c00000,0x000000a448d00000) (1024K)]
  0x0000027f466d5b80 JavaThread "Catalina-utility-2"                [_thread_blocked, id=87716, stack(0x000000a448d00000,0x000000a448e00000) (1024K)]
  0x0000027f466d6210 JavaThread "container-0"                       [_thread_blocked, id=93988, stack(0x000000a448e00000,0x000000a448f00000) (1024K)]
Total: 20

Other Threads:
  0x0000027f7fcab720 VMThread "VM Thread"                           [id=84448, stack(0x000000a446f00000,0x000000a447000000) (1024K)]
  0x0000027f7fc93bb0 WatcherThread "VM Periodic Task Thread"        [id=93116, stack(0x000000a446e00000,0x000000a446f00000) (1024K)]
  0x0000027f61edb320 WorkerThread "GC Thread#0"                     [id=90712, stack(0x000000a446900000,0x000000a446a00000) (1024K)]
  0x0000027f45cdf990 WorkerThread "GC Thread#1"                     [id=92620, stack(0x000000a447b00000,0x000000a447c00000) (1024K)]
  0x0000027f45b87340 WorkerThread "GC Thread#2"                     [id=75300, stack(0x000000a447c00000,0x000000a447d00000) (1024K)]
  0x0000027f45cca930 WorkerThread "GC Thread#3"                     [id=88420, stack(0x000000a447d00000,0x000000a447e00000) (1024K)]
  0x0000027f45ccb150 WorkerThread "GC Thread#4"                     [id=94820, stack(0x000000a447e00000,0x000000a447f00000) (1024K)]
  0x0000027f464ef690 WorkerThread "GC Thread#5"                     [id=93580, stack(0x000000a448200000,0x000000a448300000) (1024K)]
  0x0000027f464eebb0 WorkerThread "GC Thread#6"                     [id=87640, stack(0x000000a448300000,0x000000a448400000) (1024K)]
  0x0000027f464efa30 WorkerThread "GC Thread#7"                     [id=92116, stack(0x000000a448400000,0x000000a448500000) (1024K)]
  0x0000027f61ee80c0 ConcurrentGCThread "G1 Main Marker"            [id=92612, stack(0x000000a446a00000,0x000000a446b00000) (1024K)]
  0x0000027f61eea370 WorkerThread "G1 Conc#0"                       [id=95228, stack(0x000000a446b00000,0x000000a446c00000) (1024K)]
  0x0000027f464ee810 WorkerThread "G1 Conc#1"                       [id=92568, stack(0x000000a448100000,0x000000a448200000) (1024K)]
  0x0000027f7fb720b0 ConcurrentGCThread "G1 Refine#0"               [id=94216, stack(0x000000a446c00000,0x000000a446d00000) (1024K)]
  0x0000027f61f44f60 ConcurrentGCThread "G1 Service"                [id=83104, stack(0x000000a446d00000,0x000000a446e00000) (1024K)]
Total: 15

Threads with active compile tasks:
C2 CompilerThread0    11332 6971       4       org.antlr.v4.runtime.atn.ParserATNSimulator::closure_ (311 bytes)
Total: 1

VM state: not at safepoint (normal execution)

VM Mutex/Monitor currently owned by a thread: None

Heap address: 0x00000000a2600000, size: 1498 MB, Compressed Oops mode: 32-bit

CDS archive(s) mapped at: [0x0000027f00000000-0x0000027f00c90000-0x0000027f00c90000), size 13172736, SharedBaseAddress: 0x0000027f00000000, ArchiveRelocationMode: 1.
Compressed class space mapped at: 0x0000027f01000000-0x0000027f41000000, reserved size: 1073741824
Narrow klass base: 0x0000027f00000000, Narrow klass shift: 0, Narrow klass range: 0x100000000

GC Precious Log:
 CardTable entry size: 512
 Card Set container configuration: InlinePtr #cards 5 size 8 Array Of Cards #cards 12 size 40 Howl #buckets 4 coarsen threshold 1843 Howl Bitmap #cards 512 size 80 coarsen threshold 460 Card regions per heap region 1 cards per card region 2048
 CPUs: 8 total, 8 available
 Memory: 5989M
 Large Page Support: Disabled
 NUMA Support: Disabled
 Compressed Oops: Enabled (32-bit)
 Heap Region Size: 1M
 Heap Min Capacity: 8M
 Heap Initial Capacity: 94M
 Heap Max Capacity: 1498M
 Pre-touch: Disabled
 Parallel Workers: 8
 Concurrent Workers: 2
 Concurrent Refinement Workers: 8
 Periodic GC: Disabled

Heap:
 garbage-first heap   total 175104K, used 124393K [0x00000000a2600000, 0x0000000100000000)
  region size 1024K, 78 young (79872K), 8 survivors (8192K)
 Metaspace       used 73172K, committed 73920K, reserved 1114112K
  class space    used 9815K, committed 10176K, reserved 1048576K

Heap Regions: E=young(eden), S=young(survivor), O=old, HS=humongous(starts), HC=humongous(continues), CS=collection set, F=free, TAMS=top-at-mark-start, PB=parsable bottom
|   0|0x00000000a2600000, 0x00000000a2700000, 0x00000000a2700000|100%|HS|  |TAMS 0x00000000a2600000| PB 0x00000000a2600000| Complete 
|   1|0x00000000a2700000, 0x00000000a2800000, 0x00000000a2800000|100%| O|  |TAMS 0x00000000a2700000| PB 0x00000000a2700000| Untracked 
|   2|0x00000000a2800000, 0x00000000a2900000, 0x00000000a2900000|100%| O|  |TAMS 0x00000000a2800000| PB 0x00000000a2800000| Untracked 
|   3|0x00000000a2900000, 0x00000000a2a00000, 0x00000000a2a00000|100%| O|  |TAMS 0x00000000a2900000| PB 0x00000000a2900000| Untracked 
|   4|0x00000000a2a00000, 0x00000000a2b00000, 0x00000000a2b00000|100%| O|  |TAMS 0x00000000a2a00000| PB 0x00000000a2a00000| Untracked 
|   5|0x00000000a2b00000, 0x00000000a2c00000, 0x00000000a2c00000|100%| O|  |TAMS 0x00000000a2b00000| PB 0x00000000a2b00000| Untracked 
|   6|0x00000000a2c00000, 0x00000000a2d00000, 0x00000000a2d00000|100%| O|  |TAMS 0x00000000a2c00000| PB 0x00000000a2c00000| Untracked 
|   7|0x00000000a2d00000, 0x00000000a2e00000, 0x00000000a2e00000|100%| O|  |TAMS 0x00000000a2d00000| PB 0x00000000a2d00000| Untracked 
|   8|0x00000000a2e00000, 0x00000000a2f00000, 0x00000000a2f00000|100%| O|  |TAMS 0x00000000a2e00000| PB 0x00000000a2e00000| Untracked 
|   9|0x00000000a2f00000, 0x00000000a3000000, 0x00000000a3000000|100%| O|  |TAMS 0x00000000a2f00000| PB 0x00000000a2f00000| Untracked 
|  10|0x00000000a3000000, 0x00000000a3100000, 0x00000000a3100000|100%| O|  |TAMS 0x00000000a3000000| PB 0x00000000a3000000| Untracked 
|  11|0x00000000a3100000, 0x00000000a3200000, 0x00000000a3200000|100%| O|  |TAMS 0x00000000a3100000| PB 0x00000000a3100000| Untracked 
|  12|0x00000000a3200000, 0x00000000a3300000, 0x00000000a3300000|100%| O|  |TAMS 0x00000000a3200000| PB 0x00000000a3200000| Untracked 
|  13|0x00000000a3300000, 0x00000000a3400000, 0x00000000a3400000|100%| O|  |TAMS 0x00000000a3300000| PB 0x00000000a3300000| Untracked 
|  14|0x00000000a3400000, 0x00000000a3500000, 0x00000000a3500000|100%| O|  |TAMS 0x00000000a3400000| PB 0x00000000a3400000| Untracked 
|  15|0x00000000a3500000, 0x00000000a3600000, 0x00000000a3600000|100%| O|  |TAMS 0x00000000a3500000| PB 0x00000000a3500000| Untracked 
|  16|0x00000000a3600000, 0x00000000a3700000, 0x00000000a3700000|100%| O|  |TAMS 0x00000000a3600000| PB 0x00000000a3600000| Untracked 
|  17|0x00000000a3700000, 0x00000000a3800000, 0x00000000a3800000|100%| O|  |TAMS 0x00000000a3700000| PB 0x00000000a3700000| Untracked 
|  18|0x00000000a3800000, 0x00000000a3900000, 0x00000000a3900000|100%| O|  |TAMS 0x00000000a3800000| PB 0x00000000a3800000| Untracked 
|  19|0x00000000a3900000, 0x00000000a3a00000, 0x00000000a3a00000|100%| O|  |TAMS 0x00000000a3900000| PB 0x00000000a3900000| Untracked 
|  20|0x00000000a3a00000, 0x00000000a3b00000, 0x00000000a3b00000|100%| O|  |TAMS 0x00000000a3a00000| PB 0x00000000a3a00000| Untracked 
|  21|0x00000000a3b00000, 0x00000000a3c00000, 0x00000000a3c00000|100%| O|  |TAMS 0x00000000a3b00000| PB 0x00000000a3b00000| Untracked 
|  22|0x00000000a3c00000, 0x00000000a3d00000, 0x00000000a3d00000|100%| O|  |TAMS 0x00000000a3c00000| PB 0x00000000a3c00000| Untracked 
|  23|0x00000000a3d00000, 0x00000000a3e00000, 0x00000000a3e00000|100%| O|  |TAMS 0x00000000a3d00000| PB 0x00000000a3d00000| Untracked 
|  24|0x00000000a3e00000, 0x00000000a3e00000, 0x00000000a3f00000|  0%| F|  |TAMS 0x00000000a3e00000| PB 0x00000000a3e00000| Untracked 
|  25|0x00000000a3f00000, 0x00000000a3f00000, 0x00000000a4000000|  0%| F|  |TAMS 0x00000000a3f00000| PB 0x00000000a3f00000| Untracked 
|  26|0x00000000a4000000, 0x00000000a4100000, 0x00000000a4100000|100%| O|  |TAMS 0x00000000a4000000| PB 0x00000000a4000000| Untracked 
|  27|0x00000000a4100000, 0x00000000a4200000, 0x00000000a4200000|100%| O|  |TAMS 0x00000000a4100000| PB 0x00000000a4100000| Untracked 
|  28|0x00000000a4200000, 0x00000000a4300000, 0x00000000a4300000|100%| O|  |TAMS 0x00000000a4200000| PB 0x00000000a4200000| Untracked 
|  29|0x00000000a4300000, 0x00000000a4300000, 0x00000000a4400000|  0%| F|  |TAMS 0x00000000a4300000| PB 0x00000000a4300000| Untracked 
|  30|0x00000000a4400000, 0x00000000a4500000, 0x00000000a4500000|100%| O|  |TAMS 0x00000000a4400000| PB 0x00000000a4400000| Untracked 
|  31|0x00000000a4500000, 0x00000000a4600000, 0x00000000a4600000|100%| O|  |TAMS 0x00000000a4500000| PB 0x00000000a4500000| Untracked 
|  32|0x00000000a4600000, 0x00000000a4700000, 0x00000000a4700000|100%| O|  |TAMS 0x00000000a4600000| PB 0x00000000a4600000| Untracked 
|  33|0x00000000a4700000, 0x00000000a4700000, 0x00000000a4800000|  0%| F|  |TAMS 0x00000000a4700000| PB 0x00000000a4700000| Untracked 
|  34|0x00000000a4800000, 0x00000000a4900000, 0x00000000a4900000|100%| O|  |TAMS 0x00000000a4800000| PB 0x00000000a4800000| Untracked 
|  35|0x00000000a4900000, 0x00000000a4a00000, 0x00000000a4a00000|100%| O|  |TAMS 0x00000000a4900000| PB 0x00000000a4900000| Untracked 
|  36|0x00000000a4a00000, 0x00000000a4b00000, 0x00000000a4b00000|100%| O|  |TAMS 0x00000000a4a00000| PB 0x00000000a4a00000| Untracked 
|  37|0x00000000a4b00000, 0x00000000a4c00000, 0x00000000a4c00000|100%| O|  |TAMS 0x00000000a4b00000| PB 0x00000000a4b00000| Untracked 
|  38|0x00000000a4c00000, 0x00000000a4c00000, 0x00000000a4d00000|  0%| F|  |TAMS 0x00000000a4c00000| PB 0x00000000a4c00000| Untracked 
|  39|0x00000000a4d00000, 0x00000000a4e00000, 0x00000000a4e00000|100%| O|  |TAMS 0x00000000a4d00000| PB 0x00000000a4d00000| Untracked 
|  40|0x00000000a4e00000, 0x00000000a4e00000, 0x00000000a4f00000|  0%| F|  |TAMS 0x00000000a4e00000| PB 0x00000000a4e00000| Untracked 
|  41|0x00000000a4f00000, 0x00000000a5000000, 0x00000000a5000000|100%| O|  |TAMS 0x00000000a4f00000| PB 0x00000000a4f00000| Untracked 
|  42|0x00000000a5000000, 0x00000000a5100000, 0x00000000a5100000|100%| O|  |TAMS 0x00000000a5000000| PB 0x00000000a5000000| Untracked 
|  43|0x00000000a5100000, 0x00000000a5100000, 0x00000000a5200000|  0%| F|  |TAMS 0x00000000a5100000| PB 0x00000000a5100000| Untracked 
|  44|0x00000000a5200000, 0x00000000a5200000, 0x00000000a5300000|  0%| F|  |TAMS 0x00000000a5200000| PB 0x00000000a5200000| Untracked 
|  45|0x00000000a5300000, 0x00000000a5300000, 0x00000000a5400000|  0%| F|  |TAMS 0x00000000a5300000| PB 0x00000000a5300000| Untracked 
|  46|0x00000000a5400000, 0x00000000a5400000, 0x00000000a5500000|  0%| F|  |TAMS 0x00000000a5400000| PB 0x00000000a5400000| Untracked 
|  47|0x00000000a5500000, 0x00000000a5600000, 0x00000000a5600000|100%| O|  |TAMS 0x00000000a5500000| PB 0x00000000a5500000| Untracked 
|  48|0x00000000a5600000, 0x00000000a5700000, 0x00000000a5700000|100%| O|  |TAMS 0x00000000a5600000| PB 0x00000000a5600000| Untracked 
|  49|0x00000000a5700000, 0x00000000a5800000, 0x00000000a5800000|100%| O|  |TAMS 0x00000000a5700000| PB 0x00000000a5700000| Untracked 
|  50|0x00000000a5800000, 0x00000000a5900000, 0x00000000a5900000|100%| O|  |TAMS 0x00000000a5800000| PB 0x00000000a5800000| Untracked 
|  51|0x00000000a5900000, 0x00000000a5a00000, 0x00000000a5a00000|100%| O|  |TAMS 0x00000000a5900000| PB 0x00000000a5900000| Untracked 
|  52|0x00000000a5a00000, 0x00000000a5b00000, 0x00000000a5b00000|100%| O|  |TAMS 0x00000000a5a00000| PB 0x00000000a5a00000| Untracked 
|  53|0x00000000a5b00000, 0x00000000a5c00000, 0x00000000a5c00000|100%| O|  |TAMS 0x00000000a5b00000| PB 0x00000000a5b00000| Untracked 
|  54|0x00000000a5c00000, 0x00000000a5d00000, 0x00000000a5d00000|100%| O|  |TAMS 0x00000000a5c00000| PB 0x00000000a5c00000| Untracked 
|  55|0x00000000a5d00000, 0x00000000a5d533f0, 0x00000000a5e00000| 32%| O|  |TAMS 0x00000000a5d00000| PB 0x00000000a5d00000| Untracked 
|  56|0x00000000a5e00000, 0x00000000a5e00000, 0x00000000a5f00000|  0%| F|  |TAMS 0x00000000a5e00000| PB 0x00000000a5e00000| Untracked 
|  57|0x00000000a5f00000, 0x00000000a5f00000, 0x00000000a6000000|  0%| F|  |TAMS 0x00000000a5f00000| PB 0x00000000a5f00000| Untracked 
|  58|0x00000000a6000000, 0x00000000a6000000, 0x00000000a6100000|  0%| F|  |TAMS 0x00000000a6000000| PB 0x00000000a6000000| Untracked 
|  59|0x00000000a6100000, 0x00000000a6100000, 0x00000000a6200000|  0%| F|  |TAMS 0x00000000a6100000| PB 0x00000000a6100000| Untracked 
|  60|0x00000000a6200000, 0x00000000a6200000, 0x00000000a6300000|  0%| F|  |TAMS 0x00000000a6200000| PB 0x00000000a6200000| Untracked 
|  61|0x00000000a6300000, 0x00000000a6300000, 0x00000000a6400000|  0%| F|  |TAMS 0x00000000a6300000| PB 0x00000000a6300000| Untracked 
|  62|0x00000000a6400000, 0x00000000a64272d0, 0x00000000a6500000| 15%| S|CS|TAMS 0x00000000a6400000| PB 0x00000000a6400000| Complete 
|  63|0x00000000a6500000, 0x00000000a6600000, 0x00000000a6600000|100%| S|CS|TAMS 0x00000000a6500000| PB 0x00000000a6500000| Complete 
|  64|0x00000000a6600000, 0x00000000a6700000, 0x00000000a6700000|100%| S|CS|TAMS 0x00000000a6600000| PB 0x00000000a6600000| Complete 
|  65|0x00000000a6700000, 0x00000000a6800000, 0x00000000a6800000|100%| S|CS|TAMS 0x00000000a6700000| PB 0x00000000a6700000| Complete 
|  66|0x00000000a6800000, 0x00000000a6900000, 0x00000000a6900000|100%| S|CS|TAMS 0x00000000a6800000| PB 0x00000000a6800000| Complete 
|  67|0x00000000a6900000, 0x00000000a6a00000, 0x00000000a6a00000|100%| S|CS|TAMS 0x00000000a6900000| PB 0x00000000a6900000| Complete 
|  68|0x00000000a6a00000, 0x00000000a6b00000, 0x00000000a6b00000|100%| S|CS|TAMS 0x00000000a6a00000| PB 0x00000000a6a00000| Complete 
|  69|0x00000000a6b00000, 0x00000000a6b00000, 0x00000000a6c00000|  0%| F|  |TAMS 0x00000000a6b00000| PB 0x00000000a6b00000| Untracked 
|  70|0x00000000a6c00000, 0x00000000a6c00000, 0x00000000a6d00000|  0%| F|  |TAMS 0x00000000a6c00000| PB 0x00000000a6c00000| Untracked 
|  71|0x00000000a6d00000, 0x00000000a6d00000, 0x00000000a6e00000|  0%| F|  |TAMS 0x00000000a6d00000| PB 0x00000000a6d00000| Untracked 
|  72|0x00000000a6e00000, 0x00000000a6e00000, 0x00000000a6f00000|  0%| F|  |TAMS 0x00000000a6e00000| PB 0x00000000a6e00000| Untracked 
|  73|0x00000000a6f00000, 0x00000000a7000000, 0x00000000a7000000|100%| S|CS|TAMS 0x00000000a6f00000| PB 0x00000000a6f00000| Complete 
|  74|0x00000000a7000000, 0x00000000a7000000, 0x00000000a7100000|  0%| F|  |TAMS 0x00000000a7000000| PB 0x00000000a7000000| Untracked 
|  75|0x00000000a7100000, 0x00000000a7100000, 0x00000000a7200000|  0%| F|  |TAMS 0x00000000a7100000| PB 0x00000000a7100000| Untracked 
|  76|0x00000000a7200000, 0x00000000a7200000, 0x00000000a7300000|  0%| F|  |TAMS 0x00000000a7200000| PB 0x00000000a7200000| Untracked 
|  77|0x00000000a7300000, 0x00000000a7300000, 0x00000000a7400000|  0%| F|  |TAMS 0x00000000a7300000| PB 0x00000000a7300000| Untracked 
|  78|0x00000000a7400000, 0x00000000a7400000, 0x00000000a7500000|  0%| F|  |TAMS 0x00000000a7400000| PB 0x00000000a7400000| Untracked 
|  79|0x00000000a7500000, 0x00000000a7500000, 0x00000000a7600000|  0%| F|  |TAMS 0x00000000a7500000| PB 0x00000000a7500000| Untracked 
|  80|0x00000000a7600000, 0x00000000a7600000, 0x00000000a7700000|  0%| F|  |TAMS 0x00000000a7600000| PB 0x00000000a7600000| Untracked 
|  81|0x00000000a7700000, 0x00000000a7700000, 0x00000000a7800000|  0%| F|  |TAMS 0x00000000a7700000| PB 0x00000000a7700000| Untracked 
|  82|0x00000000a7800000, 0x00000000a7800000, 0x00000000a7900000|  0%| F|  |TAMS 0x00000000a7800000| PB 0x00000000a7800000| Untracked 
|  83|0x00000000a7900000, 0x00000000a7900000, 0x00000000a7a00000|  0%| F|  |TAMS 0x00000000a7900000| PB 0x00000000a7900000| Untracked 
|  84|0x00000000a7a00000, 0x00000000a7a00000, 0x00000000a7b00000|  0%| F|  |TAMS 0x00000000a7a00000| PB 0x00000000a7a00000| Untracked 
|  85|0x00000000a7b00000, 0x00000000a7b00000, 0x00000000a7c00000|  0%| F|  |TAMS 0x00000000a7b00000| PB 0x00000000a7b00000| Untracked 
|  86|0x00000000a7c00000, 0x00000000a7c00000, 0x00000000a7d00000|  0%| F|  |TAMS 0x00000000a7c00000| PB 0x00000000a7c00000| Untracked 
|  87|0x00000000a7d00000, 0x00000000a7d00000, 0x00000000a7e00000|  0%| F|  |TAMS 0x00000000a7d00000| PB 0x00000000a7d00000| Untracked 
|  88|0x00000000a7e00000, 0x00000000a7e00000, 0x00000000a7f00000|  0%| F|  |TAMS 0x00000000a7e00000| PB 0x00000000a7e00000| Untracked 
|  89|0x00000000a7f00000, 0x00000000a7f00000, 0x00000000a8000000|  0%| F|  |TAMS 0x00000000a7f00000| PB 0x00000000a7f00000| Untracked 
|  90|0x00000000a8000000, 0x00000000a8000000, 0x00000000a8100000|  0%| F|  |TAMS 0x00000000a8000000| PB 0x00000000a8000000| Untracked 
|  91|0x00000000a8100000, 0x00000000a8100000, 0x00000000a8200000|  0%| F|  |TAMS 0x00000000a8100000| PB 0x00000000a8100000| Untracked 
|  92|0x00000000a8200000, 0x00000000a8200000, 0x00000000a8300000|  0%| F|  |TAMS 0x00000000a8200000| PB 0x00000000a8200000| Untracked 
|  93|0x00000000a8300000, 0x00000000a8300000, 0x00000000a8400000|  0%| F|  |TAMS 0x00000000a8300000| PB 0x00000000a8300000| Untracked 
|  94|0x00000000a8400000, 0x00000000a8400000, 0x00000000a8500000|  0%| F|  |TAMS 0x00000000a8400000| PB 0x00000000a8400000| Untracked 
|  95|0x00000000a8500000, 0x00000000a8500000, 0x00000000a8600000|  0%| F|  |TAMS 0x00000000a8500000| PB 0x00000000a8500000| Untracked 
|  96|0x00000000a8600000, 0x00000000a8600000, 0x00000000a8700000|  0%| F|  |TAMS 0x00000000a8600000| PB 0x00000000a8600000| Untracked 
|  97|0x00000000a8700000, 0x00000000a8700000, 0x00000000a8800000|  0%| F|  |TAMS 0x00000000a8700000| PB 0x00000000a8700000| Untracked 
|  98|0x00000000a8800000, 0x00000000a8800000, 0x00000000a8900000|  0%| F|  |TAMS 0x00000000a8800000| PB 0x00000000a8800000| Untracked 
|  99|0x00000000a8900000, 0x00000000a8900000, 0x00000000a8a00000|  0%| F|  |TAMS 0x00000000a8900000| PB 0x00000000a8900000| Untracked 
| 100|0x00000000a8a00000, 0x00000000a8a00000, 0x00000000a8b00000|  0%| F|  |TAMS 0x00000000a8a00000| PB 0x00000000a8a00000| Untracked 
| 101|0x00000000a8b00000, 0x00000000a8b80800, 0x00000000a8c00000| 50%| E|  |TAMS 0x00000000a8b00000| PB 0x00000000a8b00000| Complete 
| 102|0x00000000a8c00000, 0x00000000a8d00000, 0x00000000a8d00000|100%| E|CS|TAMS 0x00000000a8c00000| PB 0x00000000a8c00000| Complete 
| 103|0x00000000a8d00000, 0x00000000a8e00000, 0x00000000a8e00000|100%| E|CS|TAMS 0x00000000a8d00000| PB 0x00000000a8d00000| Complete 
| 104|0x00000000a8e00000, 0x00000000a8f00000, 0x00000000a8f00000|100%| E|CS|TAMS 0x00000000a8e00000| PB 0x00000000a8e00000| Complete 
| 105|0x00000000a8f00000, 0x00000000a9000000, 0x00000000a9000000|100%| E|CS|TAMS 0x00000000a8f00000| PB 0x00000000a8f00000| Complete 
| 106|0x00000000a9000000, 0x00000000a9100000, 0x00000000a9100000|100%| E|CS|TAMS 0x00000000a9000000| PB 0x00000000a9000000| Complete 
| 107|0x00000000a9100000, 0x00000000a9200000, 0x00000000a9200000|100%| E|CS|TAMS 0x00000000a9100000| PB 0x00000000a9100000| Complete 
| 108|0x00000000a9200000, 0x00000000a9300000, 0x00000000a9300000|100%| E|CS|TAMS 0x00000000a9200000| PB 0x00000000a9200000| Complete 
| 109|0x00000000a9300000, 0x00000000a9400000, 0x00000000a9400000|100%| E|CS|TAMS 0x00000000a9300000| PB 0x00000000a9300000| Complete 
| 110|0x00000000a9400000, 0x00000000a9500000, 0x00000000a9500000|100%| E|CS|TAMS 0x00000000a9400000| PB 0x00000000a9400000| Complete 
| 111|0x00000000a9500000, 0x00000000a9600000, 0x00000000a9600000|100%| E|CS|TAMS 0x00000000a9500000| PB 0x00000000a9500000| Complete 
| 112|0x00000000a9600000, 0x00000000a9700000, 0x00000000a9700000|100%| E|CS|TAMS 0x00000000a9600000| PB 0x00000000a9600000| Complete 
| 113|0x00000000a9700000, 0x00000000a9800000, 0x00000000a9800000|100%| E|CS|TAMS 0x00000000a9700000| PB 0x00000000a9700000| Complete 
| 114|0x00000000a9800000, 0x00000000a9900000, 0x00000000a9900000|100%| E|CS|TAMS 0x00000000a9800000| PB 0x00000000a9800000| Complete 
| 115|0x00000000a9900000, 0x00000000a9a00000, 0x00000000a9a00000|100%| E|CS|TAMS 0x00000000a9900000| PB 0x00000000a9900000| Complete 
| 116|0x00000000a9a00000, 0x00000000a9b00000, 0x00000000a9b00000|100%| E|CS|TAMS 0x00000000a9a00000| PB 0x00000000a9a00000| Complete 
| 117|0x00000000a9b00000, 0x00000000a9c00000, 0x00000000a9c00000|100%| E|CS|TAMS 0x00000000a9b00000| PB 0x00000000a9b00000| Complete 
| 118|0x00000000a9c00000, 0x00000000a9d00000, 0x00000000a9d00000|100%| E|CS|TAMS 0x00000000a9c00000| PB 0x00000000a9c00000| Complete 
| 119|0x00000000a9d00000, 0x00000000a9e00000, 0x00000000a9e00000|100%| E|CS|TAMS 0x00000000a9d00000| PB 0x00000000a9d00000| Complete 
| 120|0x00000000a9e00000, 0x00000000a9f00000, 0x00000000a9f00000|100%| E|CS|TAMS 0x00000000a9e00000| PB 0x00000000a9e00000| Complete 
| 121|0x00000000a9f00000, 0x00000000aa000000, 0x00000000aa000000|100%| E|CS|TAMS 0x00000000a9f00000| PB 0x00000000a9f00000| Complete 
| 122|0x00000000aa000000, 0x00000000aa100000, 0x00000000aa100000|100%| E|CS|TAMS 0x00000000aa000000| PB 0x00000000aa000000| Complete 
| 123|0x00000000aa100000, 0x00000000aa200000, 0x00000000aa200000|100%| E|CS|TAMS 0x00000000aa100000| PB 0x00000000aa100000| Complete 
| 124|0x00000000aa200000, 0x00000000aa300000, 0x00000000aa300000|100%| E|CS|TAMS 0x00000000aa200000| PB 0x00000000aa200000| Complete 
| 125|0x00000000aa300000, 0x00000000aa400000, 0x00000000aa400000|100%| E|CS|TAMS 0x00000000aa300000| PB 0x00000000aa300000| Complete 
| 126|0x00000000aa400000, 0x00000000aa500000, 0x00000000aa500000|100%| E|CS|TAMS 0x00000000aa400000| PB 0x00000000aa400000| Complete 
| 127|0x00000000aa500000, 0x00000000aa600000, 0x00000000aa600000|100%| E|CS|TAMS 0x00000000aa500000| PB 0x00000000aa500000| Complete 
| 128|0x00000000aa600000, 0x00000000aa700000, 0x00000000aa700000|100%| E|CS|TAMS 0x00000000aa600000| PB 0x00000000aa600000| Complete 
| 129|0x00000000aa700000, 0x00000000aa800000, 0x00000000aa800000|100%| E|CS|TAMS 0x00000000aa700000| PB 0x00000000aa700000| Complete 
| 130|0x00000000aa800000, 0x00000000aa900000, 0x00000000aa900000|100%| E|CS|TAMS 0x00000000aa800000| PB 0x00000000aa800000| Complete 
| 131|0x00000000aa900000, 0x00000000aaa00000, 0x00000000aaa00000|100%| E|CS|TAMS 0x00000000aa900000| PB 0x00000000aa900000| Complete 
| 132|0x00000000aaa00000, 0x00000000aab00000, 0x00000000aab00000|100%| E|CS|TAMS 0x00000000aaa00000| PB 0x00000000aaa00000| Complete 
| 133|0x00000000aab00000, 0x00000000aac00000, 0x00000000aac00000|100%| E|CS|TAMS 0x00000000aab00000| PB 0x00000000aab00000| Complete 
| 134|0x00000000aac00000, 0x00000000aad00000, 0x00000000aad00000|100%| E|CS|TAMS 0x00000000aac00000| PB 0x00000000aac00000| Complete 
| 135|0x00000000aad00000, 0x00000000aae00000, 0x00000000aae00000|100%| E|CS|TAMS 0x00000000aad00000| PB 0x00000000aad00000| Complete 
| 136|0x00000000aae00000, 0x00000000aaf00000, 0x00000000aaf00000|100%| E|CS|TAMS 0x00000000aae00000| PB 0x00000000aae00000| Complete 
| 137|0x00000000aaf00000, 0x00000000ab000000, 0x00000000ab000000|100%| E|CS|TAMS 0x00000000aaf00000| PB 0x00000000aaf00000| Complete 
| 138|0x00000000ab000000, 0x00000000ab100000, 0x00000000ab100000|100%| E|CS|TAMS 0x00000000ab000000| PB 0x00000000ab000000| Complete 
| 139|0x00000000ab100000, 0x00000000ab200000, 0x00000000ab200000|100%| E|CS|TAMS 0x00000000ab100000| PB 0x00000000ab100000| Complete 
| 140|0x00000000ab200000, 0x00000000ab300000, 0x00000000ab300000|100%| E|CS|TAMS 0x00000000ab200000| PB 0x00000000ab200000| Complete 
| 141|0x00000000ab300000, 0x00000000ab400000, 0x00000000ab400000|100%| E|CS|TAMS 0x00000000ab300000| PB 0x00000000ab300000| Complete 
| 142|0x00000000ab400000, 0x00000000ab500000, 0x00000000ab500000|100%| E|CS|TAMS 0x00000000ab400000| PB 0x00000000ab400000| Complete 
| 143|0x00000000ab500000, 0x00000000ab600000, 0x00000000ab600000|100%| E|CS|TAMS 0x00000000ab500000| PB 0x00000000ab500000| Complete 
| 144|0x00000000ab600000, 0x00000000ab700000, 0x00000000ab700000|100%| E|CS|TAMS 0x00000000ab600000| PB 0x00000000ab600000| Complete 
| 145|0x00000000ab700000, 0x00000000ab800000, 0x00000000ab800000|100%| E|CS|TAMS 0x00000000ab700000| PB 0x00000000ab700000| Complete 
| 146|0x00000000ab800000, 0x00000000ab900000, 0x00000000ab900000|100%| E|CS|TAMS 0x00000000ab800000| PB 0x00000000ab800000| Complete 
| 147|0x00000000ab900000, 0x00000000aba00000, 0x00000000aba00000|100%| E|CS|TAMS 0x00000000ab900000| PB 0x00000000ab900000| Complete 
| 148|0x00000000aba00000, 0x00000000abb00000, 0x00000000abb00000|100%| E|CS|TAMS 0x00000000aba00000| PB 0x00000000aba00000| Complete 
| 149|0x00000000abb00000, 0x00000000abc00000, 0x00000000abc00000|100%| E|CS|TAMS 0x00000000abb00000| PB 0x00000000abb00000| Complete 
| 150|0x00000000abc00000, 0x00000000abd00000, 0x00000000abd00000|100%| E|CS|TAMS 0x00000000abc00000| PB 0x00000000abc00000| Complete 
| 151|0x00000000abd00000, 0x00000000abe00000, 0x00000000abe00000|100%| E|CS|TAMS 0x00000000abd00000| PB 0x00000000abd00000| Complete 
| 152|0x00000000abe00000, 0x00000000abf00000, 0x00000000abf00000|100%| E|CS|TAMS 0x00000000abe00000| PB 0x00000000abe00000| Complete 
| 153|0x00000000abf00000, 0x00000000ac000000, 0x00000000ac000000|100%| E|CS|TAMS 0x00000000abf00000| PB 0x00000000abf00000| Complete 
| 154|0x00000000ac000000, 0x00000000ac100000, 0x00000000ac100000|100%| E|CS|TAMS 0x00000000ac000000| PB 0x00000000ac000000| Complete 
| 155|0x00000000ac100000, 0x00000000ac200000, 0x00000000ac200000|100%| E|CS|TAMS 0x00000000ac100000| PB 0x00000000ac100000| Complete 
| 156|0x00000000ac200000, 0x00000000ac300000, 0x00000000ac300000|100%| E|CS|TAMS 0x00000000ac200000| PB 0x00000000ac200000| Complete 
| 157|0x00000000ac300000, 0x00000000ac400000, 0x00000000ac400000|100%| E|CS|TAMS 0x00000000ac300000| PB 0x00000000ac300000| Complete 
| 158|0x00000000ac400000, 0x00000000ac500000, 0x00000000ac500000|100%| E|CS|TAMS 0x00000000ac400000| PB 0x00000000ac400000| Complete 
| 159|0x00000000ac500000, 0x00000000ac600000, 0x00000000ac600000|100%| E|CS|TAMS 0x00000000ac500000| PB 0x00000000ac500000| Complete 
| 160|0x00000000ac600000, 0x00000000ac700000, 0x00000000ac700000|100%| E|CS|TAMS 0x00000000ac600000| PB 0x00000000ac600000| Complete 
| 161|0x00000000ac700000, 0x00000000ac800000, 0x00000000ac800000|100%| E|CS|TAMS 0x00000000ac700000| PB 0x00000000ac700000| Complete 
| 162|0x00000000ac800000, 0x00000000ac900000, 0x00000000ac900000|100%| E|CS|TAMS 0x00000000ac800000| PB 0x00000000ac800000| Complete 
| 163|0x00000000ac900000, 0x00000000aca00000, 0x00000000aca00000|100%| E|CS|TAMS 0x00000000ac900000| PB 0x00000000ac900000| Complete 
| 164|0x00000000aca00000, 0x00000000acb00000, 0x00000000acb00000|100%| E|CS|TAMS 0x00000000aca00000| PB 0x00000000aca00000| Complete 
| 165|0x00000000acb00000, 0x00000000acc00000, 0x00000000acc00000|100%| E|CS|TAMS 0x00000000acb00000| PB 0x00000000acb00000| Complete 
| 166|0x00000000acc00000, 0x00000000acd00000, 0x00000000acd00000|100%| E|CS|TAMS 0x00000000acc00000| PB 0x00000000acc00000| Complete 
| 167|0x00000000acd00000, 0x00000000ace00000, 0x00000000ace00000|100%| E|CS|TAMS 0x00000000acd00000| PB 0x00000000acd00000| Complete 
| 168|0x00000000ace00000, 0x00000000acf00000, 0x00000000acf00000|100%| E|CS|TAMS 0x00000000ace00000| PB 0x00000000ace00000| Complete 
| 169|0x00000000acf00000, 0x00000000ad000000, 0x00000000ad000000|100%| E|CS|TAMS 0x00000000acf00000| PB 0x00000000acf00000| Complete 
| 170|0x00000000ad000000, 0x00000000ad100000, 0x00000000ad100000|100%| E|CS|TAMS 0x00000000ad000000| PB 0x00000000ad000000| Complete 

Card table byte_map: [0x0000027f7b800000,0x0000027f7baf0000] _byte_map_base: 0x0000027f7b2ed000

Marking Bits: (CMBitMap*) 0x0000027f61edba20
 Bits: [0x0000027f7baf0000, 0x0000027f7d258000)

Polling page: 0x0000027f61d40000

Metaspace:

Usage:
  Non-class:     61.87 MB used.
      Class:      9.59 MB used.
       Both:     71.46 MB used.

Virtual space:
  Non-class space:       64.00 MB reserved,      62.25 MB ( 97%) committed,  1 nodes.
      Class space:        1.00 GB reserved,       9.94 MB ( <1%) committed,  1 nodes.
             Both:        1.06 GB reserved,      72.19 MB (  7%) committed. 

Chunk freelists:
   Non-Class:  1.53 MB
       Class:  6.11 MB
        Both:  7.64 MB

MaxMetaspaceSize: unlimited
CompressedClassSpaceSize: 1.00 GB
Initial GC threshold: 21.00 MB
Current GC threshold: 72.94 MB
CDS: on
 - commit_granule_bytes: 65536.
 - commit_granule_words: 8192.
 - virtual_space_node_default_size: 8388608.
 - enlarge_chunks_in_place: 1.
 - use_allocation_guard: 0.


Internal statistics:

num_allocs_failed_limit: 6.
num_arena_births: 992.
num_arena_deaths: 0.
num_vsnodes_births: 2.
num_vsnodes_deaths: 0.
num_space_committed: 1154.
num_space_uncommitted: 0.
num_chunks_returned_to_freelist: 6.
num_chunks_taken_from_freelist: 3629.
num_chunk_merges: 6.
num_chunk_splits: 2595.
num_chunks_enlarged: 2002.
num_inconsistent_stats: 0.

CodeHeap 'non-profiled nmethods': size=120000Kb used=3830Kb max_used=3830Kb free=116169Kb
 bounds [0x0000027f73560000, 0x0000027f73920000, 0x0000027f7aa90000]
CodeHeap 'profiled nmethods': size=120000Kb used=12329Kb max_used=12329Kb free=107670Kb
 bounds [0x0000027f6ba90000, 0x0000027f6c6a0000, 0x0000027f72fc0000]
CodeHeap 'non-nmethods': size=5760Kb used=1723Kb max_used=1766Kb free=4037Kb
 bounds [0x0000027f72fc0000, 0x0000027f73230000, 0x0000027f73560000]
 total_blobs=7063 nmethods=6311 adapters=656
 compilation: enabled
              stopped_count=0, restarted_count=0
 full_count=0

Compilation events (20 events):
Event: 11.276 Thread 0x0000027f7fcd5b80 nmethod 7060 0x0000027f6c691a90 code [0x0000027f6c691c40, 0x0000027f6c691d70]
Event: 11.276 Thread 0x0000027f7fcd5b80 7062       1       org.antlr.v4.runtime.dfa.DFA::isPrecedenceDfa (5 bytes)
Event: 11.276 Thread 0x0000027f7fcd5b80 nmethod 7062 0x0000027f7391c390 code [0x0000027f7391c520, 0x0000027f7391c5f0]
Event: 11.276 Thread 0x0000027f7fcd5b80 7063       1       org.antlr.v4.runtime.BufferedTokenStream::index (5 bytes)
Event: 11.276 Thread 0x0000027f7fcd5b80 nmethod 7063 0x0000027f7391c690 code [0x0000027f7391c820, 0x0000027f7391c8e8]
Event: 11.276 Thread 0x0000027f7fcd5b80 7064       1       org.antlr.v4.runtime.BufferedTokenStream::mark (2 bytes)
Event: 11.276 Thread 0x0000027f7fcd5b80 nmethod 7064 0x0000027f7391c990 code [0x0000027f7391cb20, 0x0000027f7391cbe8]
Event: 11.291 Thread 0x0000027f7fcd5b80 7065       2       java.util.ArrayList::remove (26 bytes)
Event: 11.291 Thread 0x0000027f7fcd5b80 nmethod 7065 0x0000027f6c691e10 code [0x0000027f6c691fc0, 0x0000027f6c692160]
Event: 11.291 Thread 0x0000027f7fcd5b80 7067       2       org.antlr.v4.runtime.ParserRuleContext::getChild (93 bytes)
Event: 11.292 Thread 0x0000027f7fcd5b80 nmethod 7067 0x0000027f6c692290 code [0x0000027f6c6924c0, 0x0000027f6c6929a0]
Event: 11.292 Thread 0x0000027f7fcd5b80 7066       2       org.antlr.v4.runtime.ParserRuleContext::getRuleContext (10 bytes)
Event: 11.292 Thread 0x0000027f7fcd5b80 nmethod 7066 0x0000027f6c692c10 code [0x0000027f6c692dc0, 0x0000027f6c692f20]
Event: 11.292 Thread 0x0000027f7fcd5b80 7068       2       org.antlr.v4.runtime.tree.AbstractParseTreeVisitor::visit (8 bytes)
Event: 11.292 Thread 0x0000027f7fcd5b80 nmethod 7068 0x0000027f6c693010 code [0x0000027f6c6931c0, 0x0000027f6c693300]
Event: 11.292 Thread 0x0000027f7fcd5b80 7069       1       org.antlr.v4.runtime.tree.TerminalNodeImpl::getSymbol (5 bytes)
Event: 11.292 Thread 0x0000027f7fcd5b80 nmethod 7069 0x0000027f7391cc90 code [0x0000027f7391ce20, 0x0000027f7391cee8]
Event: 11.295 Thread 0x0000027f7fcd5b80 7071       2       java.util.regex.Pattern$SliceI::match (96 bytes)
Event: 11.295 Thread 0x0000027f7fcd5b80 nmethod 7071 0x0000027f6c693390 code [0x0000027f6c693560, 0x0000027f6c693868]
Event: 11.295 Thread 0x0000027f7fcd5b80 7072       2       java.util.regex.Pattern$NotBehind::match (137 bytes)

GC Heap History (20 events):
Event: 4.425 GC heap before
{Heap before GC invocations=12 (full 0):
 garbage-first heap   total 69632K, used 59389K [0x00000000a2600000, 0x0000000100000000)
  region size 1024K, 31 young (31744K), 3 survivors (3072K)
 Metaspace       used 37288K, committed 37824K, reserved 1114112K
  class space    used 4680K, committed 4928K, reserved 1048576K
}
Event: 4.428 GC heap after
{Heap after GC invocations=13 (full 0):
 garbage-first heap   total 69632K, used 34816K [0x00000000a2600000, 0x0000000100000000)
  region size 1024K, 4 young (4096K), 4 survivors (4096K)
 Metaspace       used 37288K, committed 37824K, reserved 1114112K
  class space    used 4680K, committed 4928K, reserved 1048576K
}
Event: 4.472 GC heap before
{Heap before GC invocations=13 (full 0):
 garbage-first heap   total 69632K, used 60416K [0x00000000a2600000, 0x0000000100000000)
  region size 1024K, 29 young (29696K), 4 survivors (4096K)
 Metaspace       used 37291K, committed 37824K, reserved 1114112K
  class space    used 4680K, committed 4928K, reserved 1048576K
}
Event: 4.476 GC heap after
{Heap after GC invocations=14 (full 0):
 garbage-first heap   total 69632K, used 38603K [0x00000000a2600000, 0x0000000100000000)
  region size 1024K, 4 young (4096K), 4 survivors (4096K)
 Metaspace       used 37291K, committed 37824K, reserved 1114112K
  class space    used 4680K, committed 4928K, reserved 1048576K
}
Event: 4.503 GC heap before
{Heap before GC invocations=14 (full 0):
 garbage-first heap   total 69632K, used 61131K [0x00000000a2600000, 0x0000000100000000)
  region size 1024K, 26 young (26624K), 4 survivors (4096K)
 Metaspace       used 37295K, committed 37824K, reserved 1114112K
  class space    used 4680K, committed 4928K, reserved 1048576K
}
Event: 4.506 GC heap after
{Heap after GC invocations=15 (full 0):
 garbage-first heap   total 69632K, used 41564K [0x00000000a2600000, 0x0000000100000000)
  region size 1024K, 3 young (3072K), 3 survivors (3072K)
 Metaspace       used 37295K, committed 37824K, reserved 1114112K
  class space    used 4680K, committed 4928K, reserved 1048576K
}
Event: 4.534 GC heap before
{Heap before GC invocations=15 (full 0):
 garbage-first heap   total 101376K, used 61020K [0x00000000a2600000, 0x0000000100000000)
  region size 1024K, 22 young (22528K), 3 survivors (3072K)
 Metaspace       used 37295K, committed 37824K, reserved 1114112K
  class space    used 4680K, committed 4928K, reserved 1048576K
}
Event: 4.537 GC heap after
{Heap after GC invocations=16 (full 0):
 garbage-first heap   total 175104K, used 44557K [0x00000000a2600000, 0x0000000100000000)
  region size 1024K, 3 young (3072K), 3 survivors (3072K)
 Metaspace       used 37295K, committed 37824K, reserved 1114112K
  class space    used 4680K, committed 4928K, reserved 1048576K
}
Event: 6.073 GC heap before
{Heap before GC invocations=17 (full 0):
 garbage-first heap   total 175104K, used 143885K [0x00000000a2600000, 0x0000000100000000)
  region size 1024K, 101 young (103424K), 3 survivors (3072K)
 Metaspace       used 37426K, committed 37952K, reserved 1114112K
  class space    used 4699K, committed 4928K, reserved 1048576K
}
Event: 6.082 GC heap after
{Heap after GC invocations=18 (full 0):
 garbage-first heap   total 175104K, used 54834K [0x00000000a2600000, 0x0000000100000000)
  region size 1024K, 13 young (13312K), 13 survivors (13312K)
 Metaspace       used 37426K, committed 37952K, reserved 1114112K
  class space    used 4699K, committed 4928K, reserved 1048576K
}
Event: 6.507 GC heap before
{Heap before GC invocations=18 (full 0):
 garbage-first heap   total 175104K, used 143922K [0x00000000a2600000, 0x0000000100000000)
  region size 1024K, 100 young (102400K), 13 survivors (13312K)
 Metaspace       used 37576K, committed 38080K, reserved 1114112K
  class space    used 4710K, committed 4928K, reserved 1048576K
}
Event: 6.513 GC heap after
{Heap after GC invocations=19 (full 0):
 garbage-first heap   total 175104K, used 55143K [0x00000000a2600000, 0x0000000100000000)
  region size 1024K, 2 young (2048K), 2 survivors (2048K)
 Metaspace       used 37576K, committed 38080K, reserved 1114112K
  class space    used 4710K, committed 4928K, reserved 1048576K
}
Event: 6.922 GC heap before
{Heap before GC invocations=19 (full 0):
 garbage-first heap   total 175104K, used 146279K [0x00000000a2600000, 0x0000000100000000)
  region size 1024K, 91 young (93184K), 2 survivors (2048K)
 Metaspace       used 37675K, committed 38208K, reserved 1114112K
  class space    used 4719K, committed 4928K, reserved 1048576K
}
Event: 6.923 GC heap after
{Heap after GC invocations=20 (full 0):
 garbage-first heap   total 175104K, used 54404K [0x00000000a2600000, 0x0000000100000000)
  region size 1024K, 2 young (2048K), 2 survivors (2048K)
 Metaspace       used 37675K, committed 38208K, reserved 1114112K
  class space    used 4719K, committed 4928K, reserved 1048576K
}
Event: 8.402 GC heap before
{Heap before GC invocations=20 (full 0):
 garbage-first heap   total 175104K, used 148612K [0x00000000a2600000, 0x0000000100000000)
  region size 1024K, 94 young (96256K), 2 survivors (2048K)
 Metaspace       used 44245K, committed 44800K, reserved 1114112K
  class space    used 5526K, committed 5760K, reserved 1048576K
}
Event: 8.407 GC heap after
{Heap after GC invocations=21 (full 0):
 garbage-first heap   total 175104K, used 57191K [0x00000000a2600000, 0x0000000100000000)
  region size 1024K, 4 young (4096K), 4 survivors (4096K)
 Metaspace       used 44245K, committed 44800K, reserved 1114112K
  class space    used 5526K, committed 5760K, reserved 1048576K
}
Event: 8.757 GC heap before
{Heap before GC invocations=22 (full 0):
 garbage-first heap   total 175104K, used 153447K [0x00000000a2600000, 0x0000000100000000)
  region size 1024K, 98 young (100352K), 4 survivors (4096K)
 Metaspace       used 44624K, committed 45248K, reserved 1114112K
  class space    used 5579K, committed 5888K, reserved 1048576K
}
Event: 8.759 GC heap after
{Heap after GC invocations=23 (full 0):
 garbage-first heap   total 175104K, used 56685K [0x00000000a2600000, 0x0000000100000000)
  region size 1024K, 4 young (4096K), 4 survivors (4096K)
 Metaspace       used 44624K, committed 45248K, reserved 1114112K
  class space    used 5579K, committed 5888K, reserved 1048576K
}
Event: 10.492 GC heap before
{Heap before GC invocations=23 (full 0):
 garbage-first heap   total 175104K, used 156013K [0x00000000a2600000, 0x0000000100000000)
  region size 1024K, 101 young (103424K), 4 survivors (4096K)
 Metaspace       used 65481K, committed 66176K, reserved 1114112K
  class space    used 8695K, committed 9024K, reserved 1048576K
}
Event: 10.507 GC heap after
{Heap after GC invocations=24 (full 0):
 garbage-first heap   total 175104K, used 53737K [0x00000000a2600000, 0x0000000100000000)
  region size 1024K, 8 young (8192K), 8 survivors (8192K)
 Metaspace       used 65481K, committed 66176K, reserved 1114112K
  class space    used 8695K, committed 9024K, reserved 1048576K
}

Dll operation events (15 events):
Event: 0.013 Loaded shared library C:\Users\Slobodan\.jdks\openjdk-21.0.1\bin\java.dll
Event: 0.056 Loaded shared library C:\Users\Slobodan\.jdks\openjdk-21.0.1\bin\jsvml.dll
Event: 0.224 Loaded shared library C:\Users\Slobodan\.jdks\openjdk-21.0.1\bin\zip.dll
Event: 0.231 Loaded shared library C:\Users\Slobodan\.jdks\openjdk-21.0.1\bin\instrument.dll
Event: 0.235 Loaded shared library C:\Users\Slobodan\.jdks\openjdk-21.0.1\bin\net.dll
Event: 0.237 Loaded shared library C:\Users\Slobodan\.jdks\openjdk-21.0.1\bin\nio.dll
Event: 0.244 Loaded shared library C:\Users\Slobodan\.jdks\openjdk-21.0.1\bin\zip.dll
Event: 0.383 Loaded shared library D:\Program Files\JetBrains\IntelliJ IDEA Community Edition 2023.2.5\bin\breakgen64.dll
Event: 0.394 Loaded shared library C:\Users\Slobodan\.jdks\openjdk-21.0.1\bin\extnet.dll
Event: 0.440 Loaded shared library C:\Users\Slobodan\.jdks\openjdk-21.0.1\bin\jimage.dll
Event: 0.788 Loaded shared library C:\Users\Slobodan\.jdks\openjdk-21.0.1\bin\management.dll
Event: 0.790 Loaded shared library C:\Users\Slobodan\.jdks\openjdk-21.0.1\bin\management_ext.dll
Event: 3.414 Loaded shared library C:\Users\Slobodan\.jdks\openjdk-21.0.1\bin\sunmscapi.dll
Event: 4.146 Loaded shared library C:\Users\Slobodan\.jdks\openjdk-21.0.1\bin\verify.dll
Event: 7.587 Loaded shared library C:\Users\Slobodan\AppData\Local\Temp\jna--1037733682\jna11032247465541107941.dll

Deoptimization events (20 events):
Event: 11.027 Thread 0x0000027f45b86870 Uncommon trap: trap_request=0xffffffc6 fr.pc=0x0000027f7382d094 relative=0x0000000000000c94
Event: 11.027 Thread 0x0000027f45b86870 Uncommon trap: reason=bimorphic_or_optimized_type_check action=maybe_recompile pc=0x0000027f7382d094 method=java.util.regex.Pattern$CharPropertyGreedy.match(Ljava/util/regex/Matcher;ILjava/lang/CharSequence;)Z @ 64 c2
Event: 11.027 Thread 0x0000027f45b86870 DEOPT PACKING pc=0x0000027f7382d094 sp=0x000000a4480fc000
Event: 11.027 Thread 0x0000027f45b86870 DEOPT UNPACKING pc=0x0000027f730146a2 sp=0x000000a4480fbfc0 mode 2
Event: 11.039 Thread 0x0000027f45b86870 Uncommon trap: trap_request=0xffffffc6 fr.pc=0x0000027f7382d094 relative=0x0000000000000c94
Event: 11.039 Thread 0x0000027f45b86870 Uncommon trap: reason=bimorphic_or_optimized_type_check action=maybe_recompile pc=0x0000027f7382d094 method=java.util.regex.Pattern$CharPropertyGreedy.match(Ljava/util/regex/Matcher;ILjava/lang/CharSequence;)Z @ 64 c2
Event: 11.039 Thread 0x0000027f45b86870 DEOPT PACKING pc=0x0000027f7382d094 sp=0x000000a4480fc620
Event: 11.039 Thread 0x0000027f45b86870 DEOPT UNPACKING pc=0x0000027f730146a2 sp=0x000000a4480fc5c0 mode 2
Event: 11.144 Thread 0x0000027f45b86870 DEOPT PACKING pc=0x0000027f6bb40263 sp=0x000000a4480fc290
Event: 11.144 Thread 0x0000027f45b86870 DEOPT UNPACKING pc=0x0000027f73014e42 sp=0x000000a4480fb7c0 mode 0
Event: 11.173 Thread 0x0000027f45b86870 Uncommon trap: trap_request=0xffffff45 fr.pc=0x0000027f736aadec relative=0x00000000000001ac
Event: 11.173 Thread 0x0000027f45b86870 Uncommon trap: reason=unstable_if action=reinterpret pc=0x0000027f736aadec method=java.util.IdentityHashMap.nextKeyIndex(II)I @ 4 c2
Event: 11.173 Thread 0x0000027f45b86870 DEOPT PACKING pc=0x0000027f736aadec sp=0x000000a4480fc530
Event: 11.173 Thread 0x0000027f45b86870 DEOPT UNPACKING pc=0x0000027f730146a2 sp=0x000000a4480fc448 mode 2
Event: 11.184 Thread 0x0000027f45b86870 Uncommon trap: trap_request=0xffffff45 fr.pc=0x0000027f73665ea4 relative=0x00000000000003a4
Event: 11.184 Thread 0x0000027f45b86870 Uncommon trap: reason=unstable_if action=reinterpret pc=0x0000027f73665ea4 method=java.util.HashMap.getNode(Ljava/lang/Object;)Ljava/util/HashMap$Node; @ 131 c2
Event: 11.184 Thread 0x0000027f45b86870 DEOPT PACKING pc=0x0000027f73665ea4 sp=0x000000a4480f74c0
Event: 11.184 Thread 0x0000027f45b86870 DEOPT UNPACKING pc=0x0000027f730146a2 sp=0x000000a4480f73f0 mode 2
Event: 11.245 Thread 0x0000027f45b86870 DEOPT PACKING pc=0x0000027f6c669423 sp=0x000000a4480fb410
Event: 11.245 Thread 0x0000027f45b86870 DEOPT UNPACKING pc=0x0000027f73014e42 sp=0x000000a4480fa8b0 mode 0

Classes loaded (20 events):
Event: 10.855 Loading class java/lang/Package$1PackageInfoProxy
Event: 10.855 Loading class java/lang/Package$1PackageInfoProxy done
Event: 10.922 Loading class java/lang/invoke/WrongMethodTypeException
Event: 10.922 Loading class java/lang/invoke/WrongMethodTypeException done
Event: 10.928 Loading class java/lang/Character$UnicodeBlock
Event: 10.929 Loading class java/lang/Character$Subset
Event: 10.930 Loading class java/lang/Character$Subset done
Event: 10.930 Loading class java/lang/Character$UnicodeBlock done
Event: 10.968 Loading class java/util/regex/Pattern$Bound
Event: 10.968 Loading class java/util/regex/Pattern$Bound done
Event: 10.968 Loading class java/util/regex/Pattern$SliceI
Event: 10.969 Loading class java/util/regex/Pattern$SliceI done
Event: 10.969 Loading class java/util/regex/Pattern$LookBehindEndNode
Event: 10.969 Loading class java/util/regex/Pattern$LookBehindEndNode done
Event: 10.969 Loading class java/util/regex/Pattern$NotBehind
Event: 10.970 Loading class java/util/regex/Pattern$NotBehind done
Event: 10.970 Loading class java/util/regex/Pattern$Behind
Event: 10.970 Loading class java/util/regex/Pattern$Behind done
Event: 11.059 Loading class java/util/EmptyStackException
Event: 11.059 Loading class java/util/EmptyStackException done

Classes unloaded (0 events):
No events

Classes redefined (0 events):
No events

Internal exceptions (20 events):
Event: 10.430 Thread 0x0000027f45b86870 Exception <a 'java/lang/NoSuchMethodError'{0x00000000a73e8900}: 'int java.lang.invoke.DirectMethodHandle$Holder.invokeStatic(java.lang.Object, java.lang.Object, java.lang.Object, java.lang.Object, java.lang.Object)'> (0x00000000a73e8900) 
thrown [s\open\src\hotspot\share\interpreter\linkResolver.cpp, line 773]
Event: 10.443 Thread 0x0000027f45b86870 Exception <a 'java/lang/NoSuchMethodError'{0x00000000a7288818}: 'void java.lang.invoke.DirectMethodHandle$Holder.invokeInterface(java.lang.Object, java.lang.Object, int, java.lang.Object)'> (0x00000000a7288818) 
thrown [s\open\src\hotspot\share\interpreter\linkResolver.cpp, line 773]
Event: 10.446 Thread 0x0000027f45b86870 Exception <a 'java/lang/NoSuchMethodError'{0x00000000a72aa728}: 'java.lang.Object java.lang.invoke.DirectMethodHandle$Holder.newInvokeSpecial(java.lang.Object, java.lang.Object, int, java.lang.Object)'> (0x00000000a72aa728) 
thrown [s\open\src\hotspot\share\interpreter\linkResolver.cpp, line 773]
Event: 10.446 Thread 0x0000027f45b86870 Exception <a 'java/lang/NoSuchMethodError'{0x00000000a72ae088}: 'java.lang.Object java.lang.invoke.Invokers$Holder.linkToTargetMethod(java.lang.Object, int, java.lang.Object, java.lang.Object)'> (0x00000000a72ae088) 
thrown [s\open\src\hotspot\share\interpreter\linkResolver.cpp, line 773]
Event: 10.462 Thread 0x0000027f45b86870 Exception <a 'java/lang/IncompatibleClassChangeError'{0x00000000a7131c98}: Found class java.lang.Object, but interface was expected> (0x00000000a7131c98) 
thrown [s\open\src\hotspot\share\interpreter\linkResolver.cpp, line 840]
Event: 10.480 Thread 0x0000027f45b86870 Exception <a 'java/lang/NoSuchMethodError'{0x00000000a7055098}: 'int java.lang.invoke.DirectMethodHandle$Holder.invokeSpecial(java.lang.Object, java.lang.Object, int, java.lang.Object)'> (0x00000000a7055098) 
thrown [s\open\src\hotspot\share\interpreter\linkResolver.cpp, line 773]
Event: 10.481 Thread 0x0000027f45b86870 Exception <a 'java/lang/NoSuchMethodError'{0x00000000a705d750}: 'int java.lang.invoke.DirectMethodHandle$Holder.invokeStatic(java.lang.Object, int, java.lang.Object)'> (0x00000000a705d750) 
thrown [s\open\src\hotspot\share\interpreter\linkResolver.cpp, line 773]
Event: 10.482 Thread 0x0000027f45b86870 Exception <a 'java/lang/NoSuchMethodError'{0x00000000a7075ea0}: 'java.lang.Object java.lang.invoke.DirectMethodHandle$Holder.newInvokeSpecial(java.lang.Object, java.lang.Object, java.lang.Object, java.lang.Object, java.lang.Object, int, java.lang.Object)'> (0x00000000a7075ea0) 
thrown [s\open\src\hotspot\share\interpreter\linkResolver.cpp, line 773]
Event: 10.530 Thread 0x0000027f45b86870 Exception <a 'java/lang/NoSuchMethodError'{0x00000000acf338b0}: 'java.lang.Object java.lang.invoke.DirectMethodHandle$Holder.newInvokeSpecial(java.lang.Object, java.lang.Object, java.lang.Object, java.lang.Object, java.lang.Object, java.lang.Object, java.lang.Object, int)'> (0x00000000acf338b0) 
thrown [s\open\src\hotspot\share\interpreter\linkResolver.cpp, line 773]
Event: 10.530 Thread 0x0000027f45b86870 Exception <a 'java/lang/NoSuchMethodError'{0x00000000acf37e10}: 'java.lang.Object java.lang.invoke.DirectMethodHandle$Holder.invokeSpecial(java.lang.Object, java.lang.Object, java.lang.Object, java.lang.Object, java.lang.Object, java.lang.Object, java.lang.Object, java.lang.Object, int)'> (0x00000000acf37e10) 
thrown [s\open\src\hotspot\share\interpreter\linkResolver.cpp, line 773]
Event: 10.530 Thread 0x0000027f45b86870 Exception <a 'java/lang/NoSuchMethodError'{0x00000000acf3be28}: 'java.lang.Object java.lang.invoke.Invokers$Holder.linkToTargetMethod(java.lang.Object, java.lang.Object, java.lang.Object, java.lang.Object, java.lang.Object, java.lang.Object, int, java.lang.Object)'> (0x00000000acf3be28) 
thrown [s\open\src\hotspot\share\interpreter\linkResolver.cpp, line 773]
Event: 10.544 Thread 0x0000027f45b86870 Exception <a 'java/lang/NoSuchMethodError'{0x00000000acfdc0a0}: 'void java.lang.invoke.DirectMethodHandle$Holder.invokeInterface(java.lang.Object, java.lang.Object)'> (0x00000000acfdc0a0) 
thrown [s\open\src\hotspot\share\interpreter\linkResolver.cpp, line 773]
Event: 10.547 Thread 0x0000027f45b86870 Exception <a 'java/lang/NoSuchMethodError'{0x00000000ace0aae8}: 'java.lang.Object java.lang.invoke.DirectMethodHandle$Holder.newInvokeSpecial(java.lang.Object, java.lang.Object, int, java.lang.Object, int, java.lang.Object, java.lang.Object)'> (0x00000000ace0aae8) 
thrown [s\open\src\hotspot\share\interpreter\linkResolver.cpp, line 773]
Event: 10.650 Thread 0x0000027f45b86870 Implicit null exception at 0x0000027f738e60f7 to 0x0000027f738e6360
Event: 10.682 Thread 0x0000027f45b86870 Exception <a 'java/lang/IncompatibleClassChangeError'{0x00000000ac7ddd18}: Found class java.lang.Object, but interface was expected> (0x00000000ac7ddd18) 
thrown [s\open\src\hotspot\share\interpreter\linkResolver.cpp, line 840]
Event: 10.684 Thread 0x0000027f45b86870 Implicit null exception at 0x0000027f738af01a to 0x0000027f738b0a14
Event: 10.690 Thread 0x0000027f45b86870 Exception <a 'java/lang/IncompatibleClassChangeError'{0x00000000ac653bb0}: Found class java.lang.Object, but interface was expected> (0x00000000ac653bb0) 
thrown [s\open\src\hotspot\share\interpreter\linkResolver.cpp, line 840]
Event: 10.720 Thread 0x0000027f45b86870 Exception <a 'java/lang/IncompatibleClassChangeError'{0x00000000ac59f238}: Found class java.lang.Object, but interface was expected> (0x00000000ac59f238) 
thrown [s\open\src\hotspot\share\interpreter\linkResolver.cpp, line 840]
Event: 10.850 Thread 0x0000027f45b86870 Exception <a 'java/lang/IncompatibleClassChangeError'{0x00000000abf70508}: Found class java.lang.Object, but interface was expected> (0x00000000abf70508) 
thrown [s\open\src\hotspot\share\interpreter\linkResolver.cpp, line 840]
Event: 10.944 Thread 0x0000027f45b86870 Exception <a 'java/lang/IncompatibleClassChangeError'{0x00000000ab83a620}: Found class java.lang.Object, but interface was expected> (0x00000000ab83a620) 
thrown [s\open\src\hotspot\share\interpreter\linkResolver.cpp, line 840]

ZGC Phase Switch (0 events):
No events

VM Operations (20 events):
Event: 10.173 Executing VM operation: HandshakeAllThreads (Deoptimize)
Event: 10.173 Executing VM operation: HandshakeAllThreads (Deoptimize) done
Event: 10.376 Executing VM operation: ICBufferFull
Event: 10.376 Executing VM operation: ICBufferFull done
Event: 10.492 Executing VM operation: G1CollectForAllocation (G1 Evacuation Pause)
Event: 10.507 Executing VM operation: G1CollectForAllocation (G1 Evacuation Pause) done
Event: 10.794 Executing VM operation: HandshakeAllThreads (Deoptimize)
Event: 10.794 Executing VM operation: HandshakeAllThreads (Deoptimize) done
Event: 10.866 Executing VM operation: ICBufferFull
Event: 10.866 Executing VM operation: ICBufferFull done
Event: 10.884 Executing VM operation: HandshakeAllThreads (Deoptimize)
Event: 10.884 Executing VM operation: HandshakeAllThreads (Deoptimize) done
Event: 10.885 Executing VM operation: HandshakeAllThreads (Deoptimize)
Event: 10.885 Executing VM operation: HandshakeAllThreads (Deoptimize) done
Event: 11.083 Executing VM operation: HandshakeAllThreads (Deoptimize)
Event: 11.083 Executing VM operation: HandshakeAllThreads (Deoptimize) done
Event: 11.183 Executing VM operation: ICBufferFull
Event: 11.183 Executing VM operation: ICBufferFull done
Event: 11.188 Executing VM operation: HandshakeAllThreads (Deoptimize)
Event: 11.188 Executing VM operation: HandshakeAllThreads (Deoptimize) done

Events (20 events):
Event: 8.477 Thread 0x0000027f7fcab720 flushing nmethod 0x0000027f6bad5a10
Event: 8.477 Thread 0x0000027f7fcab720 flushing nmethod 0x0000027f6bae4890
Event: 8.477 Thread 0x0000027f7fcab720 flushing nmethod 0x0000027f6bac9590
Event: 8.477 Thread 0x0000027f7fcab720 flushing nmethod 0x0000027f6bac5790
Event: 8.477 Thread 0x0000027f7fcab720 flushing nmethod 0x0000027f6bac2d10
Event: 8.477 Thread 0x0000027f7fcab720 flushing nmethod 0x0000027f7374c190
Event: 8.477 Thread 0x0000027f7fcab720 flushing nmethod 0x0000027f73717610
Event: 8.477 Thread 0x0000027f7fcab720 flushing nmethod 0x0000027f73728390
Event: 8.477 Thread 0x0000027f7fcab720 flushing nmethod 0x0000027f73634a10
Event: 8.477 Thread 0x0000027f7fcab720 flushing nmethod 0x0000027f735e5b90
Event: 8.477 Thread 0x0000027f7fcab720 flushing nmethod 0x0000027f735f8410
Event: 8.477 Thread 0x0000027f7fcab720 flushing nmethod 0x0000027f735a6e10
Event: 8.477 Thread 0x0000027f7fcab720 flushing nmethod 0x0000027f73591790
Event: 8.477 Thread 0x0000027f7fcab720 flushing nmethod 0x0000027f735acd10
Event: 8.477 Thread 0x0000027f7fcab720 flushing nmethod 0x0000027f73574810
Event: 8.608 Thread 0x0000027f482d33e0 Thread added: 0x0000027f482d33e0
Event: 8.911 Thread 0x0000027f7fc92860 Thread added: 0x0000027f7fc92860
Event: 8.914 Thread 0x0000027f466d5b80 Thread added: 0x0000027f466d5b80
Event: 8.917 Thread 0x0000027f466d6210 Thread added: 0x0000027f466d6210
Event: 9.144 Thread 0x0000027f46d5af80 Thread exited: 0x0000027f46d5af80


Dynamic libraries:
0x00007ff684b20000 - 0x00007ff684b2e000 	C:\Users\Slobodan\.jdks\openjdk-21.0.1\bin\java.exe
0x00007ffa108b0000 - 0x00007ffa10aa8000 	C:\Windows\SYSTEM32\ntdll.dll
0x00007ff9ea490000 - 0x00007ff9ea4a9000 	C:\Program Files\Avast Software\Avast\aswhook.dll
0x00007ffa0f7f0000 - 0x00007ffa0f8ad000 	C:\Windows\System32\KERNEL32.DLL
0x00007ffa0e0f0000 - 0x00007ffa0e3e6000 	C:\Windows\System32\KERNELBASE.dll
0x00007ffa0e550000 - 0x00007ffa0e650000 	C:\Windows\System32\ucrtbase.dll
0x00007ffa092b0000 - 0x00007ffa092c8000 	C:\Users\Slobodan\.jdks\openjdk-21.0.1\bin\jli.dll
0x00007ffa09430000 - 0x00007ffa0944b000 	C:\Users\Slobodan\.jdks\openjdk-21.0.1\bin\VCRUNTIME140.dll
0x00007ffa0fd10000 - 0x00007ffa0feae000 	C:\Windows\System32\USER32.dll
0x00007ffa0e6c0000 - 0x00007ffa0e6e2000 	C:\Windows\System32\win32u.dll
0x00007ff9f15d0000 - 0x00007ff9f186a000 	C:\Windows\WinSxS\amd64_microsoft.windows.common-controls_6595b64144ccf1df_6.0.19041.3636_none_60b6a03d71f818d5\COMCTL32.dll
0x00007ffa0f2a0000 - 0x00007ffa0f2cc000 	C:\Windows\System32\GDI32.dll
0x00007ffa0f8b0000 - 0x00007ffa0f94e000 	C:\Windows\System32\msvcrt.dll
0x00007ffa0e7f0000 - 0x00007ffa0e90a000 	C:\Windows\System32\gdi32full.dll
0x00007ffa0e3f0000 - 0x00007ffa0e48d000 	C:\Windows\System32\msvcp_win.dll
0x00007ffa0f370000 - 0x00007ffa0f3a0000 	C:\Windows\System32\IMM32.DLL
0x00007ffa09570000 - 0x00007ffa0957c000 	C:\Users\Slobodan\.jdks\openjdk-21.0.1\bin\vcruntime140_1.dll
0x00007ff9fa340000 - 0x00007ff9fa3ce000 	C:\Users\Slobodan\.jdks\openjdk-21.0.1\bin\msvcp140.dll
0x00007ff9b4c40000 - 0x00007ff9b5955000 	C:\Users\Slobodan\.jdks\openjdk-21.0.1\bin\server\jvm.dll
0x00007ffa0ec40000 - 0x00007ffa0ecef000 	C:\Windows\System32\ADVAPI32.dll
0x00007ffa0f2d0000 - 0x00007ffa0f36c000 	C:\Windows\System32\sechost.dll
0x00007ffa0f400000 - 0x00007ffa0f526000 	C:\Windows\System32\RPCRT4.dll
0x00007ffa0e910000 - 0x00007ffa0e97b000 	C:\Windows\System32\WS2_32.dll
0x00007ffa05c00000 - 0x00007ffa05c0a000 	C:\Windows\SYSTEM32\VERSION.dll
0x00007ff9f9ba0000 - 0x00007ff9f9bc7000 	C:\Windows\SYSTEM32\WINMM.dll
0x00007ffa0ddf0000 - 0x00007ffa0de3b000 	C:\Windows\SYSTEM32\POWRPROF.dll
0x00007ffa0dd20000 - 0x00007ffa0dd32000 	C:\Windows\SYSTEM32\UMPDC.dll
0x00007ffa0c7e0000 - 0x00007ffa0c7f2000 	C:\Windows\SYSTEM32\kernel.appcore.dll
0x00007ffa08fb0000 - 0x00007ffa08fba000 	C:\Users\Slobodan\.jdks\openjdk-21.0.1\bin\jimage.dll
0x00007ffa0be20000 - 0x00007ffa0c004000 	C:\Windows\SYSTEM32\DBGHELP.DLL
0x00007ffa05a70000 - 0x00007ffa05aa4000 	C:\Windows\SYSTEM32\dbgcore.DLL
0x00007ffa0e4c0000 - 0x00007ffa0e542000 	C:\Windows\System32\bcryptPrimitives.dll
0x00007ffa07fb0000 - 0x00007ffa07fbf000 	C:\Users\Slobodan\.jdks\openjdk-21.0.1\bin\instrument.dll
0x00007ffa07fc0000 - 0x00007ffa07fdf000 	C:\Users\Slobodan\.jdks\openjdk-21.0.1\bin\java.dll
0x00007ffa0ffd0000 - 0x00007ffa10715000 	C:\Windows\System32\SHELL32.dll
0x00007ffa0c030000 - 0x00007ffa0c7cb000 	C:\Windows\SYSTEM32\windows.storage.dll
0x00007ffa0f950000 - 0x00007ffa0fca4000 	C:\Windows\System32\combase.dll
0x00007ffa0d960000 - 0x00007ffa0d98d000 	C:\Windows\SYSTEM32\Wldp.dll
0x00007ffa0ea00000 - 0x00007ffa0eaad000 	C:\Windows\System32\SHCORE.dll
0x00007ffa10720000 - 0x00007ffa10775000 	C:\Windows\System32\shlwapi.dll
0x00007ffa0dec0000 - 0x00007ffa0dee5000 	C:\Windows\SYSTEM32\profapi.dll
0x00007ff9e7b00000 - 0x00007ff9e7bd7000 	C:\Users\Slobodan\.jdks\openjdk-21.0.1\bin\jsvml.dll
0x00007ffa07e70000 - 0x00007ffa07e88000 	C:\Users\Slobodan\.jdks\openjdk-21.0.1\bin\zip.dll
0x00007ffa08fa0000 - 0x00007ffa08fb0000 	C:\Users\Slobodan\.jdks\openjdk-21.0.1\bin\net.dll
0x00007ffa066d0000 - 0x00007ffa067da000 	C:\Windows\SYSTEM32\WINHTTP.dll
0x00007ffa0d660000 - 0x00007ffa0d6ca000 	C:\Windows\system32\mswsock.dll
0x00007ffa07f10000 - 0x00007ffa07f26000 	C:\Users\Slobodan\.jdks\openjdk-21.0.1\bin\nio.dll
0x00007ff9f5c20000 - 0x00007ff9f5c3a000 	D:\Program Files\JetBrains\IntelliJ IDEA Community Edition 2023.2.5\bin\breakgen64.dll
0x00007ffa053b0000 - 0x00007ffa053b7000 	C:\Users\Slobodan\.jdks\openjdk-21.0.1\bin\extnet.dll
0x00007ffa06d80000 - 0x00007ffa06d8a000 	C:\Users\Slobodan\.jdks\openjdk-21.0.1\bin\management.dll
0x00007ffa06d70000 - 0x00007ffa06d7b000 	C:\Users\Slobodan\.jdks\openjdk-21.0.1\bin\management_ext.dll
0x00007ffa0ecf0000 - 0x00007ffa0ecf8000 	C:\Windows\System32\PSAPI.DLL
0x00007ffa0d860000 - 0x00007ffa0d878000 	C:\Windows\SYSTEM32\CRYPTSP.dll
0x00007ffa0cf90000 - 0x00007ffa0cfc4000 	C:\Windows\system32\rsaenh.dll
0x00007ffa0e490000 - 0x00007ffa0e4b7000 	C:\Windows\System32\bcrypt.dll
0x00007ffa0de40000 - 0x00007ffa0de6e000 	C:\Windows\SYSTEM32\USERENV.dll
0x00007ffa0d850000 - 0x00007ffa0d85c000 	C:\Windows\SYSTEM32\CRYPTBASE.dll
0x00007ffa0d350000 - 0x00007ffa0d38b000 	C:\Windows\SYSTEM32\IPHLPAPI.DLL
0x00007ffa0f7e0000 - 0x00007ffa0f7e8000 	C:\Windows\System32\NSI.dll
0x00007ffa06d60000 - 0x00007ffa06d6e000 	C:\Users\Slobodan\.jdks\openjdk-21.0.1\bin\sunmscapi.dll
0x00007ffa0df90000 - 0x00007ffa0e0ed000 	C:\Windows\System32\CRYPT32.dll
0x00007ffa0d9d0000 - 0x00007ffa0d9f7000 	C:\Windows\SYSTEM32\ncrypt.dll
0x00007ffa0d990000 - 0x00007ffa0d9cb000 	C:\Windows\SYSTEM32\NTASN1.dll
0x00007ffa06d90000 - 0x00007ffa06da0000 	C:\Users\Slobodan\.jdks\openjdk-21.0.1\bin\verify.dll
0x00007ff9e7a30000 - 0x00007ff9e7a75000 	C:\Users\Slobodan\AppData\Local\Temp\jna--1037733682\jna11032247465541107941.dll
0x00007ffa0ed00000 - 0x00007ffa0ee2b000 	C:\Windows\System32\Ole32.dll
0x00007ffa0eab0000 - 0x00007ffa0eb59000 	C:\Windows\System32\clbcatq.dll
0x00007ffa10780000 - 0x00007ffa1084d000 	C:\Windows\System32\OleAut32.dll
0x00007ff9f5600000 - 0x00007ff9f561f000 	C:\Windows\SYSTEM32\amsi.dll
0x00007ff9f5510000 - 0x00007ff9f55f7000 	C:\Program Files\Avast Software\Avast\aswAMSI.dll

dbghelp: loaded successfully - version: 4.0.5 - missing functions: none
symbol engine: initialized successfully - sym options: 0x614 - pdb path: .;C:\Users\Slobodan\.jdks\openjdk-21.0.1\bin;C:\Windows\SYSTEM32;C:\Program Files\Avast Software\Avast;C:\Windows\WinSxS\amd64_microsoft.windows.common-controls_6595b64144ccf1df_6.0.19041.3636_none_60b6a03d71f818d5;C:\Users\Slobodan\.jdks\openjdk-21.0.1\bin\server;D:\Program Files\JetBrains\IntelliJ IDEA Community Edition 2023.2.5\bin;C:\Users\Slobodan\AppData\Local\Temp\jna--1037733682

VM Arguments:
jvm_args: -javaagent:D:\Program Files\JetBrains\IntelliJ IDEA Community Edition 2023.2.5\lib\idea_rt.jar=54331:D:\Program Files\JetBrains\IntelliJ IDEA Community Edition 2023.2.5\bin -Dfile.encoding=UTF-8 -Dsun.stdout.encoding=UTF-8 -Dsun.stderr.encoding=UTF-8 
java_command: com.example.notes.NotesApplication
java_class_path (initial): D:\Slobo\test-notes\Notes\target\classes;C:\Users\Slobodan\.m2\repository\com\h2database\h2\2.1.214\h2-2.1.214.jar;C:\Users\Slobodan\.m2\repository\org\springframework\boot\spring-boot-starter-data-jpa\3.1.7-SNAPSHOT\spring-boot-starter-data-jpa-3.1.7-20231212.154901-19.jar;C:\Users\Slobodan\.m2\repository\org\springframework\boot\spring-boot-starter-aop\3.1.7-SNAPSHOT\spring-boot-starter-aop-3.1.7-20231212.154901-19.jar;C:\Users\Slobodan\.m2\repository\org\springframework\spring-aop\6.0.15-SNAPSHOT\spring-aop-6.0.15-20231212.180247-24.jar;C:\Users\Slobodan\.m2\repository\org\aspectj\aspectjweaver\1.9.20.1\aspectjweaver-1.9.20.1.jar;C:\Users\Slobodan\.m2\repository\org\springframework\boot\spring-boot-starter-jdbc\3.1.7-SNAPSHOT\spring-boot-starter-jdbc-3.1.7-20231212.154901-19.jar;C:\Users\Slobodan\.m2\repository\com\zaxxer\HikariCP\5.0.1\HikariCP-5.0.1.jar;C:\Users\Slobodan\.m2\repository\org\springframework\spring-jdbc\6.0.15-SNAPSHOT\spring-jdbc-6.0.15-20231212.180247-24.jar;C:\Users\Slobodan\.m2\repository\org\hibernate\orm\hibernate-core\6.2.13.Final\hibernate-core-6.2.13.Final.jar;C:\Users\Slobodan\.m2\repository\jakarta\persistence\jakarta.persistence-api\3.1.0\jakarta.persistence-api-3.1.0.jar;C:\Users\Slobodan\.m2\repository\jakarta\transaction\jakarta.transaction-api\2.0.1\jakarta.transaction-api-2.0.1.jar;C:\Users\Slobodan\.m2\repository\org\jboss\logging\jboss-logging\3.5.3.Final\jboss-logging-3.5.3.Final.jar;C:\Users\Slobodan\.m2\repository\org\hibernate\common\hibernate-commons-annotations\6.0.6.Final\hibernate-commons-annotations-6.0.6.Final.jar;C:\Users\Slobodan\.m2\repository\io\smallrye\jandex\3.0.5\jandex-3.0.5.jar;C:\Users\Slobodan\.m2\repository\com\fasterxml\classmate\1.5.1\classmate-1.5.1.jar;C:\Users\Slobodan\.m2\repository\net\bytebuddy\byte-buddy\1.14.10\byte-buddy-1.14.10.jar;C:\Users\Slobodan\.m2\repository\org\glassfish\jaxb\jaxb-runtime\4.0.4\jaxb-runtime-4.0.4.jar;C:\Users\Slobodan\.m2\repository\org\glassfish\jaxb\jaxb-core\4.0.4\jaxb-core-4.0.4.jar;C:\Users\Slobodan\.m2\repository\org\eclipse\angus\angus-activation\2.0.1\angus-activation-2.0.1.jar;C:\Users\Slobodan\.m2\repository\org\glassfish\jaxb\txw2\4.0.4\txw2-4.0.4.jar;C:\Users\Slobodan\.m2\repository\com\sun\istack\istack-commons-runtime\4.1.2\istack-commons-runtime-4.1.2.jar;C:\Users\Slobodan\.m2\repository\jakarta\inject\jakarta.inject-api\2.0.1\jakarta.inject-api-2.0.1.jar;C:\Users\Slobodan\.m2\repository\org\antlr\antlr4-runtime\4.10.1\antlr4-runtime-4.10.1.jar;C:\Users\Slobodan\.m2\repository\org\springframework\data\spring-data-jpa\3.1.7-SNAPSHOT\spring-data-jpa-3.1.7-20231212.203954-39.jar;C:\Users\Slobodan\.m2\repository\org\springframework\data\spring-data-commons\3.1.7-SNAPSHOT\spring-data-commons-3.1.7-20231212.201735-36.jar;C:\Users\Slobodan\.m2\repository\org\springframework\spring-orm\6.0.15-SNAPSHOT\spring-orm-6.0.15-20231212.180247-24.jar;C:\Users\Slobodan\.m2\repository\org\springframework\spring-context\6.0.15-SNAPSHOT\spring-context-6.0.15-20231212.180247-24.jar;C:\Users\Slobodan\.m2\repository\org\springframework\spring-expression\6.0.15-SNAPSHOT\spring-expression-6.0.15-20231212.180247-24.jar;C:\Users\Slobodan\.m2\repository\org\springframework\spring-tx\6.0.15-SNAPSHOT\spring-tx-6.0.15-20231212.180247-24.jar;C:\Users\Slobodan\.m2\repository\org\springframework\spring-beans\6.0.15-SNAPSHOT\spring-beans-6.0.15-20231212.180247-24.jar;C:\Users\Slobodan\.m2\repository\jakarta\annotation\jakarta.annotation-api\2.1.1\jakarta.annotation-api-2.1.1.jar;C:\Users\Slobodan\.m2\repository\org\slf4j\slf4j-api\2.0.9\slf4j-api-2.0.9.jar;C:\Users\Slobodan\.m2\repository\org\springframework\spring-aspects\6.0.15-SNAPSHOT\spring-aspects-6.0.15-20231212.180247-24.jar;C:\Users\Slobodan\.m2\repository\org\springframework\boot\spring-boot-starter-validation\3.1.7-SNAPSHOT\spring-boot-starter-validation-3.1.7-20231212.154901-19.jar;C:\Users\Slobodan\.m2\repository\org\springframework\boot\spring-boot-starter\3.1.7-SNAPSHOT\spring-boot-starter-3.1.7-20231212.154901-19.jar;C:\Users\Slobodan\.m2\repository\org\springframework\boot\spring-boot-starter-logging\3.1.7-SNAPSHOT\spring-boot-starter-logging-3.1.7-20231212.154901-19.jar;C:\Users\Slobodan\.m2\repository\ch\qos\logback\logback-classic\1.4.11\logback-classic-1.4.11.jar;C:\Users\Slobodan\.m2\repository\ch\qos\logback\logback-core\1.4.11\logback-core-1.4.11.jar;C:\Users\Slobodan\.m2\repository\org\apache\logging\log4j\log4j-to-slf4j\2.20.0\log4j-to-slf4j-2.20.0.jar;C:\Users\Slobodan\.m2\repository\org\apache\logging\log4j\log4j-api\2.20.0\log4j-api-2.20.0.jar;C:\Users\Slobodan\.m2\repository\org\slf4j\jul-to-slf4j\2.0.9\jul-to-slf4j-2.0.9.jar;C:\Users\Slobodan\.m2\repository\org\yaml\snakeyaml\1.33\snakeyaml-1.33.jar;C:\Users\Slobodan\.m2\repository\org\apache\tomcat\embed\tomcat-embed-el\10.1.16\tomcat-embed-el-10.1.16.jar;C:\Users\Slobodan\.m2\repository\org\hibernate\validator\hibernate-validator\8.0.1.Final\hibernate-validator-8.0.1.Final.jar;C:\Users\Slobodan\.m2\repository\jakarta\validation\jakarta.validation-api\3.0.2\jakarta.validation-api-3.0.2.jar;C:\Users\Slobodan\.m2\repository\com\vaadin\vaadin-spring-boot-starter\24.2.5\vaadin-spring-boot-starter-24.2.5.jar;C:\Users\Slobodan\.m2\repository\com\vaadin\vaadin-spring\24.2.4\vaadin-spring-24.2.4.jar;C:\Users\Slobodan\.m2\repository\com\vaadin\flow-server\24.2.4\flow-server-24.2.4.jar;C:\Users\Slobodan\.m2\repository\com\vaadin\servletdetector\throw-if-servlet3\1.0.2\throw-if-servlet3-1.0.2.jar;C:\Users\Slobodan\.m2\repository\com\vaadin\external\gwt\gwt-elemental\2.8.2.vaadin2\gwt-elemental-2.8.2.vaadin2.jar;C:\Users\Slobodan\.m2\repository\org\apache\commons\commons-fileupload2-jakarta\2.0.0-M1\commons-fileupload2-jakarta-2.0.0-M1.jar;C:\Users\Slobodan\.m2\repository\org\apache\commons\commons-fileupload2-core\2.0.0-M1\commons-fileupload2-core-2.0.0-M1.jar;C:\Users\Slobodan\.m2\repository\commons-io\commons-io\2.13.0\commons-io-2.13.0.jar;C:\Users\Slobodan\.m2\repository\com\fasterxml\jackson\core\jackson-core\2.15.3\jackson-core-2.15.3.jar;C:\Users\Slobodan\.m2\repository\com\fasterxml\jackson\core\jackson-databind\2.15.3\jackson-databind-2.15.3.jar;C:\Users\Slobodan\.m2\repository\com\fasterxml\jackson\core\jackson-annotations\2.15.3\jackson-annotations-2.15.3.jar;C:\Users\Slobodan\.m2\repository\com\fasterxml\jackson\datatype\jackson-datatype-jsr310\2.15.3\jackson-datatype-jsr310-2.15.3.jar;C:\Users\Slobodan\.m2\repository\org\jsoup\jsoup\1.16.1\jsoup-1.16.1.jar;C:\Users\Slobodan\.m2\repository\com\helger\ph-css\7.0.1\ph-css-7.0.1.jar;C:\Users\Slobodan\.m2\repository\com\helger\commons\ph-commons\11.1.0\ph-commons-11.1.0.jar;C:\Users\Slobodan\.m2\repository\org\ow2\asm\asm\9.5\asm-9.5.jar;C:\Users\Slobodan\.m2\repository\com\vaadin\external\gentyref\1.2.0.vaadin1\gentyref-1.2.0.vaadin1.jar;C:\Users\Slobodan\.m2\repository\org\apache\commons\commons-compress\1.24.0\commons-compress-1.24.0.jar;C:\Users\Slobodan\.m2\repository\com\vaadin\flow-push\24.2.4\flow-push-24.2.4.jar;C:\Users\Slobodan\.m2\repository\com\vaadin\external\atmosphere\atmosphere-runtime\3.0.3.slf4jvaadin2\atmosphere-runtime-3.0.3.slf4jvaadin2.jar;C:\Users\Slobodan\.m2\repository\com\vaadin\flow-client\24.2.4\flow-client-24.2.4.jar;C:\Users\Slobodan\.m2\repository\org\springframework\spring-webmvc\6.0.15-SNAPSHOT\spring-webmvc-6.0.15-20231212.180247-24.jar;C:\Users\Slobodan\.m2\repository\org\springframework\spring-websocket\6.0.15-SNAPSHOT\spring-websocket-6.0.15-20231212.180247-24.jar;C:\Users\Slobodan\.m2\repository\org\reflections\reflections\0.10.2\reflections-0.10.2.jar;C:\Users\Slobodan\.m2\repository\org\javassist\javassist\3.28.0-GA\javassist-3.28.0-GA.jar;C:\Users\Slobodan\.m2\repository\com\google\code\findbugs\jsr305\3.0.2\jsr305-3.0.2.jar;C:\Users\Slobodan\.m2\repository\com\vaadin\vaadin-core\24.2.5\vaadin-core-24.2.5.jar;C:\Users\Slobodan\.m2\repository\com\vaadin\vaadin-core-internal\24.2.5\vaadin-core-internal-24.2.5.jar;C:\Users\Slobodan\.m2\repository\com\vaadin\flow-lit-template\24.2.4\flow-lit-template-24.2.4.jar;C:\Users\Slobodan\.m2\repository\com\vaadin\flow-html-components\24.2.4\flow-html-components-24.2.4.jar;C:\Users\Slobodan\.m2\repository\com\vaadin\flow-data\24.2.4\flow-data-24.2.4.jar;C:\Users\Slobodan\.m2\repository\com\vaadin\flow-dnd\24.2.4\flow-dnd-24.2.4.jar;C:\Users\Slobodan\.m2\repository\com\vaadin\vaadin-lumo-theme\24.2.5\vaadin-lumo-theme-24.2.5.jar;C:\Users\Slobodan\.m2\repository\com\vaadin\vaadin-material-theme\24.2.5\vaadin-material-theme-24.2.5.jar;C:\Users\Slobodan\.m2\repository\com\vaadin\vaadin-accordion-flow\24.2.5\vaadin-accordion-flow-24.2.5.jar;C:\Users\Slobodan\.m2\repository\com\vaadin\vaadin-avatar-flow\24.2.5\vaadin-avatar-flow-24.2.5.jar;C:\Users\Slobodan\.m2\repository\com\vaadin\vaadin-flow-components-base\24.2.5\vaadin-flow-components-base-24.2.5.jar;C:\Users\Slobodan\.m2\repository\com\vaadin\vaadin-button-flow\24.2.5\vaadin-button-flow-24.2.5.jar;C:\Users\Slobodan\.m2\repository\com\vaadin\vaadin-checkbox-flow\24.2.5\vaadin-checkbox-flow-24.2.5.jar;C:\Users\Slobodan\.m2\repository\com\vaadin\vaadin-combo-box-flow\24.2.5\vaadin-combo-box-flow-24.2.5.jar;C:\Users\Slobodan\.m2\repository\com\vaadin\vaadin-confirm-dialog-flow\24.2.5\vaadin-confirm-dialog-flow-24.2.5.jar;C:\Users\Slobodan\.m2\repository\com\vaadin\vaadin-custom-field-flow\24.2.5\vaadin-custom-field-flow-24.2.5.jar;C:\Users\Slobodan\.m2\repository\com\vaadin\vaadin-date-picker-flow\24.2.5\vaadin-date-picker-flow-24.2.5.jar;C:\Users\Slobodan\.m2\repository\com\vaadin\vaadin-date-time-picker-flow\24.2.5\vaadin-date-time-picker-flow-24.2.5.jar;C:\Users\Slobodan\.m2\repository\com\vaadin\vaadin-details-flow\24.2.5\vaadin-details-flow-24.2.5.jar;C:\Users\Slobodan\.m2\repository\com\vaadin\vaadin-time-picker-flow\24.2.5\vaadin-time-picker-flow-24.2.5.jar;C:\Users\Slobodan\.m2\repository\com\vaadin\vaadin-select-flow\24.2.5\vaadin-select-flow-24.2.5.jar;C:\Users\Slobodan\.m2\repository\com\vaadin\vaadin-side-nav-flow\24.2.5\vaadin-side-nav-flow-24.2.5.jar;C:\Users\Slobodan\.m2\repository\com\vaadin\vaadin-dialog-flow\24.2.5\vaadin-dialog-flow-24.2.5.jar;C:\Users\Slobodan\.m2\repository\com\vaadin\vaadin-form-layout-flow\24.2.5\vaadin-form-layout-flow-24.2.5.jar;C:\Users\Slobodan\.m2\repository\com\vaadin\vaadin-field-highlighter-flow\24.2.5\vaadin-field-highlighter-flow-24.2.5.jar;C:\Users\Slobodan\.m2\repository\com\vaadin\vaadin-grid-flow\24.2.5\vaadin-grid-flow-24.2.5.jar;C:\Users\Slobodan\.m2\repository\org\apache\commons\commons-lang3\3.12.0\commons-lang3-3.12.0.jar;C:\Users\Slobodan\.m2\repository\com\vaadin\vaadin-icons-flow\24.2.5\vaadin-icons-flow-24.2.5.jar;C:\Users\Slobodan\.m2\repository\com\vaadin\vaadin-virtual-list-flow\24.2.5\vaadin-virtual-list-flow-24.2.5.jar;C:\Users\Slobodan\.m2\repository\com\vaadin\vaadin-list-box-flow\24.2.5\vaadin-list-box-flow-24.2.5.jar;C:\Users\Slobodan\.m2\repository\com\vaadin\vaadin-login-flow\24.2.5\vaadin-login-flow-24.2.5.jar;C:\Users\Slobodan\.m2\repository\com\vaadin\vaadin-messages-flow\24.2.5\vaadin-messages-flow-24.2.5.jar;C:\Users\Slobodan\.m2\repository\com\vaadin\vaadin-ordered-layout-flow\24.2.5\vaadin-ordered-layout-flow-24.2.5.jar;C:\Users\Slobodan\.m2\repository\com\vaadin\vaadin-progress-bar-flow\24.2.5\vaadin-progress-bar-flow-24.2.5.jar;C:\Users\Slobodan\.m2\repository\com\vaadin\vaadin-radio-button-flow\24.2.5\vaadin-radio-button-flow-24.2.5.jar;C:\Users\Slobodan\.m2\repository\com\vaadin\vaadin-renderer-flow\24.2.5\vaadin-renderer-flow-24.2.5.jar;C:\Users\Slobodan\.m2\repository\com\vaadin\vaadin-split-layout-flow\24.2.5\vaadin-split-layout-flow-24.2.5.jar;C:\Users\Slobodan\.m2\repository\com\vaadin\vaadin-tabs-flow\24.2.5\vaadin-tabs-flow-24.2.5.jar;C:\Users\Slobodan\.m2\repository\com\vaadin\vaadin-text-field-flow\24.2.5\vaadin-text-field-flow-24.2.5.jar;C:\Users\Slobodan\.m2\repository\com\vaadin\vaadin-upload-flow\24.2.5\vaadin-upload-flow-24.2.5.jar;C:\Users\Slobodan\.m2\repository\com\vaadin\vaadin-notification-flow\24.2.5\vaadin-notification-flow-24.2.5.jar;C:\Users\Slobodan\.m2\repository\com\vaadin\vaadin-app-layout-flow\24.2.5\vaadin-app-layout-flow-24.2.5.jar;C:\Users\Slobodan\.m2\repository\com\vaadin\vaadin-context-menu-flow\24.2.5\vaadin-context-menu-flow-24.2.5.jar;C:\Users\Slobodan\.m2\repository\com\vaadin\vaadin-menu-bar-flow\24.2.5\vaadin-menu-bar-flow-24.2.5.jar;C:\Users\Slobodan\.m2\repository\com\vaadin\vaadin-dev\24.2.5\vaadin-dev-24.2.5.jar;C:\Users\Slobodan\.m2\repository\com\vaadin\vaadin-dev-server\24.2.4\vaadin-dev-server-24.2.4.jar;C:\Users\Slobodan\.m2\repository\com\vaadin\license-checker\1.12.3\license-checker-1.12.3.jar;C:\Users\Slobodan\.m2\repository\com\github\oshi\oshi-core\6.4.1\oshi-core-6.4.1.jar;C:\Users\Slobodan\.m2\repository\net\java\dev\jna\jna\5.13.0\jna-5.13.0.jar;C:\Users\Slobodan\.m2\repository\net\java\dev\jna\jna-platform\5.13.0\jna-platform-5.13.0.jar;C:\Users\Slobodan\.m2\repository\com\nimbusds\nimbus-jose-jwt\9.31\nimbus-jose-jwt-9.31.jar;C:\Users\Slobodan\.m2\repository\org\lucee\jcip-annotations\1.0.0\jcip-annotations-1.0.0.jar;C:\Users\Slobodan\.m2\repository\com\vaadin\open\8.5.0\open-8.5.0.jar;C:\Users\Slobodan\.m2\repository\com\github\javaparser\javaparser-core\3.25.5\javaparser-core-3.25.5.jar;C:\Users\Slobodan\.m2\repository\io\methvin\directory-watcher\0.18.0\directory-watcher-0.18.0.jar;C:\Users\Slobodan\.m2\repository\com\vaadin\vaadin-dev-bundle\24.2.5\vaadin-dev-bundle-24.2.5.jar;C:\Users\Slobodan\.m2\repository\org\springframework\boot\spring-boot-starter-web\3.1.7-SNAPSHOT\spring-boot-starter-web-3.1.7-20231212.154901-19.jar;C:\Users\Slobodan\.m2\repository\org\springframework\boot\spring-boot-starter-json\3.1.7-SNAPSHOT\spring-boot-starter-json-3.1.7-20231212.154901-19.jar;C:\Users\Slobodan\.m2\repository\com\fasterxml\jackson\datatype\jackson-datatype-jdk8\2.15.3\jackson-datatype-jdk8-2.15.3.jar;C:\Users\Slobodan\.m2\repository\com\fasterxml\jackson\module\jackson-module-parameter-names\2.15.3\jackson-module-parameter-names-2.15.3.jar;C:\Users\Slobodan\.m2\repository\org\springframework\boot\spring-boot-starter-tomcat\3.1.7-SNAPSHOT\spring-boot-starter-tomcat-3.1.7-20231212.154901-19.jar;C:\Users\Slobodan\.m2\repository\org\apache\tomcat\embed\tomcat-embed-core\10.1.16\tomcat-embed-core-10.1.16.jar;C:\Users\Slobodan\.m2\repository\org\apache\tomcat\embed\tomcat-embed-websocket\10.1.16\tomcat-embed-websocket-10.1.16.jar;C:\Users\Slobodan\.m2\repository\org\springframework\spring-web\6.0.15-SNAPSHOT\spring-web-6.0.15-20231212.180247-24.jar;C:\Users\Slobodan\.m2\repository\io\micrometer\micrometer-observation\1.11.7-SNAPSHOT\micrometer-observation-1.11.7-20231211.112532-10.jar;C:\Users\Slobodan\.m2\repository\io\micrometer\micrometer-commons\1.11.7-SNAPSHOT\micrometer-commons-1.11.7-20231211.112532-10.jar;C:\Users\Slobodan\.m2\repository\org\springframework\boot\spring-boot-devtools\3.1.7-SNAPSHOT\spring-boot-devtools-3.1.7-20231212.154901-19.jar;C:\Users\Slobodan\.m2\repository\org\springframework\boot\spring-boot\3.1.7-SNAPSHOT\spring-boot-3.1.7-20231212.154901-19.jar;C:\Users\Slobodan\.m2\repository\org\springframework\boot\spring-boot-autoconfigure\3.1.7-SNAPSHOT\spring-boot-autoconfigure-3.1.7-20231212.154901-19.jar;C:\Users\Slobodan\.m2\repository\jakarta\xml\bind\jakarta.xml.bind-api\4.0.1\jakarta.xml.bind-api-4.0.1.jar;C:\Users\Slobodan\.m2\repository\jakarta\activation\jakarta.activation-api\2.1.2\jakarta.activation-api-2.1.2.jar;C:\Users\Slobodan\.m2\repository\org\springframework\spring-core\6.0.15-SNAPSHOT\spring-core-6.0.15-20231212.180247-24.jar;C:\Users\Slobodan\.m2\repository\org\springframework\spring-jcl\6.0.15-SNAPSHOT\spring-jcl-6.0.15-20231212.180247-24.jar
Launcher Type: SUN_STANDARD

[Global flags]
     intx CICompilerCount                          = 4                                         {product} {ergonomic}
     uint ConcGCThreads                            = 2                                         {product} {ergonomic}
     uint G1ConcRefinementThreads                  = 8                                         {product} {ergonomic}
   size_t G1HeapRegionSize                         = 1048576                                   {product} {ergonomic}
    uintx GCDrainStackTargetSize                   = 64                                        {product} {ergonomic}
   size_t InitialHeapSize                          = 98566144                                  {product} {ergonomic}
   size_t MarkStackSize                            = 4194304                                   {product} {ergonomic}
   size_t MaxHeapSize                              = 1570766848                                {product} {ergonomic}
   size_t MaxNewSize                               = 941621248                                 {product} {ergonomic}
   size_t MinHeapDeltaBytes                        = 1048576                                   {product} {ergonomic}
   size_t MinHeapSize                              = 8388608                                   {product} {ergonomic}
    uintx NonNMethodCodeHeapSize                   = 5839372                                {pd product} {ergonomic}
    uintx NonProfiledCodeHeapSize                  = 122909434                              {pd product} {ergonomic}
    uintx ProfiledCodeHeapSize                     = 122909434                              {pd product} {ergonomic}
    uintx ReservedCodeCacheSize                    = 251658240                              {pd product} {ergonomic}
     bool SegmentedCodeCache                       = true                                      {product} {ergonomic}
   size_t SoftMaxHeapSize                          = 1570766848                             {manageable} {ergonomic}
     bool UseCompressedOops                        = true                           {product lp64_product} {ergonomic}
     bool UseG1GC                                  = true                                      {product} {ergonomic}
     bool UseLargePagesIndividualAllocation        = false                                  {pd product} {ergonomic}

Logging:
Log output configuration:
 #0: stdout all=warning uptime,level,tags foldmultilines=false
 #1: stderr all=off uptime,level,tags foldmultilines=false

Environment Variables:
PATH=C:\Windows\system32;C:\Windows;C:\Windows\System32\Wbem;C:\Windows\System32\WindowsPowerShell\v1.0\;C:\Windows\System32\OpenSSH\;C:\Users\Slobodan\AppData\Local\Microsoft\WindowsApps;D:\Users\Slobodan\AppData\Local\Programs\Git\cmd
USERNAME=Slobodan
OS=Windows_NT
PROCESSOR_IDENTIFIER=AMD64 Family 23 Model 104 Stepping 1, AuthenticAMD
TMP=C:\Users\Slobodan\AppData\Local\Temp
TEMP=C:\Users\Slobodan\AppData\Local\Temp




Periodic native trim disabled

---------------  S Y S T E M  ---------------

OS:
 Windows 10 , 64 bit Build 19041 (10.0.19041.3636)
OS uptime: 7 days 0:43 hours

CPU: total 8 (initial active 8) (8 cores per cpu, 2 threads per core) family 23 model 104 stepping 1 microcode 0x0, cx8, cmov, fxsr, ht, mmx, 3dnowpref, sse, sse2, sse3, ssse3, sse4a, sse4.1, sse4.2, popcnt, lzcnt, tsc, tscinvbit, avx, avx2, aes, clmul, bmi1, bmi2, adx, sha, fma, vzeroupper, clflush, clflushopt, rdtscp, rdpid, f16c
Processor Information for all 8 processors :
  Max Mhz: 2600, Current Mhz: 2600, Mhz Limit: 2600

Memory: 4k page, system-wide physical 5989M (226M free)
TotalPageFile size 19638M (AvailPageFile size 5M)
current process WorkingSet (physical memory assigned to process): 297M, peak: 299M
current process commit charge ("private bytes"): 413M, peak: 414M

vm_info: OpenJDK 64-Bit Server VM (21.0.1+12-29) for windows-amd64 JRE (21.0.1+12-29), built on 2023-10-05T13:27:09Z by "mach5one" with MS VC++ 17.1 (VS2022)

END.
