#
# There is insufficient memory for the Java Runtime Environment to continue.
# Native memory allocation (malloc) failed to allocate 1829536 bytes for Chunk::new
# Possible reasons:
#   The system is out of physical RAM or swap space
#   The process is running with CompressedOops enabled, and the Java Heap may be blocking the growth of the native heap
# Possible solutions:
#   Reduce memory load on the system
#   Increase physical memory or swap space
#   Check if swap backing store is full
#   Decrease Java heap size (-Xmx/-Xms)
#   Decrease number of Java threads
#   Decrease Java thread stack sizes (-Xss)
#   Set larger code cache with -XX:ReservedCodeCacheSize=
#   JVM is running with Unscaled Compressed Oops mode in which the Java heap is
#     placed in the first 4GB address space. The Java Heap base address is the
#     maximum limit for the native heap growth. Please use -XX:HeapBaseMinAddress
#     to set the Java Heap base and to place the Java Heap above 4GB virtual address.
# This output file may be truncated or incomplete.
#
#  Out of Memory Error (arena.cpp:168), pid=89096, tid=89228
#
# JRE version: OpenJDK Runtime Environment (21.0.1+12) (build 21.0.1+12-29)
# Java VM: OpenJDK 64-Bit Server VM (21.0.1+12-29, mixed mode, sharing, tiered, compressed oops, compressed class ptrs, g1 gc, windows-amd64)
# No core dump will be written. Minidumps are not enabled by default on client versions of Windows
#

---------------  S U M M A R Y ------------

Command Line: -javaagent:D:\Program Files\JetBrains\IntelliJ IDEA Community Edition 2023.2.5\lib\idea_rt.jar=54365:D:\Program Files\JetBrains\IntelliJ IDEA Community Edition 2023.2.5\bin -Dfile.encoding=UTF-8 -Dsun.stdout.encoding=UTF-8 -Dsun.stderr.encoding=UTF-8 com.example.notes.NotesApplication

Host: AMD Ryzen 3 5300U with Radeon Graphics         , 8 cores, 5G,  Windows 10 , 64 bit Build 19041 (10.0.19041.3636)
Time: Wed Dec 20 14:49:45 2023 Central Europe Standard Time elapsed time: 6.764242 seconds (0d 0h 0m 6s)

---------------  T H R E A D  ---------------

Current thread (0x000002145acce730):  JavaThread "C2 CompilerThread0" daemon [_thread_in_native, id=89228, stack(0x0000009461500000,0x0000009461600000) (1024K)]


Current CompileTask:
C2:   6764 4842       4       org.springframework.asm.ClassReader::accept (1401 bytes)

Stack: [0x0000009461500000,0x0000009461600000]
Native frames: (J=compiled Java code, j=interpreted, Vv=VM code, C=native code)
V  [jvm.dll+0x6c9029]
V  [jvm.dll+0x854b81]
V  [jvm.dll+0x856e5e]
V  [jvm.dll+0x857543]
V  [jvm.dll+0x280c06]
V  [jvm.dll+0xc3ead]
V  [jvm.dll+0xc43c3]
V  [jvm.dll+0x3b576c]
V  [jvm.dll+0x382475]
V  [jvm.dll+0x3818ea]
V  [jvm.dll+0x249ad0]
V  [jvm.dll+0x2490b1]
V  [jvm.dll+0x1c9ca1]
V  [jvm.dll+0x2586b9]
V  [jvm.dll+0x256c9a]
V  [jvm.dll+0x3ef1b6]
V  [jvm.dll+0x7fd728]
V  [jvm.dll+0x6c777d]
C  [ucrtbase.dll+0x21bb2]
C  [KERNEL32.DLL+0x17344]
C  [ntdll.dll+0x526b1]


---------------  P R O C E S S  ---------------

Threads class SMR info:
_java_thread_list=0x00000214a344fb00, length=16, elements={
0x000002143cc12870, 0x000002145acbaef0, 0x000002145acbdf30, 0x000002145acc3ed0,
0x000002145acc4bb0, 0x000002145acc7a30, 0x000002145accb990, 0x000002145acce730,
0x000002145acd91f0, 0x000002145ac8a490, 0x00000214a07a1cf0, 0x00000214a0381ee0,
0x00000214a097bad0, 0x00000214a0aec3c0, 0x00000214a3a57b40, 0x00000214a3a58860
}

Java Threads: ( => current thread )
  0x000002143cc12870 JavaThread "main"                              [_thread_blocked, id=93180, stack(0x0000009460700000,0x0000009460800000) (1024K)]
  0x000002145acbaef0 JavaThread "Reference Handler"          daemon [_thread_blocked, id=92912, stack(0x0000009460f00000,0x0000009461000000) (1024K)]
  0x000002145acbdf30 JavaThread "Finalizer"                  daemon [_thread_blocked, id=90396, stack(0x0000009461000000,0x0000009461100000) (1024K)]
  0x000002145acc3ed0 JavaThread "Signal Dispatcher"          daemon [_thread_blocked, id=94472, stack(0x0000009461100000,0x0000009461200000) (1024K)]
  0x000002145acc4bb0 JavaThread "Attach Listener"            daemon [_thread_blocked, id=89676, stack(0x0000009461200000,0x0000009461300000) (1024K)]
  0x000002145acc7a30 JavaThread "Service Thread"             daemon [_thread_blocked, id=94552, stack(0x0000009461300000,0x0000009461400000) (1024K)]
  0x000002145accb990 JavaThread "Monitor Deflation Thread"   daemon [_thread_blocked, id=93412, stack(0x0000009461400000,0x0000009461500000) (1024K)]
=>0x000002145acce730 JavaThread "C2 CompilerThread0"         daemon [_thread_in_native, id=89228, stack(0x0000009461500000,0x0000009461600000) (1024K)]
  0x000002145acd91f0 JavaThread "C1 CompilerThread0"         daemon [_thread_blocked, id=91140, stack(0x0000009461600000,0x0000009461700000) (1024K)]
  0x000002145ac8a490 JavaThread "Common-Cleaner"             daemon [_thread_blocked, id=93112, stack(0x0000009461700000,0x0000009461800000) (1024K)]
  0x00000214a07a1cf0 JavaThread "Monitor Ctrl-Break"         daemon [_thread_in_native, id=91432, stack(0x0000009461900000,0x0000009461a00000) (1024K)]
  0x00000214a0381ee0 JavaThread "Notification Thread"        daemon [_thread_blocked, id=86092, stack(0x0000009461a00000,0x0000009461b00000) (1024K)]
  0x00000214a097bad0 JavaThread "Thread-0"                          [_thread_blocked, id=82988, stack(0x0000009461f00000,0x0000009462000000) (1024K)]
  0x00000214a0aec3c0 JavaThread "restartedMain"                     [_thread_in_native, id=84540, stack(0x0000009462000000,0x0000009462100000) (1024K)]
  0x00000214a3a57b40 JavaThread "HikariPool-1 housekeeper"   daemon [_thread_blocked, id=91528, stack(0x0000009462500000,0x0000009462600000) (1024K)]
  0x00000214a3a58860 JavaThread "HikariPool-1 connection adder" daemon [_thread_blocked, id=55920, stack(0x0000009462600000,0x0000009462700000) (1024K)]
Total: 16

Other Threads:
  0x000002145ac9ffb0 VMThread "VM Thread"                           [id=86588, stack(0x0000009460e00000,0x0000009460f00000) (1024K)]
  0x000002145ac888a0 WatcherThread "VM Periodic Task Thread"        [id=80956, stack(0x0000009460d00000,0x0000009460e00000) (1024K)]
  0x000002143ceb9270 WorkerThread "GC Thread#0"                     [id=82456, stack(0x0000009460800000,0x0000009460900000) (1024K)]
  0x00000214a12896d0 WorkerThread "GC Thread#1"                     [id=94244, stack(0x0000009461b00000,0x0000009461c00000) (1024K)]
  0x00000214a0b11330 WorkerThread "GC Thread#2"                     [id=93316, stack(0x0000009461c00000,0x0000009461d00000) (1024K)]
  0x00000214a108ca40 WorkerThread "GC Thread#3"                     [id=93080, stack(0x0000009461d00000,0x0000009461e00000) (1024K)]
  0x00000214a098f990 WorkerThread "GC Thread#4"                     [id=94812, stack(0x0000009461e00000,0x0000009461f00000) (1024K)]
  0x00000214a15ac900 WorkerThread "GC Thread#5"                     [id=63000, stack(0x0000009462200000,0x0000009462300000) (1024K)]
  0x00000214a1498180 WorkerThread "GC Thread#6"                     [id=91876, stack(0x0000009462300000,0x0000009462400000) (1024K)]
  0x00000214a156a460 WorkerThread "GC Thread#7"                     [id=89772, stack(0x0000009462400000,0x0000009462500000) (1024K)]
  0x000002143cec5f40 ConcurrentGCThread "G1 Main Marker"            [id=86180, stack(0x0000009460900000,0x0000009460a00000) (1024K)]
  0x000002143cec8400 WorkerThread "G1 Conc#0"                       [id=88732, stack(0x0000009460a00000,0x0000009460b00000) (1024K)]
  0x00000214a16b0dc0 WorkerThread "G1 Conc#1"                       [id=93136, stack(0x0000009462100000,0x0000009462200000) (1024K)]
  0x000002143cf2eb90 ConcurrentGCThread "G1 Refine#0"               [id=94096, stack(0x0000009460b00000,0x0000009460c00000) (1024K)]
  0x000002145ab55c10 ConcurrentGCThread "G1 Service"                [id=78956, stack(0x0000009460c00000,0x0000009460d00000) (1024K)]
Total: 15

Threads with active compile tasks:
C2 CompilerThread0     6793 4842       4       org.springframework.asm.ClassReader::accept (1401 bytes)
Total: 1

VM state: not at safepoint (normal execution)

VM Mutex/Monitor currently owned by a thread: None

Heap address: 0x00000000a2600000, size: 1498 MB, Compressed Oops mode: 32-bit

CDS archive(s) mapped at: [0x000002145b000000-0x000002145bc90000-0x000002145bc90000), size 13172736, SharedBaseAddress: 0x000002145b000000, ArchiveRelocationMode: 1.
Compressed class space mapped at: 0x000002145c000000-0x000002149c000000, reserved size: 1073741824
Narrow klass base: 0x000002145b000000, Narrow klass shift: 0, Narrow klass range: 0x100000000

GC Precious Log:
 CardTable entry size: 512
 Card Set container configuration: InlinePtr #cards 5 size 8 Array Of Cards #cards 12 size 40 Howl #buckets 4 coarsen threshold 1843 Howl Bitmap #cards 512 size 80 coarsen threshold 460 Card regions per heap region 1 cards per card region 2048
 CPUs: 8 total, 8 available
 Memory: 5989M
 Large Page Support: Disabled
 NUMA Support: Disabled
 Compressed Oops: Enabled (32-bit)
 Heap Region Size: 1M
 Heap Min Capacity: 8M
 Heap Initial Capacity: 94M
 Heap Max Capacity: 1498M
 Pre-touch: Disabled
 Parallel Workers: 8
 Concurrent Workers: 2
 Concurrent Refinement Workers: 8
 Periodic GC: Disabled

Heap:
 garbage-first heap   total 187392K, used 66233K [0x00000000a2600000, 0x0000000100000000)
  region size 1024K, 21 young (21504K), 2 survivors (2048K)
 Metaspace       used 37685K, committed 38208K, reserved 1114112K
  class space    used 4719K, committed 4928K, reserved 1048576K

Heap Regions: E=young(eden), S=young(survivor), O=old, HS=humongous(starts), HC=humongous(continues), CS=collection set, F=free, TAMS=top-at-mark-start, PB=parsable bottom
|   0|0x00000000a2600000, 0x00000000a2700000, 0x00000000a2700000|100%|HS|  |TAMS 0x00000000a2600000| PB 0x00000000a2600000| Complete 
|   1|0x00000000a2700000, 0x00000000a2800000, 0x00000000a2800000|100%| O|  |TAMS 0x00000000a2700000| PB 0x00000000a2700000| Untracked 
|   2|0x00000000a2800000, 0x00000000a2900000, 0x00000000a2900000|100%| O|  |TAMS 0x00000000a2800000| PB 0x00000000a2800000| Untracked 
|   3|0x00000000a2900000, 0x00000000a2a00000, 0x00000000a2a00000|100%| O|  |TAMS 0x00000000a2900000| PB 0x00000000a2900000| Untracked 
|   4|0x00000000a2a00000, 0x00000000a2b00000, 0x00000000a2b00000|100%| O|  |TAMS 0x00000000a2a00000| PB 0x00000000a2a00000| Untracked 
|   5|0x00000000a2b00000, 0x00000000a2c00000, 0x00000000a2c00000|100%| O|  |TAMS 0x00000000a2b00000| PB 0x00000000a2b00000| Untracked 
|   6|0x00000000a2c00000, 0x00000000a2d00000, 0x00000000a2d00000|100%| O|  |TAMS 0x00000000a2c00000| PB 0x00000000a2c00000| Untracked 
|   7|0x00000000a2d00000, 0x00000000a2e00000, 0x00000000a2e00000|100%| O|  |TAMS 0x00000000a2d00000| PB 0x00000000a2d00000| Untracked 
|   8|0x00000000a2e00000, 0x00000000a2f00000, 0x00000000a2f00000|100%| O|  |TAMS 0x00000000a2e00000| PB 0x00000000a2e00000| Untracked 
|   9|0x00000000a2f00000, 0x00000000a3000000, 0x00000000a3000000|100%| O|  |TAMS 0x00000000a2f00000| PB 0x00000000a2f00000| Untracked 
|  10|0x00000000a3000000, 0x00000000a3100000, 0x00000000a3100000|100%| O|  |TAMS 0x00000000a3000000| PB 0x00000000a3000000| Untracked 
|  11|0x00000000a3100000, 0x00000000a3200000, 0x00000000a3200000|100%| O|  |TAMS 0x00000000a3100000| PB 0x00000000a3100000| Untracked 
|  12|0x00000000a3200000, 0x00000000a3300000, 0x00000000a3300000|100%| O|  |TAMS 0x00000000a3200000| PB 0x00000000a3200000| Untracked 
|  13|0x00000000a3300000, 0x00000000a3400000, 0x00000000a3400000|100%| O|  |TAMS 0x00000000a3300000| PB 0x00000000a3300000| Untracked 
|  14|0x00000000a3400000, 0x00000000a3500000, 0x00000000a3500000|100%| O|  |TAMS 0x00000000a3400000| PB 0x00000000a3400000| Untracked 
|  15|0x00000000a3500000, 0x00000000a3600000, 0x00000000a3600000|100%| O|  |TAMS 0x00000000a3500000| PB 0x00000000a3500000| Untracked 
|  16|0x00000000a3600000, 0x00000000a3700000, 0x00000000a3700000|100%| O|  |TAMS 0x00000000a3600000| PB 0x00000000a3600000| Untracked 
|  17|0x00000000a3700000, 0x00000000a3800000, 0x00000000a3800000|100%| O|  |TAMS 0x00000000a3700000| PB 0x00000000a3700000| Untracked 
|  18|0x00000000a3800000, 0x00000000a3900000, 0x00000000a3900000|100%| O|  |TAMS 0x00000000a3800000| PB 0x00000000a3800000| Untracked 
|  19|0x00000000a3900000, 0x00000000a3a00000, 0x00000000a3a00000|100%| O|  |TAMS 0x00000000a3900000| PB 0x00000000a3900000| Untracked 
|  20|0x00000000a3a00000, 0x00000000a3a00000, 0x00000000a3b00000|  0%| F|  |TAMS 0x00000000a3a00000| PB 0x00000000a3a00000| Untracked 
|  21|0x00000000a3b00000, 0x00000000a3c00000, 0x00000000a3c00000|100%| O|  |TAMS 0x00000000a3b00000| PB 0x00000000a3b00000| Untracked 
|  22|0x00000000a3c00000, 0x00000000a3d00000, 0x00000000a3d00000|100%| O|  |TAMS 0x00000000a3c00000| PB 0x00000000a3c00000| Untracked 
|  23|0x00000000a3d00000, 0x00000000a3e00000, 0x00000000a3e00000|100%| O|  |TAMS 0x00000000a3d00000| PB 0x00000000a3d00000| Untracked 
|  24|0x00000000a3e00000, 0x00000000a3e00000, 0x00000000a3f00000|  0%| F|  |TAMS 0x00000000a3e00000| PB 0x00000000a3e00000| Untracked 
|  25|0x00000000a3f00000, 0x00000000a4000000, 0x00000000a4000000|100%| O|  |TAMS 0x00000000a3f00000| PB 0x00000000a3f00000| Untracked 
|  26|0x00000000a4000000, 0x00000000a4000000, 0x00000000a4100000|  0%| F|  |TAMS 0x00000000a4000000| PB 0x00000000a4000000| Untracked 
|  27|0x00000000a4100000, 0x00000000a4100000, 0x00000000a4200000|  0%| F|  |TAMS 0x00000000a4100000| PB 0x00000000a4100000| Untracked 
|  28|0x00000000a4200000, 0x00000000a4300000, 0x00000000a4300000|100%| O|  |TAMS 0x00000000a4200000| PB 0x00000000a4200000| Untracked 
|  29|0x00000000a4300000, 0x00000000a4300000, 0x00000000a4400000|  0%| F|  |TAMS 0x00000000a4300000| PB 0x00000000a4300000| Untracked 
|  30|0x00000000a4400000, 0x00000000a4500000, 0x00000000a4500000|100%| O|  |TAMS 0x00000000a4400000| PB 0x00000000a4400000| Untracked 
|  31|0x00000000a4500000, 0x00000000a4600000, 0x00000000a4600000|100%| O|  |TAMS 0x00000000a4500000| PB 0x00000000a4500000| Untracked 
|  32|0x00000000a4600000, 0x00000000a4700000, 0x00000000a4700000|100%| O|  |TAMS 0x00000000a4600000| PB 0x00000000a4600000| Untracked 
|  33|0x00000000a4700000, 0x00000000a4800000, 0x00000000a4800000|100%| O|  |TAMS 0x00000000a4700000| PB 0x00000000a4700000| Untracked 
|  34|0x00000000a4800000, 0x00000000a4900000, 0x00000000a4900000|100%| O|  |TAMS 0x00000000a4800000| PB 0x00000000a4800000| Untracked 
|  35|0x00000000a4900000, 0x00000000a4a00000, 0x00000000a4a00000|100%| O|  |TAMS 0x00000000a4900000| PB 0x00000000a4900000| Untracked 
|  36|0x00000000a4a00000, 0x00000000a4b00000, 0x00000000a4b00000|100%| O|  |TAMS 0x00000000a4a00000| PB 0x00000000a4a00000| Untracked 
|  37|0x00000000a4b00000, 0x00000000a4b00000, 0x00000000a4c00000|  0%| F|  |TAMS 0x00000000a4b00000| PB 0x00000000a4b00000| Untracked 
|  38|0x00000000a4c00000, 0x00000000a4c00000, 0x00000000a4d00000|  0%| F|  |TAMS 0x00000000a4c00000| PB 0x00000000a4c00000| Untracked 
|  39|0x00000000a4d00000, 0x00000000a4e00000, 0x00000000a4e00000|100%| O|  |TAMS 0x00000000a4d00000| PB 0x00000000a4d00000| Untracked 
|  40|0x00000000a4e00000, 0x00000000a4f00000, 0x00000000a4f00000|100%| O|  |TAMS 0x00000000a4e00000| PB 0x00000000a4e00000| Untracked 
|  41|0x00000000a4f00000, 0x00000000a4f00000, 0x00000000a5000000|  0%| F|  |TAMS 0x00000000a4f00000| PB 0x00000000a4f00000| Untracked 
|  42|0x00000000a5000000, 0x00000000a5100000, 0x00000000a5100000|100%| O|  |TAMS 0x00000000a5000000| PB 0x00000000a5000000| Untracked 
|  43|0x00000000a5100000, 0x00000000a5200000, 0x00000000a5200000|100%| O|  |TAMS 0x00000000a5100000| PB 0x00000000a5100000| Untracked 
|  44|0x00000000a5200000, 0x00000000a5300000, 0x00000000a5300000|100%| O|  |TAMS 0x00000000a5200000| PB 0x00000000a5200000| Untracked 
|  45|0x00000000a5300000, 0x00000000a5400000, 0x00000000a5400000|100%| O|  |TAMS 0x00000000a5300000| PB 0x00000000a5300000| Untracked 
|  46|0x00000000a5400000, 0x00000000a5400000, 0x00000000a5500000|  0%| F|  |TAMS 0x00000000a5400000| PB 0x00000000a5400000| Untracked 
|  47|0x00000000a5500000, 0x00000000a5500000, 0x00000000a5600000|  0%| F|  |TAMS 0x00000000a5500000| PB 0x00000000a5500000| Untracked 
|  48|0x00000000a5600000, 0x00000000a5700000, 0x00000000a5700000|100%| O|  |TAMS 0x00000000a5600000| PB 0x00000000a5600000| Untracked 
|  49|0x00000000a5700000, 0x00000000a5800000, 0x00000000a5800000|100%| O|  |TAMS 0x00000000a5700000| PB 0x00000000a5700000| Untracked 
|  50|0x00000000a5800000, 0x00000000a5881980, 0x00000000a5900000| 50%| O|  |TAMS 0x00000000a5800000| PB 0x00000000a5800000| Untracked 
|  51|0x00000000a5900000, 0x00000000a5900000, 0x00000000a5a00000|  0%| F|  |TAMS 0x00000000a5900000| PB 0x00000000a5900000| Untracked 
|  52|0x00000000a5a00000, 0x00000000a5a00000, 0x00000000a5b00000|  0%| F|  |TAMS 0x00000000a5a00000| PB 0x00000000a5a00000| Untracked 
|  53|0x00000000a5b00000, 0x00000000a5b00000, 0x00000000a5c00000|  0%| F|  |TAMS 0x00000000a5b00000| PB 0x00000000a5b00000| Untracked 
|  54|0x00000000a5c00000, 0x00000000a5d00000, 0x00000000a5d00000|100%| O|  |TAMS 0x00000000a5c00000| PB 0x00000000a5c00000| Untracked 
|  55|0x00000000a5d00000, 0x00000000a5e00000, 0x00000000a5e00000|100%| O|  |TAMS 0x00000000a5d00000| PB 0x00000000a5d00000| Untracked 
|  56|0x00000000a5e00000, 0x00000000a5e00000, 0x00000000a5f00000|  0%| F|  |TAMS 0x00000000a5e00000| PB 0x00000000a5e00000| Untracked 
|  57|0x00000000a5f00000, 0x00000000a6000000, 0x00000000a6000000|100%| O|  |TAMS 0x00000000a5f00000| PB 0x00000000a5f00000| Untracked 
|  58|0x00000000a6000000, 0x00000000a6100000, 0x00000000a6100000|100%| O|  |TAMS 0x00000000a6000000| PB 0x00000000a6000000| Untracked 
|  59|0x00000000a6100000, 0x00000000a6100000, 0x00000000a6200000|  0%| F|  |TAMS 0x00000000a6100000| PB 0x00000000a6100000| Untracked 
|  60|0x00000000a6200000, 0x00000000a6300000, 0x00000000a6300000|100%| O|  |TAMS 0x00000000a6200000| PB 0x00000000a6200000| Untracked 
|  61|0x00000000a6300000, 0x00000000a6300000, 0x00000000a6400000|  0%| F|  |TAMS 0x00000000a6300000| PB 0x00000000a6300000| Untracked 
|  62|0x00000000a6400000, 0x00000000a6400000, 0x00000000a6500000|  0%| F|  |TAMS 0x00000000a6400000| PB 0x00000000a6400000| Untracked 
|  63|0x00000000a6500000, 0x00000000a6500000, 0x00000000a6600000|  0%| F|  |TAMS 0x00000000a6500000| PB 0x00000000a6500000| Untracked 
|  64|0x00000000a6600000, 0x00000000a6600000, 0x00000000a6700000|  0%| F|  |TAMS 0x00000000a6600000| PB 0x00000000a6600000| Untracked 
|  65|0x00000000a6700000, 0x00000000a6700000, 0x00000000a6800000|  0%| F|  |TAMS 0x00000000a6700000| PB 0x00000000a6700000| Untracked 
|  66|0x00000000a6800000, 0x00000000a6800000, 0x00000000a6900000|  0%| F|  |TAMS 0x00000000a6800000| PB 0x00000000a6800000| Untracked 
|  67|0x00000000a6900000, 0x00000000a6900000, 0x00000000a6a00000|  0%| F|  |TAMS 0x00000000a6900000| PB 0x00000000a6900000| Untracked 
|  68|0x00000000a6a00000, 0x00000000a6a00000, 0x00000000a6b00000|  0%| F|  |TAMS 0x00000000a6a00000| PB 0x00000000a6a00000| Untracked 
|  69|0x00000000a6b00000, 0x00000000a6b00000, 0x00000000a6c00000|  0%| F|  |TAMS 0x00000000a6b00000| PB 0x00000000a6b00000| Untracked 
|  70|0x00000000a6c00000, 0x00000000a6c00000, 0x00000000a6d00000|  0%| F|  |TAMS 0x00000000a6c00000| PB 0x00000000a6c00000| Untracked 
|  71|0x00000000a6d00000, 0x00000000a6d00000, 0x00000000a6e00000|  0%| F|  |TAMS 0x00000000a6d00000| PB 0x00000000a6d00000| Untracked 
|  72|0x00000000a6e00000, 0x00000000a6e2cb50, 0x00000000a6f00000| 17%| S|CS|TAMS 0x00000000a6e00000| PB 0x00000000a6e00000| Complete 
|  73|0x00000000a6f00000, 0x00000000a7000000, 0x00000000a7000000|100%| S|CS|TAMS 0x00000000a6f00000| PB 0x00000000a6f00000| Complete 
|  74|0x00000000a7000000, 0x00000000a7000000, 0x00000000a7100000|  0%| F|  |TAMS 0x00000000a7000000| PB 0x00000000a7000000| Untracked 
|  75|0x00000000a7100000, 0x00000000a7100000, 0x00000000a7200000|  0%| F|  |TAMS 0x00000000a7100000| PB 0x00000000a7100000| Untracked 
|  76|0x00000000a7200000, 0x00000000a7200000, 0x00000000a7300000|  0%| F|  |TAMS 0x00000000a7200000| PB 0x00000000a7200000| Untracked 
|  77|0x00000000a7300000, 0x00000000a7300000, 0x00000000a7400000|  0%| F|  |TAMS 0x00000000a7300000| PB 0x00000000a7300000| Untracked 
|  78|0x00000000a7400000, 0x00000000a7400000, 0x00000000a7500000|  0%| F|  |TAMS 0x00000000a7400000| PB 0x00000000a7400000| Untracked 
|  79|0x00000000a7500000, 0x00000000a7500000, 0x00000000a7600000|  0%| F|  |TAMS 0x00000000a7500000| PB 0x00000000a7500000| Untracked 
|  80|0x00000000a7600000, 0x00000000a7600000, 0x00000000a7700000|  0%| F|  |TAMS 0x00000000a7600000| PB 0x00000000a7600000| Untracked 
|  81|0x00000000a7700000, 0x00000000a7700000, 0x00000000a7800000|  0%| F|  |TAMS 0x00000000a7700000| PB 0x00000000a7700000| Untracked 
|  82|0x00000000a7800000, 0x00000000a7800000, 0x00000000a7900000|  0%| F|  |TAMS 0x00000000a7800000| PB 0x00000000a7800000| Untracked 
|  83|0x00000000a7900000, 0x00000000a7900000, 0x00000000a7a00000|  0%| F|  |TAMS 0x00000000a7900000| PB 0x00000000a7900000| Untracked 
|  84|0x00000000a7a00000, 0x00000000a7a00000, 0x00000000a7b00000|  0%| F|  |TAMS 0x00000000a7a00000| PB 0x00000000a7a00000| Untracked 
|  85|0x00000000a7b00000, 0x00000000a7b00000, 0x00000000a7c00000|  0%| F|  |TAMS 0x00000000a7b00000| PB 0x00000000a7b00000| Untracked 
|  86|0x00000000a7c00000, 0x00000000a7c00000, 0x00000000a7d00000|  0%| F|  |TAMS 0x00000000a7c00000| PB 0x00000000a7c00000| Untracked 
|  87|0x00000000a7d00000, 0x00000000a7d00000, 0x00000000a7e00000|  0%| F|  |TAMS 0x00000000a7d00000| PB 0x00000000a7d00000| Untracked 
|  88|0x00000000a7e00000, 0x00000000a7e00000, 0x00000000a7f00000|  0%| F|  |TAMS 0x00000000a7e00000| PB 0x00000000a7e00000| Untracked 
|  89|0x00000000a7f00000, 0x00000000a7f00000, 0x00000000a8000000|  0%| F|  |TAMS 0x00000000a7f00000| PB 0x00000000a7f00000| Untracked 
|  90|0x00000000a8000000, 0x00000000a8000000, 0x00000000a8100000|  0%| F|  |TAMS 0x00000000a8000000| PB 0x00000000a8000000| Untracked 
|  91|0x00000000a8100000, 0x00000000a8100000, 0x00000000a8200000|  0%| F|  |TAMS 0x00000000a8100000| PB 0x00000000a8100000| Untracked 
|  92|0x00000000a8200000, 0x00000000a8200000, 0x00000000a8300000|  0%| F|  |TAMS 0x00000000a8200000| PB 0x00000000a8200000| Untracked 
|  93|0x00000000a8300000, 0x00000000a8300000, 0x00000000a8400000|  0%| F|  |TAMS 0x00000000a8300000| PB 0x00000000a8300000| Untracked 
|  94|0x00000000a8400000, 0x00000000a8400000, 0x00000000a8500000|  0%| F|  |TAMS 0x00000000a8400000| PB 0x00000000a8400000| Untracked 
|  95|0x00000000a8500000, 0x00000000a8500000, 0x00000000a8600000|  0%| F|  |TAMS 0x00000000a8500000| PB 0x00000000a8500000| Untracked 
|  96|0x00000000a8600000, 0x00000000a8600000, 0x00000000a8700000|  0%| F|  |TAMS 0x00000000a8600000| PB 0x00000000a8600000| Untracked 
|  97|0x00000000a8700000, 0x00000000a8700000, 0x00000000a8800000|  0%| F|  |TAMS 0x00000000a8700000| PB 0x00000000a8700000| Untracked 
|  98|0x00000000a8800000, 0x00000000a8800000, 0x00000000a8900000|  0%| F|  |TAMS 0x00000000a8800000| PB 0x00000000a8800000| Untracked 
|  99|0x00000000a8900000, 0x00000000a8900000, 0x00000000a8a00000|  0%| F|  |TAMS 0x00000000a8900000| PB 0x00000000a8900000| Untracked 
| 100|0x00000000a8a00000, 0x00000000a8a00000, 0x00000000a8b00000|  0%| F|  |TAMS 0x00000000a8a00000| PB 0x00000000a8a00000| Untracked 
| 101|0x00000000a8b00000, 0x00000000a8b00000, 0x00000000a8c00000|  0%| F|  |TAMS 0x00000000a8b00000| PB 0x00000000a8b00000| Untracked 
| 102|0x00000000a8c00000, 0x00000000a8c00000, 0x00000000a8d00000|  0%| F|  |TAMS 0x00000000a8c00000| PB 0x00000000a8c00000| Untracked 
| 103|0x00000000a8d00000, 0x00000000a8d00000, 0x00000000a8e00000|  0%| F|  |TAMS 0x00000000a8d00000| PB 0x00000000a8d00000| Untracked 
| 104|0x00000000a8e00000, 0x00000000a8e00000, 0x00000000a8f00000|  0%| F|  |TAMS 0x00000000a8e00000| PB 0x00000000a8e00000| Untracked 
| 105|0x00000000a8f00000, 0x00000000a8f00000, 0x00000000a9000000|  0%| F|  |TAMS 0x00000000a8f00000| PB 0x00000000a8f00000| Untracked 
| 106|0x00000000a9000000, 0x00000000a9000000, 0x00000000a9100000|  0%| F|  |TAMS 0x00000000a9000000| PB 0x00000000a9000000| Untracked 
| 107|0x00000000a9100000, 0x00000000a9100000, 0x00000000a9200000|  0%| F|  |TAMS 0x00000000a9100000| PB 0x00000000a9100000| Untracked 
| 108|0x00000000a9200000, 0x00000000a9200000, 0x00000000a9300000|  0%| F|  |TAMS 0x00000000a9200000| PB 0x00000000a9200000| Untracked 
| 109|0x00000000a9300000, 0x00000000a9300000, 0x00000000a9400000|  0%| F|  |TAMS 0x00000000a9300000| PB 0x00000000a9300000| Untracked 
| 110|0x00000000a9400000, 0x00000000a9400000, 0x00000000a9500000|  0%| F|  |TAMS 0x00000000a9400000| PB 0x00000000a9400000| Untracked 
| 111|0x00000000a9500000, 0x00000000a9500000, 0x00000000a9600000|  0%| F|  |TAMS 0x00000000a9500000| PB 0x00000000a9500000| Untracked 
| 112|0x00000000a9600000, 0x00000000a9600000, 0x00000000a9700000|  0%| F|  |TAMS 0x00000000a9600000| PB 0x00000000a9600000| Untracked 
| 113|0x00000000a9700000, 0x00000000a9700000, 0x00000000a9800000|  0%| F|  |TAMS 0x00000000a9700000| PB 0x00000000a9700000| Untracked 
| 114|0x00000000a9800000, 0x00000000a9800000, 0x00000000a9900000|  0%| F|  |TAMS 0x00000000a9800000| PB 0x00000000a9800000| Untracked 
| 115|0x00000000a9900000, 0x00000000a9900000, 0x00000000a9a00000|  0%| F|  |TAMS 0x00000000a9900000| PB 0x00000000a9900000| Untracked 
| 116|0x00000000a9a00000, 0x00000000a9a00000, 0x00000000a9b00000|  0%| F|  |TAMS 0x00000000a9a00000| PB 0x00000000a9a00000| Untracked 
| 117|0x00000000a9b00000, 0x00000000a9b00000, 0x00000000a9c00000|  0%| F|  |TAMS 0x00000000a9b00000| PB 0x00000000a9b00000| Untracked 
| 118|0x00000000a9c00000, 0x00000000a9c00000, 0x00000000a9d00000|  0%| F|  |TAMS 0x00000000a9c00000| PB 0x00000000a9c00000| Untracked 
| 119|0x00000000a9d00000, 0x00000000a9d00000, 0x00000000a9e00000|  0%| F|  |TAMS 0x00000000a9d00000| PB 0x00000000a9d00000| Untracked 
| 120|0x00000000a9e00000, 0x00000000a9e00000, 0x00000000a9f00000|  0%| F|  |TAMS 0x00000000a9e00000| PB 0x00000000a9e00000| Untracked 
| 121|0x00000000a9f00000, 0x00000000a9f00000, 0x00000000aa000000|  0%| F|  |TAMS 0x00000000a9f00000| PB 0x00000000a9f00000| Untracked 
| 122|0x00000000aa000000, 0x00000000aa000000, 0x00000000aa100000|  0%| F|  |TAMS 0x00000000aa000000| PB 0x00000000aa000000| Untracked 
| 123|0x00000000aa100000, 0x00000000aa100000, 0x00000000aa200000|  0%| F|  |TAMS 0x00000000aa100000| PB 0x00000000aa100000| Untracked 
| 124|0x00000000aa200000, 0x00000000aa200000, 0x00000000aa300000|  0%| F|  |TAMS 0x00000000aa200000| PB 0x00000000aa200000| Untracked 
| 125|0x00000000aa300000, 0x00000000aa300000, 0x00000000aa400000|  0%| F|  |TAMS 0x00000000aa300000| PB 0x00000000aa300000| Untracked 
| 126|0x00000000aa400000, 0x00000000aa400000, 0x00000000aa500000|  0%| F|  |TAMS 0x00000000aa400000| PB 0x00000000aa400000| Untracked 
| 127|0x00000000aa500000, 0x00000000aa500000, 0x00000000aa600000|  0%| F|  |TAMS 0x00000000aa500000| PB 0x00000000aa500000| Untracked 
| 128|0x00000000aa600000, 0x00000000aa600000, 0x00000000aa700000|  0%| F|  |TAMS 0x00000000aa600000| PB 0x00000000aa600000| Untracked 
| 129|0x00000000aa700000, 0x00000000aa700000, 0x00000000aa800000|  0%| F|  |TAMS 0x00000000aa700000| PB 0x00000000aa700000| Untracked 
| 130|0x00000000aa800000, 0x00000000aa800000, 0x00000000aa900000|  0%| F|  |TAMS 0x00000000aa800000| PB 0x00000000aa800000| Untracked 
| 131|0x00000000aa900000, 0x00000000aa900000, 0x00000000aaa00000|  0%| F|  |TAMS 0x00000000aa900000| PB 0x00000000aa900000| Untracked 
| 132|0x00000000aaa00000, 0x00000000aaa00000, 0x00000000aab00000|  0%| F|  |TAMS 0x00000000aaa00000| PB 0x00000000aaa00000| Untracked 
| 133|0x00000000aab00000, 0x00000000aab00000, 0x00000000aac00000|  0%| F|  |TAMS 0x00000000aab00000| PB 0x00000000aab00000| Untracked 
| 134|0x00000000aac00000, 0x00000000aac00000, 0x00000000aad00000|  0%| F|  |TAMS 0x00000000aac00000| PB 0x00000000aac00000| Untracked 
| 135|0x00000000aad00000, 0x00000000aad00000, 0x00000000aae00000|  0%| F|  |TAMS 0x00000000aad00000| PB 0x00000000aad00000| Untracked 
| 136|0x00000000aae00000, 0x00000000aae00000, 0x00000000aaf00000|  0%| F|  |TAMS 0x00000000aae00000| PB 0x00000000aae00000| Untracked 
| 137|0x00000000aaf00000, 0x00000000aaf00000, 0x00000000ab000000|  0%| F|  |TAMS 0x00000000aaf00000| PB 0x00000000aaf00000| Untracked 
| 138|0x00000000ab000000, 0x00000000ab000000, 0x00000000ab100000|  0%| F|  |TAMS 0x00000000ab000000| PB 0x00000000ab000000| Untracked 
| 139|0x00000000ab100000, 0x00000000ab100000, 0x00000000ab200000|  0%| F|  |TAMS 0x00000000ab100000| PB 0x00000000ab100000| Untracked 
| 140|0x00000000ab200000, 0x00000000ab200000, 0x00000000ab300000|  0%| F|  |TAMS 0x00000000ab200000| PB 0x00000000ab200000| Untracked 
| 141|0x00000000ab300000, 0x00000000ab300000, 0x00000000ab400000|  0%| F|  |TAMS 0x00000000ab300000| PB 0x00000000ab300000| Untracked 
| 142|0x00000000ab400000, 0x00000000ab400000, 0x00000000ab500000|  0%| F|  |TAMS 0x00000000ab400000| PB 0x00000000ab400000| Untracked 
| 143|0x00000000ab500000, 0x00000000ab500000, 0x00000000ab600000|  0%| F|  |TAMS 0x00000000ab500000| PB 0x00000000ab500000| Untracked 
| 144|0x00000000ab600000, 0x00000000ab600000, 0x00000000ab700000|  0%| F|  |TAMS 0x00000000ab600000| PB 0x00000000ab600000| Untracked 
| 145|0x00000000ab700000, 0x00000000ab700000, 0x00000000ab800000|  0%| F|  |TAMS 0x00000000ab700000| PB 0x00000000ab700000| Untracked 
| 146|0x00000000ab800000, 0x00000000ab800000, 0x00000000ab900000|  0%| F|  |TAMS 0x00000000ab800000| PB 0x00000000ab800000| Untracked 
| 147|0x00000000ab900000, 0x00000000ab900000, 0x00000000aba00000|  0%| F|  |TAMS 0x00000000ab900000| PB 0x00000000ab900000| Untracked 
| 148|0x00000000aba00000, 0x00000000aba00000, 0x00000000abb00000|  0%| F|  |TAMS 0x00000000aba00000| PB 0x00000000aba00000| Untracked 
| 149|0x00000000abb00000, 0x00000000abb00000, 0x00000000abc00000|  0%| F|  |TAMS 0x00000000abb00000| PB 0x00000000abb00000| Untracked 
| 150|0x00000000abc00000, 0x00000000abc00000, 0x00000000abd00000|  0%| F|  |TAMS 0x00000000abc00000| PB 0x00000000abc00000| Untracked 
| 151|0x00000000abd00000, 0x00000000abd00000, 0x00000000abe00000|  0%| F|  |TAMS 0x00000000abd00000| PB 0x00000000abd00000| Untracked 
| 152|0x00000000abe00000, 0x00000000abe00000, 0x00000000abf00000|  0%| F|  |TAMS 0x00000000abe00000| PB 0x00000000abe00000| Untracked 
| 153|0x00000000abf00000, 0x00000000abf00000, 0x00000000ac000000|  0%| F|  |TAMS 0x00000000abf00000| PB 0x00000000abf00000| Untracked 
| 154|0x00000000ac000000, 0x00000000ac000000, 0x00000000ac100000|  0%| F|  |TAMS 0x00000000ac000000| PB 0x00000000ac000000| Untracked 
| 155|0x00000000ac100000, 0x00000000ac100000, 0x00000000ac200000|  0%| F|  |TAMS 0x00000000ac100000| PB 0x00000000ac100000| Untracked 
| 156|0x00000000ac200000, 0x00000000ac200000, 0x00000000ac300000|  0%| F|  |TAMS 0x00000000ac200000| PB 0x00000000ac200000| Untracked 
| 157|0x00000000ac300000, 0x00000000ac300000, 0x00000000ac400000|  0%| F|  |TAMS 0x00000000ac300000| PB 0x00000000ac300000| Untracked 
| 158|0x00000000ac400000, 0x00000000ac400000, 0x00000000ac500000|  0%| F|  |TAMS 0x00000000ac400000| PB 0x00000000ac400000| Untracked 
| 159|0x00000000ac500000, 0x00000000ac500000, 0x00000000ac600000|  0%| F|  |TAMS 0x00000000ac500000| PB 0x00000000ac500000| Untracked 
| 160|0x00000000ac600000, 0x00000000ac600000, 0x00000000ac700000|  0%| F|  |TAMS 0x00000000ac600000| PB 0x00000000ac600000| Untracked 
| 161|0x00000000ac700000, 0x00000000ac700000, 0x00000000ac800000|  0%| F|  |TAMS 0x00000000ac700000| PB 0x00000000ac700000| Untracked 
| 162|0x00000000ac800000, 0x00000000ac800000, 0x00000000ac900000|  0%| F|  |TAMS 0x00000000ac800000| PB 0x00000000ac800000| Untracked 
| 163|0x00000000ac900000, 0x00000000ac980800, 0x00000000aca00000| 50%| E|  |TAMS 0x00000000ac900000| PB 0x00000000ac900000| Complete 
| 164|0x00000000aca00000, 0x00000000acb00000, 0x00000000acb00000|100%| E|CS|TAMS 0x00000000aca00000| PB 0x00000000aca00000| Complete 
| 165|0x00000000acb00000, 0x00000000acc00000, 0x00000000acc00000|100%| E|CS|TAMS 0x00000000acb00000| PB 0x00000000acb00000| Complete 
| 166|0x00000000acc00000, 0x00000000acd00000, 0x00000000acd00000|100%| E|CS|TAMS 0x00000000acc00000| PB 0x00000000acc00000| Complete 
| 167|0x00000000acd00000, 0x00000000ace00000, 0x00000000ace00000|100%| E|CS|TAMS 0x00000000acd00000| PB 0x00000000acd00000| Complete 
| 168|0x00000000ace00000, 0x00000000acf00000, 0x00000000acf00000|100%| E|CS|TAMS 0x00000000ace00000| PB 0x00000000ace00000| Complete 
| 169|0x00000000acf00000, 0x00000000ad000000, 0x00000000ad000000|100%| E|CS|TAMS 0x00000000acf00000| PB 0x00000000acf00000| Complete 
| 170|0x00000000ad000000, 0x00000000ad100000, 0x00000000ad100000|100%| E|CS|TAMS 0x00000000ad000000| PB 0x00000000ad000000| Complete 
| 171|0x00000000ad100000, 0x00000000ad200000, 0x00000000ad200000|100%| E|CS|TAMS 0x00000000ad100000| PB 0x00000000ad100000| Complete 
| 172|0x00000000ad200000, 0x00000000ad300000, 0x00000000ad300000|100%| E|CS|TAMS 0x00000000ad200000| PB 0x00000000ad200000| Complete 
| 173|0x00000000ad300000, 0x00000000ad400000, 0x00000000ad400000|100%| E|CS|TAMS 0x00000000ad300000| PB 0x00000000ad300000| Complete 
| 174|0x00000000ad400000, 0x00000000ad500000, 0x00000000ad500000|100%| E|CS|TAMS 0x00000000ad400000| PB 0x00000000ad400000| Complete 
| 175|0x00000000ad500000, 0x00000000ad600000, 0x00000000ad600000|100%| E|CS|TAMS 0x00000000ad500000| PB 0x00000000ad500000| Complete 
| 176|0x00000000ad600000, 0x00000000ad700000, 0x00000000ad700000|100%| E|CS|TAMS 0x00000000ad600000| PB 0x00000000ad600000| Complete 
| 177|0x00000000ad700000, 0x00000000ad800000, 0x00000000ad800000|100%| E|CS|TAMS 0x00000000ad700000| PB 0x00000000ad700000| Complete 
| 178|0x00000000ad800000, 0x00000000ad900000, 0x00000000ad900000|100%| E|CS|TAMS 0x00000000ad800000| PB 0x00000000ad800000| Complete 
| 179|0x00000000ad900000, 0x00000000ada00000, 0x00000000ada00000|100%| E|CS|TAMS 0x00000000ad900000| PB 0x00000000ad900000| Complete 
| 180|0x00000000ada00000, 0x00000000adb00000, 0x00000000adb00000|100%| E|CS|TAMS 0x00000000ada00000| PB 0x00000000ada00000| Complete 
| 181|0x00000000adb00000, 0x00000000adc00000, 0x00000000adc00000|100%| E|CS|TAMS 0x00000000adb00000| PB 0x00000000adb00000| Complete 
| 182|0x00000000adc00000, 0x00000000add00000, 0x00000000add00000|100%| E|CS|TAMS 0x00000000adc00000| PB 0x00000000adc00000| Complete 

Card table byte_map: [0x00000214567e0000,0x0000021456ad0000] _byte_map_base: 0x00000214562cd000

Marking Bits: (CMBitMap*) 0x000002143ceb9970
 Bits: [0x0000021456ad0000, 0x0000021458238000)

Polling page: 0x000002143cf30000

Metaspace:

Usage:
  Non-class:     32.19 MB used.
      Class:      4.61 MB used.
       Both:     36.80 MB used.

Virtual space:
  Non-class space:       64.00 MB reserved,      32.50 MB ( 51%) committed,  1 nodes.
      Class space:        1.00 GB reserved,       4.81 MB ( <1%) committed,  1 nodes.
             Both:        1.06 GB reserved,      37.31 MB (  3%) committed. 

Chunk freelists:
   Non-Class:  15.45 MB
       Class:  11.19 MB
        Both:  26.64 MB

MaxMetaspaceSize: unlimited
CompressedClassSpaceSize: 1.00 GB
Initial GC threshold: 21.00 MB
Current GC threshold: 61.56 MB
CDS: on
 - commit_granule_bytes: 65536.
 - commit_granule_words: 8192.
 - virtual_space_node_default_size: 8388608.
 - enlarge_chunks_in_place: 1.
 - use_allocation_guard: 0.


Internal statistics:

num_allocs_failed_limit: 6.
num_arena_births: 650.
num_arena_deaths: 0.
num_vsnodes_births: 2.
num_vsnodes_deaths: 0.
num_space_committed: 597.
num_space_uncommitted: 0.
num_chunks_returned_to_freelist: 6.
num_chunks_taken_from_freelist: 2024.
num_chunk_merges: 6.
num_chunk_splits: 1359.
num_chunks_enlarged: 977.
num_inconsistent_stats: 0.

CodeHeap 'non-profiled nmethods': size=120000Kb used=2710Kb max_used=2710Kb free=117289Kb
 bounds [0x000002144e550000, 0x000002144e810000, 0x0000021455a80000]
CodeHeap 'profiled nmethods': size=120000Kb used=7943Kb max_used=9279Kb free=112056Kb
 bounds [0x0000021446a80000, 0x00000214473b0000, 0x000002144dfb0000]
CodeHeap 'non-nmethods': size=5760Kb used=1522Kb max_used=1573Kb free=4237Kb
 bounds [0x000002144dfb0000, 0x000002144e220000, 0x000002144e550000]
 total_blobs=4597 nmethods=4001 adapters=500
 compilation: enabled
              stopped_count=0, restarted_count=0
 full_count=0

Compilation events (20 events):
Event: 6.600 Thread 0x000002145acce730 nmethod 4841 0x000002144e647c90 code [0x000002144e647e20, 0x000002144e648028]
Event: 6.600 Thread 0x000002145acce730 4821       4       org.springframework.util.ClassUtils::convertClassNameToResourcePath (15 bytes)
Event: 6.607 Thread 0x000002145acce730 nmethod 4821 0x000002144e6fda90 code [0x000002144e6fdc40, 0x000002144e6fe200]
Event: 6.607 Thread 0x000002145acce730 4779       4       org.springframework.core.annotation.TypeMappedAnnotations::isDirectlyPresent (39 bytes)
Event: 6.608 Thread 0x000002145acce730 nmethod 4779 0x000002144e6fd710 code [0x000002144e6fd8a0, 0x000002144e6fd970]
Event: 6.608 Thread 0x000002145acce730 4751   !   4       org.springframework.core.type.classreading.SimpleMetadataReaderFactory::getMetadataReader (104 bytes)
Event: 6.635 Thread 0x000002145acce730 nmethod 4751 0x000002144e6fa810 code [0x000002144e6fab20, 0x000002144e6fc0c8]
Event: 6.635 Thread 0x000002145acce730 4842       4       org.springframework.asm.ClassReader::accept (1401 bytes)
Event: 6.647 Thread 0x000002145acd91f0 4845       2       org.springframework.core.io.ClassPathResource::exists (13 bytes)
Event: 6.647 Thread 0x000002145acd91f0 nmethod 4845 0x0000021446bb1e90 code [0x0000021446bb2040, 0x0000021446bb2180]
Event: 6.647 Thread 0x000002145acd91f0 4846       2       org.apache.catalina.webresources.AbstractResourceSet::checkPath (46 bytes)
Event: 6.648 Thread 0x000002145acd91f0 nmethod 4846 0x0000021446cf5590 code [0x0000021446cf5780, 0x0000021446cf5c20]
Event: 6.737 Thread 0x000002145acd91f0 4848       2       org.springframework.core.type.classreading.MergedAnnotationReadingVisitor$ArrayVisitor::visitEnd (42 bytes)
Event: 6.738 Thread 0x000002145acd91f0 nmethod 4848 0x0000021446cf3510 code [0x0000021446cf3700, 0x0000021446cf3940]
Event: 6.738 Thread 0x000002145acd91f0 4849       2       org.springframework.core.type.classreading.MergedAnnotationReadingVisitor$ArrayVisitor::getComponentType (48 bytes)
Event: 6.738 Thread 0x000002145acd91f0 nmethod 4849 0x0000021446cb2410 code [0x0000021446cb2600, 0x0000021446cb28e8]
Event: 6.738 Thread 0x000002145acd91f0 4850       2       org.springframework.core.type.classreading.MergedAnnotationReadingVisitor$$Lambda/0x000002145c255270::accept (16 bytes)
Event: 6.738 Thread 0x000002145acd91f0 nmethod 4850 0x0000021446b55d10 code [0x0000021446b55ec0, 0x0000021446b56050]
Event: 6.738 Thread 0x000002145acd91f0 4851       2       org.springframework.core.type.classreading.MergedAnnotationReadingVisitor::lambda$visitArray$2 (13 bytes)
Event: 6.738 Thread 0x000002145acd91f0 nmethod 4851 0x0000021446bc2790 code [0x0000021446bc2940, 0x0000021446bc2a78]

GC Heap History (20 events):
Event: 4.478 GC heap before
{Heap before GC invocations=12 (full 0):
 garbage-first heap   total 51200K, used 44330K [0x00000000a2600000, 0x0000000100000000)
  region size 1024K, 20 young (20480K), 3 survivors (3072K)
 Metaspace       used 37292K, committed 37824K, reserved 1114112K
  class space    used 4679K, committed 4928K, reserved 1048576K
}
Event: 4.481 GC heap after
{Heap after GC invocations=13 (full 0):
 garbage-first heap   total 68608K, used 29883K [0x00000000a2600000, 0x0000000100000000)
  region size 1024K, 3 young (3072K), 3 survivors (3072K)
 Metaspace       used 37292K, committed 37824K, reserved 1114112K
  class space    used 4679K, committed 4928K, reserved 1048576K
}
Event: 4.531 GC heap before
{Heap before GC invocations=14 (full 0):
 garbage-first heap   total 68608K, used 57531K [0x00000000a2600000, 0x0000000100000000)
  region size 1024K, 30 young (30720K), 3 survivors (3072K)
 Metaspace       used 37292K, committed 37824K, reserved 1114112K
  class space    used 4679K, committed 4928K, reserved 1048576K
}
Event: 4.534 GC heap after
{Heap after GC invocations=15 (full 0):
 garbage-first heap   total 68608K, used 33984K [0x00000000a2600000, 0x0000000100000000)
  region size 1024K, 4 young (4096K), 4 survivors (4096K)
 Metaspace       used 37292K, committed 37824K, reserved 1114112K
  class space    used 4679K, committed 4928K, reserved 1048576K
}
Event: 4.567 GC heap before
{Heap before GC invocations=15 (full 0):
 garbage-first heap   total 68608K, used 58560K [0x00000000a2600000, 0x0000000100000000)
  region size 1024K, 28 young (28672K), 4 survivors (4096K)
 Metaspace       used 37292K, committed 37824K, reserved 1114112K
  class space    used 4679K, committed 4928K, reserved 1048576K
}
Event: 4.570 GC heap after
{Heap after GC invocations=16 (full 0):
 garbage-first heap   total 68608K, used 37434K [0x00000000a2600000, 0x0000000100000000)
  region size 1024K, 4 young (4096K), 4 survivors (4096K)
 Metaspace       used 37292K, committed 37824K, reserved 1114112K
  class space    used 4679K, committed 4928K, reserved 1048576K
}
Event: 4.609 GC heap before
{Heap before GC invocations=16 (full 0):
 garbage-first heap   total 68608K, used 59962K [0x00000000a2600000, 0x0000000100000000)
  region size 1024K, 26 young (26624K), 4 survivors (4096K)
 Metaspace       used 37294K, committed 37824K, reserved 1114112K
  class space    used 4679K, committed 4928K, reserved 1048576K
}
Event: 4.612 GC heap after
{Heap after GC invocations=17 (full 0):
 garbage-first heap   total 68608K, used 40771K [0x00000000a2600000, 0x0000000100000000)
  region size 1024K, 4 young (4096K), 4 survivors (4096K)
 Metaspace       used 37294K, committed 37824K, reserved 1114112K
  class space    used 4679K, committed 4928K, reserved 1048576K
}
Event: 4.641 GC heap before
{Heap before GC invocations=17 (full 0):
 garbage-first heap   total 99328K, used 59203K [0x00000000a2600000, 0x0000000100000000)
  region size 1024K, 22 young (22528K), 4 survivors (4096K)
 Metaspace       used 37294K, committed 37824K, reserved 1114112K
  class space    used 4679K, committed 4928K, reserved 1048576K
}
Event: 4.643 GC heap after
{Heap after GC invocations=18 (full 0):
 garbage-first heap   total 99328K, used 43707K [0x00000000a2600000, 0x0000000100000000)
  region size 1024K, 3 young (3072K), 3 survivors (3072K)
 Metaspace       used 37294K, committed 37824K, reserved 1114112K
  class space    used 4679K, committed 4928K, reserved 1048576K
}
Event: 5.444 GC heap before
{Heap before GC invocations=19 (full 0):
 garbage-first heap   total 99328K, used 83643K [0x00000000a2600000, 0x0000000100000000)
  region size 1024K, 43 young (44032K), 3 survivors (3072K)
 Metaspace       used 37309K, committed 37888K, reserved 1114112K
  class space    used 4680K, committed 4928K, reserved 1048576K
}
Event: 5.452 GC heap after
{Heap after GC invocations=20 (full 0):
 garbage-first heap   total 99328K, used 54171K [0x00000000a2600000, 0x0000000100000000)
  region size 1024K, 6 young (6144K), 6 survivors (6144K)
 Metaspace       used 37309K, committed 37888K, reserved 1114112K
  class space    used 4680K, committed 4928K, reserved 1048576K
}
Event: 5.561 GC heap before
{Heap before GC invocations=20 (full 0):
 garbage-first heap   total 99328K, used 83867K [0x00000000a2600000, 0x0000000100000000)
  region size 1024K, 35 young (35840K), 6 survivors (6144K)
 Metaspace       used 37355K, committed 37888K, reserved 1114112K
  class space    used 4687K, committed 4928K, reserved 1048576K
}
Event: 5.565 GC heap after
{Heap after GC invocations=21 (full 0):
 garbage-first heap   total 99328K, used 56278K [0x00000000a2600000, 0x0000000100000000)
  region size 1024K, 2 young (2048K), 2 survivors (2048K)
 Metaspace       used 37355K, committed 37888K, reserved 1114112K
  class space    used 4687K, committed 4928K, reserved 1048576K
}
Event: 5.694 GC heap before
{Heap before GC invocations=21 (full 0):
 garbage-first heap   total 99328K, used 84950K [0x00000000a2600000, 0x0000000100000000)
  region size 1024K, 30 young (30720K), 2 survivors (2048K)
 Metaspace       used 37430K, committed 37952K, reserved 1114112K
  class space    used 4697K, committed 4928K, reserved 1048576K
}
Event: 5.696 GC heap after
{Heap after GC invocations=22 (full 0):
 garbage-first heap   total 187392K, used 55906K [0x00000000a2600000, 0x0000000100000000)
  region size 1024K, 2 young (2048K), 2 survivors (2048K)
 Metaspace       used 37430K, committed 37952K, reserved 1114112K
  class space    used 4697K, committed 4928K, reserved 1048576K
}
Event: 6.226 GC heap before
{Heap before GC invocations=23 (full 0):
 garbage-first heap   total 187392K, used 155234K [0x00000000a2600000, 0x0000000100000000)
  region size 1024K, 99 young (101376K), 2 survivors (2048K)
 Metaspace       used 37584K, committed 38080K, reserved 1114112K
  class space    used 4710K, committed 4928K, reserved 1048576K
}
Event: 6.228 GC heap after
{Heap after GC invocations=24 (full 0):
 garbage-first heap   total 187392K, used 55337K [0x00000000a2600000, 0x0000000100000000)
  region size 1024K, 1 young (1024K), 1 survivors (1024K)
 Metaspace       used 37584K, committed 38080K, reserved 1114112K
  class space    used 4710K, committed 4928K, reserved 1048576K
}
Event: 6.701 GC heap before
{Heap before GC invocations=24 (full 0):
 garbage-first heap   total 187392K, used 165929K [0x00000000a2600000, 0x0000000100000000)
  region size 1024K, 109 young (111616K), 1 survivors (1024K)
 Metaspace       used 37683K, committed 38208K, reserved 1114112K
  class space    used 4719K, committed 4928K, reserved 1048576K
}
Event: 6.705 GC heap after
{Heap after GC invocations=25 (full 0):
 garbage-first heap   total 187392K, used 47801K [0x00000000a2600000, 0x0000000100000000)
  region size 1024K, 2 young (2048K), 2 survivors (2048K)
 Metaspace       used 37683K, committed 38208K, reserved 1114112K
  class space    used 4719K, committed 4928K, reserved 1048576K
}

Dll operation events (14 events):
Event: 0.013 Loaded shared library C:\Users\Slobodan\.jdks\openjdk-21.0.1\bin\java.dll
Event: 0.061 Loaded shared library C:\Users\Slobodan\.jdks\openjdk-21.0.1\bin\jsvml.dll
Event: 0.243 Loaded shared library C:\Users\Slobodan\.jdks\openjdk-21.0.1\bin\zip.dll
Event: 0.246 Loaded shared library C:\Users\Slobodan\.jdks\openjdk-21.0.1\bin\instrument.dll
Event: 0.251 Loaded shared library C:\Users\Slobodan\.jdks\openjdk-21.0.1\bin\net.dll
Event: 0.253 Loaded shared library C:\Users\Slobodan\.jdks\openjdk-21.0.1\bin\nio.dll
Event: 0.259 Loaded shared library C:\Users\Slobodan\.jdks\openjdk-21.0.1\bin\zip.dll
Event: 0.394 Loaded shared library D:\Program Files\JetBrains\IntelliJ IDEA Community Edition 2023.2.5\bin\breakgen64.dll
Event: 0.404 Loaded shared library C:\Users\Slobodan\.jdks\openjdk-21.0.1\bin\extnet.dll
Event: 0.447 Loaded shared library C:\Users\Slobodan\.jdks\openjdk-21.0.1\bin\jimage.dll
Event: 0.812 Loaded shared library C:\Users\Slobodan\.jdks\openjdk-21.0.1\bin\management.dll
Event: 0.814 Loaded shared library C:\Users\Slobodan\.jdks\openjdk-21.0.1\bin\management_ext.dll
Event: 3.472 Loaded shared library C:\Users\Slobodan\.jdks\openjdk-21.0.1\bin\sunmscapi.dll
Event: 4.296 Loaded shared library C:\Users\Slobodan\.jdks\openjdk-21.0.1\bin\verify.dll

Deoptimization events (20 events):
Event: 5.676 Thread 0x00000214a0aec3c0 DEOPT PACKING pc=0x0000021446f768dd sp=0x00000094620fd370
Event: 5.676 Thread 0x00000214a0aec3c0 DEOPT UNPACKING pc=0x000002144e004e42 sp=0x00000094620fc820 mode 0
Event: 5.678 Thread 0x00000214a0aec3c0 DEOPT PACKING pc=0x0000021446c99595 sp=0x00000094620fca30
Event: 5.679 Thread 0x00000214a0aec3c0 DEOPT UNPACKING pc=0x000002144e004e42 sp=0x00000094620fbef8 mode 0
Event: 5.692 Thread 0x00000214a0aec3c0 DEOPT PACKING pc=0x0000021446f768dd sp=0x00000094620fd370
Event: 5.692 Thread 0x00000214a0aec3c0 DEOPT UNPACKING pc=0x000002144e004e42 sp=0x00000094620fc820 mode 0
Event: 5.709 Thread 0x00000214a0aec3c0 DEOPT PACKING pc=0x0000021446f768dd sp=0x00000094620fd370
Event: 5.709 Thread 0x00000214a0aec3c0 DEOPT UNPACKING pc=0x000002144e004e42 sp=0x00000094620fc820 mode 0
Event: 5.719 Thread 0x00000214a0aec3c0 Uncommon trap: trap_request=0xffffff45 fr.pc=0x000002144e5e1010 relative=0x0000000000000070
Event: 5.719 Thread 0x00000214a0aec3c0 Uncommon trap: reason=unstable_if action=reinterpret pc=0x000002144e5e1010 method=java.lang.ref.ReferenceQueue.poll()Ljava/lang/ref/Reference; @ 4 c2
Event: 5.719 Thread 0x00000214a0aec3c0 DEOPT PACKING pc=0x000002144e5e1010 sp=0x00000094620fcea0
Event: 5.719 Thread 0x00000214a0aec3c0 DEOPT UNPACKING pc=0x000002144e0046a2 sp=0x00000094620fce28 mode 2
Event: 5.726 Thread 0x00000214a0aec3c0 DEOPT PACKING pc=0x0000021446c99595 sp=0x00000094620fca30
Event: 5.726 Thread 0x00000214a0aec3c0 DEOPT UNPACKING pc=0x000002144e004e42 sp=0x00000094620fbef8 mode 0
Event: 5.726 Thread 0x00000214a0aec3c0 DEOPT PACKING pc=0x0000021446f768dd sp=0x00000094620fd370
Event: 5.726 Thread 0x00000214a0aec3c0 DEOPT UNPACKING pc=0x000002144e004e42 sp=0x00000094620fc820 mode 0
Event: 5.747 Thread 0x00000214a0aec3c0 Uncommon trap: trap_request=0xffffffad fr.pc=0x000002144e7e4c14 relative=0x0000000000006254
Event: 5.747 Thread 0x00000214a0aec3c0 Uncommon trap: reason=uninitialized action=reinterpret pc=0x000002144e7e4c14 method=org.springframework.core.type.classreading.SimpleMetadataReaderFactory.getMetadataReader(Ljava/lang/String;)Lorg/springframework/core/type/classreading/MetadataReader; @ 5
Event: 5.747 Thread 0x00000214a0aec3c0 DEOPT PACKING pc=0x000002144e7e4c14 sp=0x00000094620fd430
Event: 5.747 Thread 0x00000214a0aec3c0 DEOPT UNPACKING pc=0x000002144e0046a2 sp=0x00000094620fd340 mode 2

Classes loaded (20 events):
Event: 5.864 Loading class java/awt/MenuContainer done
Event: 5.865 Loading class java/awt/Component done
Event: 5.932 Loading class javax/xml/namespace/NamespaceContext
Event: 5.932 Loading class javax/xml/namespace/NamespaceContext done
Event: 6.030 Loading class javax/xml/transform/stream/StreamSource
Event: 6.030 Loading class javax/xml/transform/stream/StreamSource done
Event: 6.077 Loading class java/util/concurrent/CancellationException
Event: 6.078 Loading class java/util/concurrent/CancellationException done
Event: 6.288 Loading class javax/net/ServerSocketFactory
Event: 6.289 Loading class javax/net/ServerSocketFactory done
Event: 6.289 Loading class javax/net/SocketFactory
Event: 6.289 Loading class javax/net/SocketFactory done
Event: 6.335 Loading class javax/naming/spi/InitialContextFactory
Event: 6.335 Loading class javax/naming/spi/InitialContextFactory done
Event: 6.447 Loading class java/net/Authenticator
Event: 6.448 Loading class java/net/Authenticator done
Event: 6.548 Loading class java/util/concurrent/CompletableFuture
Event: 6.549 Loading class java/util/concurrent/CompletionStage
Event: 6.549 Loading class java/util/concurrent/CompletionStage done
Event: 6.549 Loading class java/util/concurrent/CompletableFuture done

Classes unloaded (0 events):
No events

Classes redefined (0 events):
No events

Internal exceptions (20 events):
Event: 3.219 Thread 0x00000214a0aec3c0 Exception <a 'java/lang/NoSuchMethodError'{0x00000000a4b8f598}: 'java.lang.Object java.lang.invoke.DirectMethodHandle$Holder.newInvokeSpecial(java.lang.Object, java.lang.Object, java.lang.Object, int)'> (0x00000000a4b8f598) 
thrown [s\open\src\hotspot\share\interpreter\linkResolver.cpp, line 773]
Event: 3.220 Thread 0x00000214a0aec3c0 Exception <a 'java/lang/NoSuchMethodError'{0x00000000a4b93388}: 'java.lang.Object java.lang.invoke.DirectMethodHandle$Holder.invokeSpecial(java.lang.Object, java.lang.Object, java.lang.Object, java.lang.Object, int)'> (0x00000000a4b93388) 
thrown [s\open\src\hotspot\share\interpreter\linkResolver.cpp, line 773]
Event: 3.220 Thread 0x00000214a0aec3c0 Exception <a 'java/lang/NoSuchMethodError'{0x00000000a4b96810}: 'java.lang.Object java.lang.invoke.Invokers$Holder.linkToTargetMethod(java.lang.Object, java.lang.Object, int, java.lang.Object)'> (0x00000000a4b96810) 
thrown [s\open\src\hotspot\share\interpreter\linkResolver.cpp, line 773]
Event: 3.334 Thread 0x00000214a0aec3c0 Exception <a 'java/lang/NoSuchMethodError'{0x00000000a475fe98}: 'java.lang.Object java.lang.invoke.DirectMethodHandle$Holder.invokeStaticInit(java.lang.Object, int, int, int, int)'> (0x00000000a475fe98) 
thrown [s\open\src\hotspot\share\interpreter\linkResolver.cpp, line 773]
Event: 3.352 Thread 0x00000214a0aec3c0 Exception <a 'java/lang/NoSuchMethodError'{0x00000000a47eb518}: 'java.lang.Object java.lang.invoke.DirectMethodHandle$Holder.invokeStaticInit(java.lang.Object, java.lang.Object, int, int, int, int)'> (0x00000000a47eb518) 
thrown [s\open\src\hotspot\share\interpreter\linkResolver.cpp, line 773]
Event: 3.409 Thread 0x00000214a0aec3c0 Exception <a 'java/lang/NoSuchMethodError'{0x00000000a443a948}: 'int java.lang.invoke.DirectMethodHandle$Holder.invokeVirtual(java.lang.Object, java.lang.Object, java.lang.Object, java.lang.Object)'> (0x00000000a443a948) 
thrown [s\open\src\hotspot\share\interpreter\linkResolver.cpp, line 773]
Event: 3.409 Thread 0x00000214a0aec3c0 Exception <a 'java/lang/NoSuchMethodError'{0x00000000a443e1c8}: 'int java.lang.invoke.DelegatingMethodHandle$Holder.reinvoke_L(java.lang.Object, java.lang.Object, java.lang.Object, java.lang.Object)'> (0x00000000a443e1c8) 
thrown [s\open\src\hotspot\share\interpreter\linkResolver.cpp, line 773]
Event: 3.607 Thread 0x00000214a0aec3c0 Exception <a 'java/io/FileNotFoundException'{0x00000000a5097250}> (0x00000000a5097250) 
thrown [s\open\src\hotspot\share\prims\jni.cpp, line 520]
Event: 3.645 Thread 0x00000214a0aec3c0 Exception <a 'java/lang/NoSuchMethodError'{0x00000000a4d12170}: 'int java.lang.invoke.DirectMethodHandle$Holder.invokeInterface(java.lang.Object, java.lang.Object, java.lang.Object, java.lang.Object)'> (0x00000000a4d12170) 
thrown [s\open\src\hotspot\share\interpreter\linkResolver.cpp, line 773]
Event: 3.654 Thread 0x00000214a0aec3c0 Exception <a 'java/lang/NoSuchMethodError'{0x00000000a4d78aa0}: 'void java.lang.invoke.Invokers$Holder.invokeExact_MT(java.lang.Object, java.lang.Object, java.lang.Object, java.lang.Object)'> (0x00000000a4d78aa0) 
thrown [s\open\src\hotspot\share\interpreter\linkResolver.cpp, line 773]
Event: 3.837 Thread 0x00000214a0aec3c0 Exception <a 'java/lang/NoSuchMethodError'{0x00000000a46fa650}: 'void java.lang.invoke.DirectMethodHandle$Holder.invokeStaticInit(java.lang.Object, java.lang.Object, java.lang.Object, java.lang.Object, java.lang.Object)'> (0x00000000a46fa650) 
thrown [s\open\src\hotspot\share\interpreter\linkResolver.cpp, line 773]
Event: 3.994 Thread 0x00000214a0aec3c0 Exception <a 'java/lang/NoSuchMethodError'{0x00000000a83abb70}: 'java.lang.Object java.lang.invoke.DirectMethodHandle$Holder.invokeStaticInit(java.lang.Object, java.lang.Object, java.lang.Object, java.lang.Object)'> (0x00000000a83abb70) 
thrown [s\open\src\hotspot\share\interpreter\linkResolver.cpp, line 773]
Event: 4.063 Thread 0x00000214a0aec3c0 Exception <a 'java/lang/NoSuchMethodError'{0x00000000a54a5ff8}: 'long java.lang.invoke.DirectMethodHandle$Holder.invokeVirtual(java.lang.Object, java.lang.Object)'> (0x00000000a54a5ff8) 
thrown [s\open\src\hotspot\share\interpreter\linkResolver.cpp, line 773]
Event: 4.246 Thread 0x00000214a0aec3c0 Exception <a 'java/lang/NoSuchMethodError'{0x00000000a448ec58}: 'java.lang.Object java.lang.invoke.DirectMethodHandle$Holder.newInvokeSpecial(java.lang.Object, java.lang.Object, int)'> (0x00000000a448ec58) 
thrown [s\open\src\hotspot\share\interpreter\linkResolver.cpp, line 773]
Event: 4.312 Thread 0x00000214a0aec3c0 Exception <a 'java/io/FileNotFoundException'{0x00000000a5165ce0}> (0x00000000a5165ce0) 
thrown [s\open\src\hotspot\share\prims\jni.cpp, line 520]
Event: 4.312 Thread 0x00000214a0aec3c0 Exception <a 'java/io/FileNotFoundException'{0x00000000a51670c0}> (0x00000000a51670c0) 
thrown [s\open\src\hotspot\share\prims\jni.cpp, line 520]
Event: 4.312 Thread 0x00000214a0aec3c0 Exception <a 'java/io/FileNotFoundException'{0x00000000a516fda0}> (0x00000000a516fda0) 
thrown [s\open\src\hotspot\share\prims\jni.cpp, line 520]
Event: 4.313 Thread 0x00000214a0aec3c0 Exception <a 'java/io/FileNotFoundException'{0x00000000a51711d8}> (0x00000000a51711d8) 
thrown [s\open\src\hotspot\share\prims\jni.cpp, line 520]
Event: 4.316 Thread 0x00000214a0aec3c0 Implicit null exception at 0x000002144e5816a4 to 0x000002144e581cfc
Event: 4.316 Thread 0x00000214a0aec3c0 Implicit null exception at 0x000002144e5987a0 to 0x000002144e598dec

ZGC Phase Switch (0 events):
No events

VM Operations (20 events):
Event: 4.637 Executing VM operation: G1PauseRemark
Event: 4.639 Executing VM operation: G1PauseRemark done
Event: 4.641 Executing VM operation: G1CollectForAllocation (G1 Evacuation Pause)
Event: 4.643 Executing VM operation: G1CollectForAllocation (G1 Evacuation Pause) done
Event: 4.652 Executing VM operation: G1PauseCleanup
Event: 4.652 Executing VM operation: G1PauseCleanup done
Event: 5.444 Executing VM operation: G1CollectForAllocation (G1 Evacuation Pause)
Event: 5.452 Executing VM operation: G1CollectForAllocation (G1 Evacuation Pause) done
Event: 5.561 Executing VM operation: G1CollectForAllocation (G1 Evacuation Pause)
Event: 5.565 Executing VM operation: G1CollectForAllocation (G1 Evacuation Pause) done
Event: 5.694 Executing VM operation: G1CollectForAllocation (G1 Evacuation Pause)
Event: 5.696 Executing VM operation: G1CollectForAllocation (G1 Evacuation Pause) done
Event: 5.717 Executing VM operation: G1PauseRemark
Event: 5.719 Executing VM operation: G1PauseRemark done
Event: 5.731 Executing VM operation: G1PauseCleanup
Event: 5.731 Executing VM operation: G1PauseCleanup done
Event: 6.226 Executing VM operation: G1CollectForAllocation (G1 Evacuation Pause)
Event: 6.228 Executing VM operation: G1CollectForAllocation (G1 Evacuation Pause) done
Event: 6.701 Executing VM operation: G1CollectForAllocation (G1 Evacuation Pause)
Event: 6.705 Executing VM operation: G1CollectForAllocation (G1 Evacuation Pause) done

Events (20 events):
Event: 4.639 Thread 0x000002145ac9ffb0 flushing nmethod 0x000002144e6f9a90
Event: 4.639 Thread 0x000002145ac9ffb0 flushing nmethod 0x000002144e627c90
Event: 4.639 Thread 0x000002145ac9ffb0 flushing nmethod 0x000002144e5c6b10
Event: 4.639 Thread 0x000002145ac9ffb0 flushing nmethod 0x000002144e581490
Event: 4.639 Thread 0x000002145ac9ffb0 flushing nmethod 0x000002144e598590
Event: 5.348 Thread 0x00000214a00f0210 Thread exited: 0x00000214a00f0210
Event: 5.718 Thread 0x000002145ac9ffb0 flushing nmethod 0x000002144735ff90
Event: 5.718 Thread 0x000002145ac9ffb0 flushing nmethod 0x00000214470fa090
Event: 5.718 Thread 0x000002145ac9ffb0 flushing nmethod 0x0000021446e46b90
Event: 5.718 Thread 0x000002145ac9ffb0 flushing nmethod 0x0000021446e46090
Event: 5.718 Thread 0x000002145ac9ffb0 flushing nmethod 0x0000021446e3fd10
Event: 5.718 Thread 0x000002145ac9ffb0 flushing nmethod 0x0000021446ce7b10
Event: 5.718 Thread 0x000002145ac9ffb0 flushing nmethod 0x0000021446cace10
Event: 5.718 Thread 0x000002145ac9ffb0 flushing nmethod 0x0000021446cab710
Event: 5.718 Thread 0x000002145ac9ffb0 flushing nmethod 0x0000021446c25c10
Event: 5.718 Thread 0x000002145ac9ffb0 flushing nmethod 0x0000021446c23210
Event: 5.718 Thread 0x000002145ac9ffb0 flushing nmethod 0x0000021446c22110
Event: 5.718 Thread 0x000002145ac9ffb0 flushing nmethod 0x0000021446ba6910
Event: 5.718 Thread 0x000002145ac9ffb0 flushing nmethod 0x0000021446b55d10
Event: 5.718 Thread 0x000002145ac9ffb0 flushing nmethod 0x0000021446b18790


Dynamic libraries:
0x00007ff684b20000 - 0x00007ff684b2e000 	C:\Users\Slobodan\.jdks\openjdk-21.0.1\bin\java.exe
0x00007ffa108b0000 - 0x00007ffa10aa8000 	C:\Windows\SYSTEM32\ntdll.dll
0x00007ff9ea490000 - 0x00007ff9ea4a9000 	C:\Program Files\Avast Software\Avast\aswhook.dll
0x00007ffa0f7f0000 - 0x00007ffa0f8ad000 	C:\Windows\System32\KERNEL32.DLL
0x00007ffa0e0f0000 - 0x00007ffa0e3e6000 	C:\Windows\System32\KERNELBASE.dll
0x00007ffa0e550000 - 0x00007ffa0e650000 	C:\Windows\System32\ucrtbase.dll
0x00007ffa09430000 - 0x00007ffa09448000 	C:\Users\Slobodan\.jdks\openjdk-21.0.1\bin\jli.dll
0x00007ffa092b0000 - 0x00007ffa092cb000 	C:\Users\Slobodan\.jdks\openjdk-21.0.1\bin\VCRUNTIME140.dll
0x00007ffa0fd10000 - 0x00007ffa0feae000 	C:\Windows\System32\USER32.dll
0x00007ffa0e6c0000 - 0x00007ffa0e6e2000 	C:\Windows\System32\win32u.dll
0x00007ff9f15d0000 - 0x00007ff9f186a000 	C:\Windows\WinSxS\amd64_microsoft.windows.common-controls_6595b64144ccf1df_6.0.19041.3636_none_60b6a03d71f818d5\COMCTL32.dll
0x00007ffa0f2a0000 - 0x00007ffa0f2cc000 	C:\Windows\System32\GDI32.dll
0x00007ffa0f8b0000 - 0x00007ffa0f94e000 	C:\Windows\System32\msvcrt.dll
0x00007ffa0e7f0000 - 0x00007ffa0e90a000 	C:\Windows\System32\gdi32full.dll
0x00007ffa0e3f0000 - 0x00007ffa0e48d000 	C:\Windows\System32\msvcp_win.dll
0x00007ffa0f370000 - 0x00007ffa0f3a0000 	C:\Windows\System32\IMM32.DLL
0x00007ffa09570000 - 0x00007ffa0957c000 	C:\Users\Slobodan\.jdks\openjdk-21.0.1\bin\vcruntime140_1.dll
0x00007ff9fa340000 - 0x00007ff9fa3ce000 	C:\Users\Slobodan\.jdks\openjdk-21.0.1\bin\msvcp140.dll
0x00007ff9b4c40000 - 0x00007ff9b5955000 	C:\Users\Slobodan\.jdks\openjdk-21.0.1\bin\server\jvm.dll
0x00007ffa0ec40000 - 0x00007ffa0ecef000 	C:\Windows\System32\ADVAPI32.dll
0x00007ffa0f2d0000 - 0x00007ffa0f36c000 	C:\Windows\System32\sechost.dll
0x00007ffa0f400000 - 0x00007ffa0f526000 	C:\Windows\System32\RPCRT4.dll
0x00007ffa0e910000 - 0x00007ffa0e97b000 	C:\Windows\System32\WS2_32.dll
0x00007ffa0ddf0000 - 0x00007ffa0de3b000 	C:\Windows\SYSTEM32\POWRPROF.dll
0x00007ffa05c00000 - 0x00007ffa05c0a000 	C:\Windows\SYSTEM32\VERSION.dll
0x00007ff9f9ba0000 - 0x00007ff9f9bc7000 	C:\Windows\SYSTEM32\WINMM.dll
0x00007ffa0dd20000 - 0x00007ffa0dd32000 	C:\Windows\SYSTEM32\UMPDC.dll
0x00007ffa0c7e0000 - 0x00007ffa0c7f2000 	C:\Windows\SYSTEM32\kernel.appcore.dll
0x00007ffa08fb0000 - 0x00007ffa08fba000 	C:\Users\Slobodan\.jdks\openjdk-21.0.1\bin\jimage.dll
0x00007ffa0be20000 - 0x00007ffa0c004000 	C:\Windows\SYSTEM32\DBGHELP.DLL
0x00007ffa05a70000 - 0x00007ffa05aa4000 	C:\Windows\SYSTEM32\dbgcore.DLL
0x00007ffa0e4c0000 - 0x00007ffa0e542000 	C:\Windows\System32\bcryptPrimitives.dll
0x00007ffa07fb0000 - 0x00007ffa07fbf000 	C:\Users\Slobodan\.jdks\openjdk-21.0.1\bin\instrument.dll
0x00007ffa07fc0000 - 0x00007ffa07fdf000 	C:\Users\Slobodan\.jdks\openjdk-21.0.1\bin\java.dll
0x00007ffa0ffd0000 - 0x00007ffa10715000 	C:\Windows\System32\SHELL32.dll
0x00007ffa0c030000 - 0x00007ffa0c7cb000 	C:\Windows\SYSTEM32\windows.storage.dll
0x00007ffa0f950000 - 0x00007ffa0fca4000 	C:\Windows\System32\combase.dll
0x00007ffa0d960000 - 0x00007ffa0d98d000 	C:\Windows\SYSTEM32\Wldp.dll
0x00007ffa0ea00000 - 0x00007ffa0eaad000 	C:\Windows\System32\SHCORE.dll
0x00007ffa10720000 - 0x00007ffa10775000 	C:\Windows\System32\shlwapi.dll
0x00007ffa0dec0000 - 0x00007ffa0dee5000 	C:\Windows\SYSTEM32\profapi.dll
0x00007ff9e7b00000 - 0x00007ff9e7bd7000 	C:\Users\Slobodan\.jdks\openjdk-21.0.1\bin\jsvml.dll
0x00007ffa07e70000 - 0x00007ffa07e88000 	C:\Users\Slobodan\.jdks\openjdk-21.0.1\bin\zip.dll
0x00007ffa08fa0000 - 0x00007ffa08fb0000 	C:\Users\Slobodan\.jdks\openjdk-21.0.1\bin\net.dll
0x00007ffa066d0000 - 0x00007ffa067da000 	C:\Windows\SYSTEM32\WINHTTP.dll
0x00007ffa0d660000 - 0x00007ffa0d6ca000 	C:\Windows\system32\mswsock.dll
0x00007ffa07f10000 - 0x00007ffa07f26000 	C:\Users\Slobodan\.jdks\openjdk-21.0.1\bin\nio.dll
0x00007ff9f5c20000 - 0x00007ff9f5c3a000 	D:\Program Files\JetBrains\IntelliJ IDEA Community Edition 2023.2.5\bin\breakgen64.dll
0x00007ffa053b0000 - 0x00007ffa053b7000 	C:\Users\Slobodan\.jdks\openjdk-21.0.1\bin\extnet.dll
0x00007ffa06d80000 - 0x00007ffa06d8a000 	C:\Users\Slobodan\.jdks\openjdk-21.0.1\bin\management.dll
0x00007ffa06d70000 - 0x00007ffa06d7b000 	C:\Users\Slobodan\.jdks\openjdk-21.0.1\bin\management_ext.dll
0x00007ffa0ecf0000 - 0x00007ffa0ecf8000 	C:\Windows\System32\PSAPI.DLL
0x00007ffa0d860000 - 0x00007ffa0d878000 	C:\Windows\SYSTEM32\CRYPTSP.dll
0x00007ffa0cf90000 - 0x00007ffa0cfc4000 	C:\Windows\system32\rsaenh.dll
0x00007ffa0e490000 - 0x00007ffa0e4b7000 	C:\Windows\System32\bcrypt.dll
0x00007ffa0de40000 - 0x00007ffa0de6e000 	C:\Windows\SYSTEM32\USERENV.dll
0x00007ffa0d850000 - 0x00007ffa0d85c000 	C:\Windows\SYSTEM32\CRYPTBASE.dll
0x00007ffa0d350000 - 0x00007ffa0d38b000 	C:\Windows\SYSTEM32\IPHLPAPI.DLL
0x00007ffa0f7e0000 - 0x00007ffa0f7e8000 	C:\Windows\System32\NSI.dll
0x00007ffa06d60000 - 0x00007ffa06d6e000 	C:\Users\Slobodan\.jdks\openjdk-21.0.1\bin\sunmscapi.dll
0x00007ffa0df90000 - 0x00007ffa0e0ed000 	C:\Windows\System32\CRYPT32.dll
0x00007ffa0d9d0000 - 0x00007ffa0d9f7000 	C:\Windows\SYSTEM32\ncrypt.dll
0x00007ffa0d990000 - 0x00007ffa0d9cb000 	C:\Windows\SYSTEM32\NTASN1.dll
0x00007ffa06d90000 - 0x00007ffa06da0000 	C:\Users\Slobodan\.jdks\openjdk-21.0.1\bin\verify.dll

dbghelp: loaded successfully - version: 4.0.5 - missing functions: none
symbol engine: initialized successfully - sym options: 0x614 - pdb path: .;C:\Users\Slobodan\.jdks\openjdk-21.0.1\bin;C:\Windows\SYSTEM32;C:\Program Files\Avast Software\Avast;C:\Windows\WinSxS\amd64_microsoft.windows.common-controls_6595b64144ccf1df_6.0.19041.3636_none_60b6a03d71f818d5;C:\Users\Slobodan\.jdks\openjdk-21.0.1\bin\server;D:\Program Files\JetBrains\IntelliJ IDEA Community Edition 2023.2.5\bin

VM Arguments:
jvm_args: -javaagent:D:\Program Files\JetBrains\IntelliJ IDEA Community Edition 2023.2.5\lib\idea_rt.jar=54365:D:\Program Files\JetBrains\IntelliJ IDEA Community Edition 2023.2.5\bin -Dfile.encoding=UTF-8 -Dsun.stdout.encoding=UTF-8 -Dsun.stderr.encoding=UTF-8 
java_command: com.example.notes.NotesApplication
java_class_path (initial): D:\Slobo\test-notes\Notes\target\classes;C:\Users\Slobodan\.m2\repository\com\h2database\h2\2.1.214\h2-2.1.214.jar;C:\Users\Slobodan\.m2\repository\org\springframework\boot\spring-boot-starter-data-jpa\3.1.7-SNAPSHOT\spring-boot-starter-data-jpa-3.1.7-20231212.154901-19.jar;C:\Users\Slobodan\.m2\repository\org\springframework\boot\spring-boot-starter-aop\3.1.7-SNAPSHOT\spring-boot-starter-aop-3.1.7-20231212.154901-19.jar;C:\Users\Slobodan\.m2\repository\org\springframework\spring-aop\6.0.15-SNAPSHOT\spring-aop-6.0.15-20231212.180247-24.jar;C:\Users\Slobodan\.m2\repository\org\aspectj\aspectjweaver\1.9.20.1\aspectjweaver-1.9.20.1.jar;C:\Users\Slobodan\.m2\repository\org\springframework\boot\spring-boot-starter-jdbc\3.1.7-SNAPSHOT\spring-boot-starter-jdbc-3.1.7-20231212.154901-19.jar;C:\Users\Slobodan\.m2\repository\com\zaxxer\HikariCP\5.0.1\HikariCP-5.0.1.jar;C:\Users\Slobodan\.m2\repository\org\springframework\spring-jdbc\6.0.15-SNAPSHOT\spring-jdbc-6.0.15-20231212.180247-24.jar;C:\Users\Slobodan\.m2\repository\org\hibernate\orm\hibernate-core\6.2.13.Final\hibernate-core-6.2.13.Final.jar;C:\Users\Slobodan\.m2\repository\jakarta\persistence\jakarta.persistence-api\3.1.0\jakarta.persistence-api-3.1.0.jar;C:\Users\Slobodan\.m2\repository\jakarta\transaction\jakarta.transaction-api\2.0.1\jakarta.transaction-api-2.0.1.jar;C:\Users\Slobodan\.m2\repository\org\jboss\logging\jboss-logging\3.5.3.Final\jboss-logging-3.5.3.Final.jar;C:\Users\Slobodan\.m2\repository\org\hibernate\common\hibernate-commons-annotations\6.0.6.Final\hibernate-commons-annotations-6.0.6.Final.jar;C:\Users\Slobodan\.m2\repository\io\smallrye\jandex\3.0.5\jandex-3.0.5.jar;C:\Users\Slobodan\.m2\repository\com\fasterxml\classmate\1.5.1\classmate-1.5.1.jar;C:\Users\Slobodan\.m2\repository\net\bytebuddy\byte-buddy\1.14.10\byte-buddy-1.14.10.jar;C:\Users\Slobodan\.m2\repository\org\glassfish\jaxb\jaxb-runtime\4.0.4\jaxb-runtime-4.0.4.jar;C:\Users\Slobodan\.m2\repository\org\glassfish\jaxb\jaxb-core\4.0.4\jaxb-core-4.0.4.jar;C:\Users\Slobodan\.m2\repository\org\eclipse\angus\angus-activation\2.0.1\angus-activation-2.0.1.jar;C:\Users\Slobodan\.m2\repository\org\glassfish\jaxb\txw2\4.0.4\txw2-4.0.4.jar;C:\Users\Slobodan\.m2\repository\com\sun\istack\istack-commons-runtime\4.1.2\istack-commons-runtime-4.1.2.jar;C:\Users\Slobodan\.m2\repository\jakarta\inject\jakarta.inject-api\2.0.1\jakarta.inject-api-2.0.1.jar;C:\Users\Slobodan\.m2\repository\org\antlr\antlr4-runtime\4.10.1\antlr4-runtime-4.10.1.jar;C:\Users\Slobodan\.m2\repository\org\springframework\data\spring-data-jpa\3.1.7-SNAPSHOT\spring-data-jpa-3.1.7-20231212.203954-39.jar;C:\Users\Slobodan\.m2\repository\org\springframework\data\spring-data-commons\3.1.7-SNAPSHOT\spring-data-commons-3.1.7-20231212.201735-36.jar;C:\Users\Slobodan\.m2\repository\org\springframework\spring-orm\6.0.15-SNAPSHOT\spring-orm-6.0.15-20231212.180247-24.jar;C:\Users\Slobodan\.m2\repository\org\springframework\spring-context\6.0.15-SNAPSHOT\spring-context-6.0.15-20231212.180247-24.jar;C:\Users\Slobodan\.m2\repository\org\springframework\spring-expression\6.0.15-SNAPSHOT\spring-expression-6.0.15-20231212.180247-24.jar;C:\Users\Slobodan\.m2\repository\org\springframework\spring-tx\6.0.15-SNAPSHOT\spring-tx-6.0.15-20231212.180247-24.jar;C:\Users\Slobodan\.m2\repository\org\springframework\spring-beans\6.0.15-SNAPSHOT\spring-beans-6.0.15-20231212.180247-24.jar;C:\Users\Slobodan\.m2\repository\jakarta\annotation\jakarta.annotation-api\2.1.1\jakarta.annotation-api-2.1.1.jar;C:\Users\Slobodan\.m2\repository\org\slf4j\slf4j-api\2.0.9\slf4j-api-2.0.9.jar;C:\Users\Slobodan\.m2\repository\org\springframework\spring-aspects\6.0.15-SNAPSHOT\spring-aspects-6.0.15-20231212.180247-24.jar;C:\Users\Slobodan\.m2\repository\org\springframework\boot\spring-boot-starter-validation\3.1.7-SNAPSHOT\spring-boot-starter-validation-3.1.7-20231212.154901-19.jar;C:\Users\Slobodan\.m2\repository\org\springframework\boot\spring-boot-starter\3.1.7-SNAPSHOT\spring-boot-starter-3.1.7-20231212.154901-19.jar;C:\Users\Slobodan\.m2\repository\org\springframework\boot\spring-boot-starter-logging\3.1.7-SNAPSHOT\spring-boot-starter-logging-3.1.7-20231212.154901-19.jar;C:\Users\Slobodan\.m2\repository\ch\qos\logback\logback-classic\1.4.11\logback-classic-1.4.11.jar;C:\Users\Slobodan\.m2\repository\ch\qos\logback\logback-core\1.4.11\logback-core-1.4.11.jar;C:\Users\Slobodan\.m2\repository\org\apache\logging\log4j\log4j-to-slf4j\2.20.0\log4j-to-slf4j-2.20.0.jar;C:\Users\Slobodan\.m2\repository\org\apache\logging\log4j\log4j-api\2.20.0\log4j-api-2.20.0.jar;C:\Users\Slobodan\.m2\repository\org\slf4j\jul-to-slf4j\2.0.9\jul-to-slf4j-2.0.9.jar;C:\Users\Slobodan\.m2\repository\org\yaml\snakeyaml\1.33\snakeyaml-1.33.jar;C:\Users\Slobodan\.m2\repository\org\apache\tomcat\embed\tomcat-embed-el\10.1.16\tomcat-embed-el-10.1.16.jar;C:\Users\Slobodan\.m2\repository\org\hibernate\validator\hibernate-validator\8.0.1.Final\hibernate-validator-8.0.1.Final.jar;C:\Users\Slobodan\.m2\repository\jakarta\validation\jakarta.validation-api\3.0.2\jakarta.validation-api-3.0.2.jar;C:\Users\Slobodan\.m2\repository\com\vaadin\vaadin-spring-boot-starter\24.2.5\vaadin-spring-boot-starter-24.2.5.jar;C:\Users\Slobodan\.m2\repository\com\vaadin\vaadin-spring\24.2.4\vaadin-spring-24.2.4.jar;C:\Users\Slobodan\.m2\repository\com\vaadin\flow-server\24.2.4\flow-server-24.2.4.jar;C:\Users\Slobodan\.m2\repository\com\vaadin\servletdetector\throw-if-servlet3\1.0.2\throw-if-servlet3-1.0.2.jar;C:\Users\Slobodan\.m2\repository\com\vaadin\external\gwt\gwt-elemental\2.8.2.vaadin2\gwt-elemental-2.8.2.vaadin2.jar;C:\Users\Slobodan\.m2\repository\org\apache\commons\commons-fileupload2-jakarta\2.0.0-M1\commons-fileupload2-jakarta-2.0.0-M1.jar;C:\Users\Slobodan\.m2\repository\org\apache\commons\commons-fileupload2-core\2.0.0-M1\commons-fileupload2-core-2.0.0-M1.jar;C:\Users\Slobodan\.m2\repository\commons-io\commons-io\2.13.0\commons-io-2.13.0.jar;C:\Users\Slobodan\.m2\repository\com\fasterxml\jackson\core\jackson-core\2.15.3\jackson-core-2.15.3.jar;C:\Users\Slobodan\.m2\repository\com\fasterxml\jackson\core\jackson-databind\2.15.3\jackson-databind-2.15.3.jar;C:\Users\Slobodan\.m2\repository\com\fasterxml\jackson\core\jackson-annotations\2.15.3\jackson-annotations-2.15.3.jar;C:\Users\Slobodan\.m2\repository\com\fasterxml\jackson\datatype\jackson-datatype-jsr310\2.15.3\jackson-datatype-jsr310-2.15.3.jar;C:\Users\Slobodan\.m2\repository\org\jsoup\jsoup\1.16.1\jsoup-1.16.1.jar;C:\Users\Slobodan\.m2\repository\com\helger\ph-css\7.0.1\ph-css-7.0.1.jar;C:\Users\Slobodan\.m2\repository\com\helger\commons\ph-commons\11.1.0\ph-commons-11.1.0.jar;C:\Users\Slobodan\.m2\repository\org\ow2\asm\asm\9.5\asm-9.5.jar;C:\Users\Slobodan\.m2\repository\com\vaadin\external\gentyref\1.2.0.vaadin1\gentyref-1.2.0.vaadin1.jar;C:\Users\Slobodan\.m2\repository\org\apache\commons\commons-compress\1.24.0\commons-compress-1.24.0.jar;C:\Users\Slobodan\.m2\repository\com\vaadin\flow-push\24.2.4\flow-push-24.2.4.jar;C:\Users\Slobodan\.m2\repository\com\vaadin\external\atmosphere\atmosphere-runtime\3.0.3.slf4jvaadin2\atmosphere-runtime-3.0.3.slf4jvaadin2.jar;C:\Users\Slobodan\.m2\repository\com\vaadin\flow-client\24.2.4\flow-client-24.2.4.jar;C:\Users\Slobodan\.m2\repository\org\springframework\spring-webmvc\6.0.15-SNAPSHOT\spring-webmvc-6.0.15-20231212.180247-24.jar;C:\Users\Slobodan\.m2\repository\org\springframework\spring-websocket\6.0.15-SNAPSHOT\spring-websocket-6.0.15-20231212.180247-24.jar;C:\Users\Slobodan\.m2\repository\org\reflections\reflections\0.10.2\reflections-0.10.2.jar;C:\Users\Slobodan\.m2\repository\org\javassist\javassist\3.28.0-GA\javassist-3.28.0-GA.jar;C:\Users\Slobodan\.m2\repository\com\google\code\findbugs\jsr305\3.0.2\jsr305-3.0.2.jar;C:\Users\Slobodan\.m2\repository\com\vaadin\vaadin-core\24.2.5\vaadin-core-24.2.5.jar;C:\Users\Slobodan\.m2\repository\com\vaadin\vaadin-core-internal\24.2.5\vaadin-core-internal-24.2.5.jar;C:\Users\Slobodan\.m2\repository\com\vaadin\flow-lit-template\24.2.4\flow-lit-template-24.2.4.jar;C:\Users\Slobodan\.m2\repository\com\vaadin\flow-html-components\24.2.4\flow-html-components-24.2.4.jar;C:\Users\Slobodan\.m2\repository\com\vaadin\flow-data\24.2.4\flow-data-24.2.4.jar;C:\Users\Slobodan\.m2\repository\com\vaadin\flow-dnd\24.2.4\flow-dnd-24.2.4.jar;C:\Users\Slobodan\.m2\repository\com\vaadin\vaadin-lumo-theme\24.2.5\vaadin-lumo-theme-24.2.5.jar;C:\Users\Slobodan\.m2\repository\com\vaadin\vaadin-material-theme\24.2.5\vaadin-material-theme-24.2.5.jar;C:\Users\Slobodan\.m2\repository\com\vaadin\vaadin-accordion-flow\24.2.5\vaadin-accordion-flow-24.2.5.jar;C:\Users\Slobodan\.m2\repository\com\vaadin\vaadin-avatar-flow\24.2.5\vaadin-avatar-flow-24.2.5.jar;C:\Users\Slobodan\.m2\repository\com\vaadin\vaadin-flow-components-base\24.2.5\vaadin-flow-components-base-24.2.5.jar;C:\Users\Slobodan\.m2\repository\com\vaadin\vaadin-button-flow\24.2.5\vaadin-button-flow-24.2.5.jar;C:\Users\Slobodan\.m2\repository\com\vaadin\vaadin-checkbox-flow\24.2.5\vaadin-checkbox-flow-24.2.5.jar;C:\Users\Slobodan\.m2\repository\com\vaadin\vaadin-combo-box-flow\24.2.5\vaadin-combo-box-flow-24.2.5.jar;C:\Users\Slobodan\.m2\repository\com\vaadin\vaadin-confirm-dialog-flow\24.2.5\vaadin-confirm-dialog-flow-24.2.5.jar;C:\Users\Slobodan\.m2\repository\com\vaadin\vaadin-custom-field-flow\24.2.5\vaadin-custom-field-flow-24.2.5.jar;C:\Users\Slobodan\.m2\repository\com\vaadin\vaadin-date-picker-flow\24.2.5\vaadin-date-picker-flow-24.2.5.jar;C:\Users\Slobodan\.m2\repository\com\vaadin\vaadin-date-time-picker-flow\24.2.5\vaadin-date-time-picker-flow-24.2.5.jar;C:\Users\Slobodan\.m2\repository\com\vaadin\vaadin-details-flow\24.2.5\vaadin-details-flow-24.2.5.jar;C:\Users\Slobodan\.m2\repository\com\vaadin\vaadin-time-picker-flow\24.2.5\vaadin-time-picker-flow-24.2.5.jar;C:\Users\Slobodan\.m2\repository\com\vaadin\vaadin-select-flow\24.2.5\vaadin-select-flow-24.2.5.jar;C:\Users\Slobodan\.m2\repository\com\vaadin\vaadin-side-nav-flow\24.2.5\vaadin-side-nav-flow-24.2.5.jar;C:\Users\Slobodan\.m2\repository\com\vaadin\vaadin-dialog-flow\24.2.5\vaadin-dialog-flow-24.2.5.jar;C:\Users\Slobodan\.m2\repository\com\vaadin\vaadin-form-layout-flow\24.2.5\vaadin-form-layout-flow-24.2.5.jar;C:\Users\Slobodan\.m2\repository\com\vaadin\vaadin-field-highlighter-flow\24.2.5\vaadin-field-highlighter-flow-24.2.5.jar;C:\Users\Slobodan\.m2\repository\com\vaadin\vaadin-grid-flow\24.2.5\vaadin-grid-flow-24.2.5.jar;C:\Users\Slobodan\.m2\repository\org\apache\commons\commons-lang3\3.12.0\commons-lang3-3.12.0.jar;C:\Users\Slobodan\.m2\repository\com\vaadin\vaadin-icons-flow\24.2.5\vaadin-icons-flow-24.2.5.jar;C:\Users\Slobodan\.m2\repository\com\vaadin\vaadin-virtual-list-flow\24.2.5\vaadin-virtual-list-flow-24.2.5.jar;C:\Users\Slobodan\.m2\repository\com\vaadin\vaadin-list-box-flow\24.2.5\vaadin-list-box-flow-24.2.5.jar;C:\Users\Slobodan\.m2\repository\com\vaadin\vaadin-login-flow\24.2.5\vaadin-login-flow-24.2.5.jar;C:\Users\Slobodan\.m2\repository\com\vaadin\vaadin-messages-flow\24.2.5\vaadin-messages-flow-24.2.5.jar;C:\Users\Slobodan\.m2\repository\com\vaadin\vaadin-ordered-layout-flow\24.2.5\vaadin-ordered-layout-flow-24.2.5.jar;C:\Users\Slobodan\.m2\repository\com\vaadin\vaadin-progress-bar-flow\24.2.5\vaadin-progress-bar-flow-24.2.5.jar;C:\Users\Slobodan\.m2\repository\com\vaadin\vaadin-radio-button-flow\24.2.5\vaadin-radio-button-flow-24.2.5.jar;C:\Users\Slobodan\.m2\repository\com\vaadin\vaadin-renderer-flow\24.2.5\vaadin-renderer-flow-24.2.5.jar;C:\Users\Slobodan\.m2\repository\com\vaadin\vaadin-split-layout-flow\24.2.5\vaadin-split-layout-flow-24.2.5.jar;C:\Users\Slobodan\.m2\repository\com\vaadin\vaadin-tabs-flow\24.2.5\vaadin-tabs-flow-24.2.5.jar;C:\Users\Slobodan\.m2\repository\com\vaadin\vaadin-text-field-flow\24.2.5\vaadin-text-field-flow-24.2.5.jar;C:\Users\Slobodan\.m2\repository\com\vaadin\vaadin-upload-flow\24.2.5\vaadin-upload-flow-24.2.5.jar;C:\Users\Slobodan\.m2\repository\com\vaadin\vaadin-notification-flow\24.2.5\vaadin-notification-flow-24.2.5.jar;C:\Users\Slobodan\.m2\repository\com\vaadin\vaadin-app-layout-flow\24.2.5\vaadin-app-layout-flow-24.2.5.jar;C:\Users\Slobodan\.m2\repository\com\vaadin\vaadin-context-menu-flow\24.2.5\vaadin-context-menu-flow-24.2.5.jar;C:\Users\Slobodan\.m2\repository\com\vaadin\vaadin-menu-bar-flow\24.2.5\vaadin-menu-bar-flow-24.2.5.jar;C:\Users\Slobodan\.m2\repository\com\vaadin\vaadin-dev\24.2.5\vaadin-dev-24.2.5.jar;C:\Users\Slobodan\.m2\repository\com\vaadin\vaadin-dev-server\24.2.4\vaadin-dev-server-24.2.4.jar;C:\Users\Slobodan\.m2\repository\com\vaadin\license-checker\1.12.3\license-checker-1.12.3.jar;C:\Users\Slobodan\.m2\repository\com\github\oshi\oshi-core\6.4.1\oshi-core-6.4.1.jar;C:\Users\Slobodan\.m2\repository\net\java\dev\jna\jna\5.13.0\jna-5.13.0.jar;C:\Users\Slobodan\.m2\repository\net\java\dev\jna\jna-platform\5.13.0\jna-platform-5.13.0.jar;C:\Users\Slobodan\.m2\repository\com\nimbusds\nimbus-jose-jwt\9.31\nimbus-jose-jwt-9.31.jar;C:\Users\Slobodan\.m2\repository\org\lucee\jcip-annotations\1.0.0\jcip-annotations-1.0.0.jar;C:\Users\Slobodan\.m2\repository\com\vaadin\open\8.5.0\open-8.5.0.jar;C:\Users\Slobodan\.m2\repository\com\github\javaparser\javaparser-core\3.25.5\javaparser-core-3.25.5.jar;C:\Users\Slobodan\.m2\repository\io\methvin\directory-watcher\0.18.0\directory-watcher-0.18.0.jar;C:\Users\Slobodan\.m2\repository\com\vaadin\vaadin-dev-bundle\24.2.5\vaadin-dev-bundle-24.2.5.jar;C:\Users\Slobodan\.m2\repository\org\springframework\boot\spring-boot-starter-web\3.1.7-SNAPSHOT\spring-boot-starter-web-3.1.7-20231212.154901-19.jar;C:\Users\Slobodan\.m2\repository\org\springframework\boot\spring-boot-starter-json\3.1.7-SNAPSHOT\spring-boot-starter-json-3.1.7-20231212.154901-19.jar;C:\Users\Slobodan\.m2\repository\com\fasterxml\jackson\datatype\jackson-datatype-jdk8\2.15.3\jackson-datatype-jdk8-2.15.3.jar;C:\Users\Slobodan\.m2\repository\com\fasterxml\jackson\module\jackson-module-parameter-names\2.15.3\jackson-module-parameter-names-2.15.3.jar;C:\Users\Slobodan\.m2\repository\org\springframework\boot\spring-boot-starter-tomcat\3.1.7-SNAPSHOT\spring-boot-starter-tomcat-3.1.7-20231212.154901-19.jar;C:\Users\Slobodan\.m2\repository\org\apache\tomcat\embed\tomcat-embed-core\10.1.16\tomcat-embed-core-10.1.16.jar;C:\Users\Slobodan\.m2\repository\org\apache\tomcat\embed\tomcat-embed-websocket\10.1.16\tomcat-embed-websocket-10.1.16.jar;C:\Users\Slobodan\.m2\repository\org\springframework\spring-web\6.0.15-SNAPSHOT\spring-web-6.0.15-20231212.180247-24.jar;C:\Users\Slobodan\.m2\repository\io\micrometer\micrometer-observation\1.11.7-SNAPSHOT\micrometer-observation-1.11.7-20231211.112532-10.jar;C:\Users\Slobodan\.m2\repository\io\micrometer\micrometer-commons\1.11.7-SNAPSHOT\micrometer-commons-1.11.7-20231211.112532-10.jar;C:\Users\Slobodan\.m2\repository\org\springframework\boot\spring-boot-devtools\3.1.7-SNAPSHOT\spring-boot-devtools-3.1.7-20231212.154901-19.jar;C:\Users\Slobodan\.m2\repository\org\springframework\boot\spring-boot\3.1.7-SNAPSHOT\spring-boot-3.1.7-20231212.154901-19.jar;C:\Users\Slobodan\.m2\repository\org\springframework\boot\spring-boot-autoconfigure\3.1.7-SNAPSHOT\spring-boot-autoconfigure-3.1.7-20231212.154901-19.jar;C:\Users\Slobodan\.m2\repository\jakarta\xml\bind\jakarta.xml.bind-api\4.0.1\jakarta.xml.bind-api-4.0.1.jar;C:\Users\Slobodan\.m2\repository\jakarta\activation\jakarta.activation-api\2.1.2\jakarta.activation-api-2.1.2.jar;C:\Users\Slobodan\.m2\repository\org\springframework\spring-core\6.0.15-SNAPSHOT\spring-core-6.0.15-20231212.180247-24.jar;C:\Users\Slobodan\.m2\repository\org\springframework\spring-jcl\6.0.15-SNAPSHOT\spring-jcl-6.0.15-20231212.180247-24.jar
Launcher Type: SUN_STANDARD

[Global flags]
     intx CICompilerCount                          = 4                                         {product} {ergonomic}
     uint ConcGCThreads                            = 2                                         {product} {ergonomic}
     uint G1ConcRefinementThreads                  = 8                                         {product} {ergonomic}
   size_t G1HeapRegionSize                         = 1048576                                   {product} {ergonomic}
    uintx GCDrainStackTargetSize                   = 64                                        {product} {ergonomic}
   size_t InitialHeapSize                          = 98566144                                  {product} {ergonomic}
   size_t MarkStackSize                            = 4194304                                   {product} {ergonomic}
   size_t MaxHeapSize                              = 1570766848                                {product} {ergonomic}
   size_t MaxNewSize                               = 941621248                                 {product} {ergonomic}
   size_t MinHeapDeltaBytes                        = 1048576                                   {product} {ergonomic}
   size_t MinHeapSize                              = 8388608                                   {product} {ergonomic}
    uintx NonNMethodCodeHeapSize                   = 5839372                                {pd product} {ergonomic}
    uintx NonProfiledCodeHeapSize                  = 122909434                              {pd product} {ergonomic}
    uintx ProfiledCodeHeapSize                     = 122909434                              {pd product} {ergonomic}
    uintx ReservedCodeCacheSize                    = 251658240                              {pd product} {ergonomic}
     bool SegmentedCodeCache                       = true                                      {product} {ergonomic}
   size_t SoftMaxHeapSize                          = 1570766848                             {manageable} {ergonomic}
     bool UseCompressedOops                        = true                           {product lp64_product} {ergonomic}
     bool UseG1GC                                  = true                                      {product} {ergonomic}
     bool UseLargePagesIndividualAllocation        = false                                  {pd product} {ergonomic}

Logging:
Log output configuration:
 #0: stdout all=warning uptime,level,tags foldmultilines=false
 #1: stderr all=off uptime,level,tags foldmultilines=false

Environment Variables:
PATH=C:\Windows\system32;C:\Windows;C:\Windows\System32\Wbem;C:\Windows\System32\WindowsPowerShell\v1.0\;C:\Windows\System32\OpenSSH\;C:\Users\Slobodan\AppData\Local\Microsoft\WindowsApps;D:\Users\Slobodan\AppData\Local\Programs\Git\cmd
USERNAME=Slobodan
OS=Windows_NT
PROCESSOR_IDENTIFIER=AMD64 Family 23 Model 104 Stepping 1, AuthenticAMD
TMP=C:\Users\Slobodan\AppData\Local\Temp
TEMP=C:\Users\Slobodan\AppData\Local\Temp




Periodic native trim disabled

---------------  S Y S T E M  ---------------

OS:
 Windows 10 , 64 bit Build 19041 (10.0.19041.3636)
OS uptime: 7 days 0:44 hours

CPU: total 8 (initial active 8) (8 cores per cpu, 2 threads per core) family 23 model 104 stepping 1 microcode 0x0, cx8, cmov, fxsr, ht, mmx, 3dnowpref, sse, sse2, sse3, ssse3, sse4a, sse4.1, sse4.2, popcnt, lzcnt, tsc, tscinvbit, avx, avx2, aes, clmul, bmi1, bmi2, adx, sha, fma, vzeroupper, clflush, clflushopt, rdtscp, rdpid, f16c
Processor Information for all 8 processors :
  Max Mhz: 2600, Current Mhz: 2600, Mhz Limit: 2600

Memory: 4k page, system-wide physical 5989M (243M free)
TotalPageFile size 19638M (AvailPageFile size 5M)
current process WorkingSet (physical memory assigned to process): 297M, peak: 298M
current process commit charge ("private bytes"): 371M, peak: 373M

vm_info: OpenJDK 64-Bit Server VM (21.0.1+12-29) for windows-amd64 JRE (21.0.1+12-29), built on 2023-10-05T13:27:09Z by "mach5one" with MS VC++ 17.1 (VS2022)

END.
