#
# There is insufficient memory for the Java Runtime Environment to continue.
# Native memory allocation (malloc) failed to allocate 1108416 bytes for Chunk::new
# Possible reasons:
#   The system is out of physical RAM or swap space
#   The process is running with CompressedOops enabled, and the Java Heap may be blocking the growth of the native heap
# Possible solutions:
#   Reduce memory load on the system
#   Increase physical memory or swap space
#   Check if swap backing store is full
#   Decrease Java heap size (-Xmx/-Xms)
#   Decrease number of Java threads
#   Decrease Java thread stack sizes (-Xss)
#   Set larger code cache with -XX:ReservedCodeCacheSize=
#   JVM is running with Unscaled Compressed Oops mode in which the Java heap is
#     placed in the first 4GB address space. The Java Heap base address is the
#     maximum limit for the native heap growth. Please use -XX:HeapBaseMinAddress
#     to set the Java Heap base and to place the Java Heap above 4GB virtual address.
# This output file may be truncated or incomplete.
#
#  Out of Memory Error (arena.cpp:168), pid=95340, tid=93076
#
# JRE version: OpenJDK Runtime Environment (21.0.1+12) (build 21.0.1+12-29)
# Java VM: OpenJDK 64-Bit Server VM (21.0.1+12-29, mixed mode, sharing, tiered, compressed oops, compressed class ptrs, g1 gc, windows-amd64)
# No core dump will be written. Minidumps are not enabled by default on client versions of Windows
#

---------------  S U M M A R Y ------------

Command Line: -javaagent:D:\Program Files\JetBrains\IntelliJ IDEA Community Edition 2023.2.5\lib\idea_rt.jar=49355:D:\Program Files\JetBrains\IntelliJ IDEA Community Edition 2023.2.5\bin -Dfile.encoding=UTF-8 -Dsun.stdout.encoding=UTF-8 -Dsun.stderr.encoding=UTF-8 com.example.notes.NotesApplication

Host: AMD Ryzen 3 5300U with Radeon Graphics         , 8 cores, 5G,  Windows 10 , 64 bit Build 19041 (10.0.19041.3636)
Time: Thu Dec 21 08:45:31 2023 Central Europe Standard Time elapsed time: 14.026202 seconds (0d 0h 0m 14s)

---------------  T H R E A D  ---------------

Current thread (0x000001d0fd0f6870):  JavaThread "C2 CompilerThread0" daemon [_thread_in_native, id=93076, stack(0x00000007c2700000,0x00000007c2800000) (1024K)]


Current CompileTask:
C2:  14026 6427       4       org.springframework.core.annotation.TypeMappedAnnotations::get (52 bytes)

Stack: [0x00000007c2700000,0x00000007c2800000]
Native frames: (J=compiled Java code, j=interpreted, Vv=VM code, C=native code)
V  [jvm.dll+0x6c9029]
V  [jvm.dll+0x854b81]
V  [jvm.dll+0x856e5e]
V  [jvm.dll+0x857543]
V  [jvm.dll+0x280c06]
V  [jvm.dll+0xc3ead]
V  [jvm.dll+0xc43c3]
V  [jvm.dll+0x2f3f3f]
V  [jvm.dll+0x5f40a6]
V  [jvm.dll+0x252bef]
V  [jvm.dll+0x24b4d0]
V  [jvm.dll+0x248fa3]
V  [jvm.dll+0x1c9ca1]
V  [jvm.dll+0x2586b9]
V  [jvm.dll+0x256c9a]
V  [jvm.dll+0x3ef1b6]
V  [jvm.dll+0x7fd728]
V  [jvm.dll+0x6c777d]
C  [ucrtbase.dll+0x21bb2]
C  [KERNEL32.DLL+0x17344]
C  [ntdll.dll+0x526b1]


---------------  P R O C E S S  ---------------

Threads class SMR info:
_java_thread_list=0x000001d0fda57be0, length=20, elements={
0x000001d0df0117f0, 0x000001d0fd0e0ec0, 0x000001d0fd0e1be0, 0x000001d0fd0e48f0,
0x000001d0fd0e5350, 0x000001d0fd0e8560, 0x000001d0fd0ea770, 0x000001d0fd0f6870,
0x000001d0fd119ad0, 0x000001d0fd406b30, 0x000001d0fda966b0, 0x000001d0fda96d20,
0x000001d0fe0cb870, 0x000001d0fdca2f30, 0x000001d0fe6e5fe0, 0x000001d0ff110e80,
0x000001d0ff435c80, 0x000001d0ff439790, 0x000001d0ff439e20, 0x000001d0ff43ab40
}

Java Threads: ( => current thread )
  0x000001d0df0117f0 JavaThread "main"                              [_thread_blocked, id=92164, stack(0x00000007c1900000,0x00000007c1a00000) (1024K)]
  0x000001d0fd0e0ec0 JavaThread "Reference Handler"          daemon [_thread_blocked, id=79888, stack(0x00000007c2100000,0x00000007c2200000) (1024K)]
  0x000001d0fd0e1be0 JavaThread "Finalizer"                  daemon [_thread_blocked, id=100364, stack(0x00000007c2200000,0x00000007c2300000) (1024K)]
  0x000001d0fd0e48f0 JavaThread "Signal Dispatcher"          daemon [_thread_blocked, id=99948, stack(0x00000007c2300000,0x00000007c2400000) (1024K)]
  0x000001d0fd0e5350 JavaThread "Attach Listener"            daemon [_thread_blocked, id=94620, stack(0x00000007c2400000,0x00000007c2500000) (1024K)]
  0x000001d0fd0e8560 JavaThread "Service Thread"             daemon [_thread_blocked, id=96376, stack(0x00000007c2500000,0x00000007c2600000) (1024K)]
  0x000001d0fd0ea770 JavaThread "Monitor Deflation Thread"   daemon [_thread_blocked, id=76568, stack(0x00000007c2600000,0x00000007c2700000) (1024K)]
=>0x000001d0fd0f6870 JavaThread "C2 CompilerThread0"         daemon [_thread_in_native, id=93076, stack(0x00000007c2700000,0x00000007c2800000) (1024K)]
  0x000001d0fd119ad0 JavaThread "C1 CompilerThread0"         daemon [_thread_blocked, id=80760, stack(0x00000007c2800000,0x00000007c2900000) (1024K)]
  0x000001d0fd406b30 JavaThread "Common-Cleaner"             daemon [_thread_blocked, id=99984, stack(0x00000007c2900000,0x00000007c2a00000) (1024K)]
  0x000001d0fda966b0 JavaThread "Monitor Ctrl-Break"         daemon [_thread_in_native, id=97524, stack(0x00000007c2b00000,0x00000007c2c00000) (1024K)]
  0x000001d0fda96d20 JavaThread "Notification Thread"        daemon [_thread_blocked, id=92936, stack(0x00000007c2c00000,0x00000007c2d00000) (1024K)]
  0x000001d0fe0cb870 JavaThread "Thread-0"                          [_thread_blocked, id=96416, stack(0x00000007c3300000,0x00000007c3400000) (1024K)]
  0x000001d0fdca2f30 JavaThread "restartedMain"                     [_thread_in_vm, id=56892, stack(0x00000007c3400000,0x00000007c3500000) (1024K)]
  0x000001d0fe6e5fe0 JavaThread "HikariPool-1 housekeeper"   daemon [_thread_blocked, id=91772, stack(0x00000007c3600000,0x00000007c3700000) (1024K)]
  0x000001d0ff110e80 JavaThread "JNA Cleaner"                daemon [_thread_blocked, id=76580, stack(0x00000007c3800000,0x00000007c3900000) (1024K)]
  0x000001d0ff435c80 JavaThread "ForkJoinPool.commonPool-worker-1" daemon [_thread_blocked, id=70336, stack(0x00000007c3700000,0x00000007c3800000) (1024K)]
  0x000001d0ff439790 JavaThread "Catalina-utility-1"                [_thread_blocked, id=99144, stack(0x00000007c3c00000,0x00000007c3d00000) (1024K)]
  0x000001d0ff439e20 JavaThread "Catalina-utility-2"                [_thread_blocked, id=100204, stack(0x00000007c3d00000,0x00000007c3e00000) (1024K)]
  0x000001d0ff43ab40 JavaThread "container-0"                       [_thread_blocked, id=98284, stack(0x00000007c3e00000,0x00000007c3f00000) (1024K)]
Total: 20

Other Threads:
  0x000001d0fd0c19a0 VMThread "VM Thread"                           [id=86100, stack(0x00000007c2000000,0x00000007c2100000) (1024K)]
  0x000001d0fd0a6390 WatcherThread "VM Periodic Task Thread"        [id=99960, stack(0x00000007c1f00000,0x00000007c2000000) (1024K)]
  0x000001d0df2ea0c0 WorkerThread "GC Thread#0"                     [id=98048, stack(0x00000007c1a00000,0x00000007c1b00000) (1024K)]
  0x000001d0fe1d44c0 WorkerThread "GC Thread#1"                     [id=89080, stack(0x00000007c2a00000,0x00000007c2b00000) (1024K)]
  0x000001d0fdc800d0 WorkerThread "GC Thread#2"                     [id=98716, stack(0x00000007c2d00000,0x00000007c2e00000) (1024K)]
  0x000001d0fe1c9df0 WorkerThread "GC Thread#3"                     [id=90880, stack(0x00000007c2e00000,0x00000007c2f00000) (1024K)]
  0x000001d0fe2115c0 WorkerThread "GC Thread#4"                     [id=99780, stack(0x00000007c2f00000,0x00000007c3000000) (1024K)]
  0x000001d0fe211de0 WorkerThread "GC Thread#5"                     [id=99644, stack(0x00000007c3000000,0x00000007c3100000) (1024K)]
  0x000001d0fe212580 WorkerThread "GC Thread#6"                     [id=84856, stack(0x00000007c3100000,0x00000007c3200000) (1024K)]
  0x000001d0fdcb5420 WorkerThread "GC Thread#7"                     [id=97680, stack(0x00000007c3200000,0x00000007c3300000) (1024K)]
  0x000001d0df2f7d80 ConcurrentGCThread "G1 Main Marker"            [id=88240, stack(0x00000007c1b00000,0x00000007c1c00000) (1024K)]
  0x000001d0df2f8f30 WorkerThread "G1 Conc#0"                       [id=97100, stack(0x00000007c1c00000,0x00000007c1d00000) (1024K)]
  0x000001d0fe8e5c00 WorkerThread "G1 Conc#1"                       [id=97952, stack(0x00000007c3500000,0x00000007c3600000) (1024K)]
  0x000001d0df35e4c0 ConcurrentGCThread "G1 Refine#0"               [id=100776, stack(0x00000007c1d00000,0x00000007c1e00000) (1024K)]
  0x000001d0fcf7a0f0 ConcurrentGCThread "G1 Service"                [id=89328, stack(0x00000007c1e00000,0x00000007c1f00000) (1024K)]
Total: 15

Threads with active compile tasks:
C2 CompilerThread0    14068 6427       4       org.springframework.core.annotation.TypeMappedAnnotations::get (52 bytes)
Total: 1

VM state: not at safepoint (normal execution)

VM Mutex/Monitor currently owned by a thread: None

Heap address: 0x00000000a2600000, size: 1498 MB, Compressed Oops mode: 32-bit

CDS archive(s) mapped at: [0x000001d080000000-0x000001d080c90000-0x000001d080c90000), size 13172736, SharedBaseAddress: 0x000001d080000000, ArchiveRelocationMode: 1.
Compressed class space mapped at: 0x000001d081000000-0x000001d0c1000000, reserved size: 1073741824
Narrow klass base: 0x000001d080000000, Narrow klass shift: 0, Narrow klass range: 0x100000000

GC Precious Log:
 CardTable entry size: 512
 Card Set container configuration: InlinePtr #cards 5 size 8 Array Of Cards #cards 12 size 40 Howl #buckets 4 coarsen threshold 1843 Howl Bitmap #cards 512 size 80 coarsen threshold 460 Card regions per heap region 1 cards per card region 2048
 CPUs: 8 total, 8 available
 Memory: 5989M
 Large Page Support: Disabled
 NUMA Support: Disabled
 Compressed Oops: Enabled (32-bit)
 Heap Region Size: 1M
 Heap Min Capacity: 8M
 Heap Initial Capacity: 94M
 Heap Max Capacity: 1498M
 Pre-touch: Disabled
 Parallel Workers: 8
 Concurrent Workers: 2
 Concurrent Refinement Workers: 8
 Periodic GC: Disabled

Heap:
 garbage-first heap   total 111616K, used 93827K [0x00000000a2600000, 0x0000000100000000)
  region size 1024K, 51 young (52224K), 4 survivors (4096K)
 Metaspace       used 68977K, committed 69632K, reserved 1114112K
  class space    used 9172K, committed 9472K, reserved 1048576K

Heap Regions: E=young(eden), S=young(survivor), O=old, HS=humongous(starts), HC=humongous(continues), CS=collection set, F=free, TAMS=top-at-mark-start, PB=parsable bottom
|   0|0x00000000a2600000, 0x00000000a2700000, 0x00000000a2700000|100%|HS|  |TAMS 0x00000000a2600000| PB 0x00000000a2600000| Complete 
|   1|0x00000000a2700000, 0x00000000a2800000, 0x00000000a2800000|100%| O|  |TAMS 0x00000000a2700000| PB 0x00000000a2700000| Untracked 
|   2|0x00000000a2800000, 0x00000000a2900000, 0x00000000a2900000|100%| O|  |TAMS 0x00000000a2800000| PB 0x00000000a2800000| Untracked 
|   3|0x00000000a2900000, 0x00000000a2a00000, 0x00000000a2a00000|100%| O|  |TAMS 0x00000000a2900000| PB 0x00000000a2900000| Untracked 
|   4|0x00000000a2a00000, 0x00000000a2b00000, 0x00000000a2b00000|100%| O|  |TAMS 0x00000000a2a00000| PB 0x00000000a2a00000| Untracked 
|   5|0x00000000a2b00000, 0x00000000a2c00000, 0x00000000a2c00000|100%| O|  |TAMS 0x00000000a2b00000| PB 0x00000000a2b00000| Untracked 
|   6|0x00000000a2c00000, 0x00000000a2d00000, 0x00000000a2d00000|100%| O|  |TAMS 0x00000000a2c00000| PB 0x00000000a2c00000| Untracked 
|   7|0x00000000a2d00000, 0x00000000a2e00000, 0x00000000a2e00000|100%| O|  |TAMS 0x00000000a2d00000| PB 0x00000000a2d00000| Untracked 
|   8|0x00000000a2e00000, 0x00000000a2f00000, 0x00000000a2f00000|100%| O|  |TAMS 0x00000000a2e00000| PB 0x00000000a2e00000| Untracked 
|   9|0x00000000a2f00000, 0x00000000a3000000, 0x00000000a3000000|100%| O|  |TAMS 0x00000000a2f00000| PB 0x00000000a2f00000| Untracked 
|  10|0x00000000a3000000, 0x00000000a3100000, 0x00000000a3100000|100%| O|  |TAMS 0x00000000a3000000| PB 0x00000000a3000000| Untracked 
|  11|0x00000000a3100000, 0x00000000a3200000, 0x00000000a3200000|100%| O|  |TAMS 0x00000000a3100000| PB 0x00000000a3100000| Untracked 
|  12|0x00000000a3200000, 0x00000000a3300000, 0x00000000a3300000|100%| O|  |TAMS 0x00000000a3200000| PB 0x00000000a3200000| Untracked 
|  13|0x00000000a3300000, 0x00000000a3400000, 0x00000000a3400000|100%| O|  |TAMS 0x00000000a3300000| PB 0x00000000a3300000| Untracked 
|  14|0x00000000a3400000, 0x00000000a3500000, 0x00000000a3500000|100%| O|  |TAMS 0x00000000a3400000| PB 0x00000000a3400000| Untracked 
|  15|0x00000000a3500000, 0x00000000a3600000, 0x00000000a3600000|100%| O|  |TAMS 0x00000000a3500000| PB 0x00000000a3500000| Untracked 
|  16|0x00000000a3600000, 0x00000000a3700000, 0x00000000a3700000|100%| O|  |TAMS 0x00000000a3600000| PB 0x00000000a3600000| Untracked 
|  17|0x00000000a3700000, 0x00000000a3800000, 0x00000000a3800000|100%| O|  |TAMS 0x00000000a3700000| PB 0x00000000a3700000| Untracked 
|  18|0x00000000a3800000, 0x00000000a3900000, 0x00000000a3900000|100%| O|  |TAMS 0x00000000a3800000| PB 0x00000000a3800000| Untracked 
|  19|0x00000000a3900000, 0x00000000a3a00000, 0x00000000a3a00000|100%| O|  |TAMS 0x00000000a3900000| PB 0x00000000a3900000| Untracked 
|  20|0x00000000a3a00000, 0x00000000a3b00000, 0x00000000a3b00000|100%| O|  |TAMS 0x00000000a3a00000| PB 0x00000000a3a00000| Untracked 
|  21|0x00000000a3b00000, 0x00000000a3c00000, 0x00000000a3c00000|100%| O|  |TAMS 0x00000000a3b00000| PB 0x00000000a3b00000| Untracked 
|  22|0x00000000a3c00000, 0x00000000a3d00000, 0x00000000a3d00000|100%| O|  |TAMS 0x00000000a3c00000| PB 0x00000000a3c00000| Untracked 
|  23|0x00000000a3d00000, 0x00000000a3e00000, 0x00000000a3e00000|100%| O|  |TAMS 0x00000000a3d00000| PB 0x00000000a3d00000| Untracked 
|  24|0x00000000a3e00000, 0x00000000a3f00000, 0x00000000a3f00000|100%| O|  |TAMS 0x00000000a3e00000| PB 0x00000000a3e00000| Untracked 
|  25|0x00000000a3f00000, 0x00000000a4000000, 0x00000000a4000000|100%| O|  |TAMS 0x00000000a3f00000| PB 0x00000000a3f00000| Untracked 
|  26|0x00000000a4000000, 0x00000000a4100000, 0x00000000a4100000|100%| O|  |TAMS 0x00000000a4000000| PB 0x00000000a4000000| Untracked 
|  27|0x00000000a4100000, 0x00000000a4200000, 0x00000000a4200000|100%| O|  |TAMS 0x00000000a4100000| PB 0x00000000a4100000| Untracked 
|  28|0x00000000a4200000, 0x00000000a4300000, 0x00000000a4300000|100%| O|  |TAMS 0x00000000a4200000| PB 0x00000000a4200000| Untracked 
|  29|0x00000000a4300000, 0x00000000a4400000, 0x00000000a4400000|100%| O|  |TAMS 0x00000000a4300000| PB 0x00000000a4300000| Untracked 
|  30|0x00000000a4400000, 0x00000000a4500000, 0x00000000a4500000|100%| O|  |TAMS 0x00000000a4400000| PB 0x00000000a4400000| Untracked 
|  31|0x00000000a4500000, 0x00000000a4600000, 0x00000000a4600000|100%| O|  |TAMS 0x00000000a4500000| PB 0x00000000a4500000| Untracked 
|  32|0x00000000a4600000, 0x00000000a4631470, 0x00000000a4700000| 19%| O|  |TAMS 0x00000000a4600000| PB 0x00000000a4600000| Untracked 
|  33|0x00000000a4700000, 0x00000000a4700000, 0x00000000a4800000|  0%| F|  |TAMS 0x00000000a4700000| PB 0x00000000a4700000| Untracked 
|  34|0x00000000a4800000, 0x00000000a4900000, 0x00000000a4900000|100%| O|  |TAMS 0x00000000a4800000| PB 0x00000000a4800000| Untracked 
|  35|0x00000000a4900000, 0x00000000a4900000, 0x00000000a4a00000|  0%| F|  |TAMS 0x00000000a4900000| PB 0x00000000a4900000| Untracked 
|  36|0x00000000a4a00000, 0x00000000a4a6fa10, 0x00000000a4b00000| 43%| S|CS|TAMS 0x00000000a4a00000| PB 0x00000000a4a00000| Complete 
|  37|0x00000000a4b00000, 0x00000000a4c00000, 0x00000000a4c00000|100%| O|  |TAMS 0x00000000a4b00000| PB 0x00000000a4b00000| Untracked 
|  38|0x00000000a4c00000, 0x00000000a4d00000, 0x00000000a4d00000|100%| S|CS|TAMS 0x00000000a4c00000| PB 0x00000000a4c00000| Complete 
|  39|0x00000000a4d00000, 0x00000000a4e00000, 0x00000000a4e00000|100%| S|CS|TAMS 0x00000000a4d00000| PB 0x00000000a4d00000| Complete 
|  40|0x00000000a4e00000, 0x00000000a4f00000, 0x00000000a4f00000|100%| S|CS|TAMS 0x00000000a4e00000| PB 0x00000000a4e00000| Complete 
|  41|0x00000000a4f00000, 0x00000000a4f00000, 0x00000000a5000000|  0%| F|  |TAMS 0x00000000a4f00000| PB 0x00000000a4f00000| Untracked 
|  42|0x00000000a5000000, 0x00000000a5000000, 0x00000000a5100000|  0%| F|  |TAMS 0x00000000a5000000| PB 0x00000000a5000000| Untracked 
|  43|0x00000000a5100000, 0x00000000a5200000, 0x00000000a5200000|100%| O|  |TAMS 0x00000000a5100000| PB 0x00000000a5100000| Untracked 
|  44|0x00000000a5200000, 0x00000000a5200000, 0x00000000a5300000|  0%| F|  |TAMS 0x00000000a5200000| PB 0x00000000a5200000| Untracked 
|  45|0x00000000a5300000, 0x00000000a5300000, 0x00000000a5400000|  0%| F|  |TAMS 0x00000000a5300000| PB 0x00000000a5300000| Untracked 
|  46|0x00000000a5400000, 0x00000000a5500000, 0x00000000a5500000|100%| O|  |TAMS 0x00000000a5400000| PB 0x00000000a5400000| Untracked 
|  47|0x00000000a5500000, 0x00000000a5600000, 0x00000000a5600000|100%| O|  |TAMS 0x00000000a5500000| PB 0x00000000a5500000| Untracked 
|  48|0x00000000a5600000, 0x00000000a5700000, 0x00000000a5700000|100%| O|  |TAMS 0x00000000a5600000| PB 0x00000000a5600000| Untracked 
|  49|0x00000000a5700000, 0x00000000a5800000, 0x00000000a5800000|100%| O|  |TAMS 0x00000000a5700000| PB 0x00000000a5700000| Untracked 
|  50|0x00000000a5800000, 0x00000000a5900000, 0x00000000a5900000|100%| O|  |TAMS 0x00000000a5800000| PB 0x00000000a5800000| Untracked 
|  51|0x00000000a5900000, 0x00000000a5a00000, 0x00000000a5a00000|100%| O|  |TAMS 0x00000000a5900000| PB 0x00000000a5900000| Untracked 
|  52|0x00000000a5a00000, 0x00000000a5a00000, 0x00000000a5b00000|  0%| F|  |TAMS 0x00000000a5a00000| PB 0x00000000a5a00000| Untracked 
|  53|0x00000000a5b00000, 0x00000000a5b00000, 0x00000000a5c00000|  0%| F|  |TAMS 0x00000000a5b00000| PB 0x00000000a5b00000| Untracked 
|  54|0x00000000a5c00000, 0x00000000a5d00000, 0x00000000a5d00000|100%| O|  |TAMS 0x00000000a5c00000| PB 0x00000000a5c00000| Untracked 
|  55|0x00000000a5d00000, 0x00000000a5d00000, 0x00000000a5e00000|  0%| F|  |TAMS 0x00000000a5d00000| PB 0x00000000a5d00000| Untracked 
|  56|0x00000000a5e00000, 0x00000000a5e00000, 0x00000000a5f00000|  0%| F|  |TAMS 0x00000000a5e00000| PB 0x00000000a5e00000| Untracked 
|  57|0x00000000a5f00000, 0x00000000a5f00000, 0x00000000a6000000|  0%| F|  |TAMS 0x00000000a5f00000| PB 0x00000000a5f00000| Untracked 
|  58|0x00000000a6000000, 0x00000000a6000000, 0x00000000a6100000|  0%| F|  |TAMS 0x00000000a6000000| PB 0x00000000a6000000| Untracked 
|  59|0x00000000a6100000, 0x00000000a6100000, 0x00000000a6200000|  0%| F|  |TAMS 0x00000000a6100000| PB 0x00000000a6100000| Untracked 
|  60|0x00000000a6200000, 0x00000000a6200000, 0x00000000a6300000|  0%| F|  |TAMS 0x00000000a6200000| PB 0x00000000a6200000| Untracked 
|  61|0x00000000a6300000, 0x00000000a6300000, 0x00000000a6400000|  0%| F|  |TAMS 0x00000000a6300000| PB 0x00000000a6300000| Untracked 
|  62|0x00000000a6400000, 0x00000000a6480800, 0x00000000a6500000| 50%| E|  |TAMS 0x00000000a6400000| PB 0x00000000a6400000| Complete 
|  63|0x00000000a6500000, 0x00000000a6600000, 0x00000000a6600000|100%| E|CS|TAMS 0x00000000a6500000| PB 0x00000000a6500000| Complete 
|  64|0x00000000a6600000, 0x00000000a6700000, 0x00000000a6700000|100%| E|CS|TAMS 0x00000000a6600000| PB 0x00000000a6600000| Complete 
|  65|0x00000000a6700000, 0x00000000a6800000, 0x00000000a6800000|100%| E|CS|TAMS 0x00000000a6700000| PB 0x00000000a6700000| Complete 
|  66|0x00000000a6800000, 0x00000000a6900000, 0x00000000a6900000|100%| E|CS|TAMS 0x00000000a6800000| PB 0x00000000a6800000| Complete 
|  67|0x00000000a6900000, 0x00000000a6a00000, 0x00000000a6a00000|100%| E|CS|TAMS 0x00000000a6900000| PB 0x00000000a6900000| Complete 
|  68|0x00000000a6a00000, 0x00000000a6b00000, 0x00000000a6b00000|100%| E|CS|TAMS 0x00000000a6a00000| PB 0x00000000a6a00000| Complete 
|  69|0x00000000a6b00000, 0x00000000a6c00000, 0x00000000a6c00000|100%| E|CS|TAMS 0x00000000a6b00000| PB 0x00000000a6b00000| Complete 
|  70|0x00000000a6c00000, 0x00000000a6d00000, 0x00000000a6d00000|100%| E|CS|TAMS 0x00000000a6c00000| PB 0x00000000a6c00000| Complete 
|  71|0x00000000a6d00000, 0x00000000a6e00000, 0x00000000a6e00000|100%| E|CS|TAMS 0x00000000a6d00000| PB 0x00000000a6d00000| Complete 
|  72|0x00000000a6e00000, 0x00000000a6f00000, 0x00000000a6f00000|100%| E|CS|TAMS 0x00000000a6e00000| PB 0x00000000a6e00000| Complete 
|  73|0x00000000a6f00000, 0x00000000a7000000, 0x00000000a7000000|100%| E|CS|TAMS 0x00000000a6f00000| PB 0x00000000a6f00000| Complete 
|  74|0x00000000a7000000, 0x00000000a7100000, 0x00000000a7100000|100%| E|CS|TAMS 0x00000000a7000000| PB 0x00000000a7000000| Complete 
|  75|0x00000000a7100000, 0x00000000a7200000, 0x00000000a7200000|100%| E|CS|TAMS 0x00000000a7100000| PB 0x00000000a7100000| Complete 
|  76|0x00000000a7200000, 0x00000000a7300000, 0x00000000a7300000|100%| E|CS|TAMS 0x00000000a7200000| PB 0x00000000a7200000| Complete 
|  77|0x00000000a7300000, 0x00000000a7400000, 0x00000000a7400000|100%| E|CS|TAMS 0x00000000a7300000| PB 0x00000000a7300000| Complete 
|  78|0x00000000a7400000, 0x00000000a7500000, 0x00000000a7500000|100%| E|CS|TAMS 0x00000000a7400000| PB 0x00000000a7400000| Complete 
|  79|0x00000000a7500000, 0x00000000a7600000, 0x00000000a7600000|100%| E|CS|TAMS 0x00000000a7500000| PB 0x00000000a7500000| Complete 
|  80|0x00000000a7600000, 0x00000000a7700000, 0x00000000a7700000|100%| E|CS|TAMS 0x00000000a7600000| PB 0x00000000a7600000| Complete 
|  81|0x00000000a7700000, 0x00000000a7800000, 0x00000000a7800000|100%| E|CS|TAMS 0x00000000a7700000| PB 0x00000000a7700000| Complete 
|  82|0x00000000a7800000, 0x00000000a7900000, 0x00000000a7900000|100%| E|CS|TAMS 0x00000000a7800000| PB 0x00000000a7800000| Complete 
|  83|0x00000000a7900000, 0x00000000a7a00000, 0x00000000a7a00000|100%| E|CS|TAMS 0x00000000a7900000| PB 0x00000000a7900000| Complete 
|  84|0x00000000a7a00000, 0x00000000a7b00000, 0x00000000a7b00000|100%| E|CS|TAMS 0x00000000a7a00000| PB 0x00000000a7a00000| Complete 
|  85|0x00000000a7b00000, 0x00000000a7c00000, 0x00000000a7c00000|100%| E|CS|TAMS 0x00000000a7b00000| PB 0x00000000a7b00000| Complete 
|  86|0x00000000a7c00000, 0x00000000a7d00000, 0x00000000a7d00000|100%| E|CS|TAMS 0x00000000a7c00000| PB 0x00000000a7c00000| Complete 
|  87|0x00000000a7d00000, 0x00000000a7e00000, 0x00000000a7e00000|100%| E|CS|TAMS 0x00000000a7d00000| PB 0x00000000a7d00000| Complete 
|  88|0x00000000a7e00000, 0x00000000a7f00000, 0x00000000a7f00000|100%| E|CS|TAMS 0x00000000a7e00000| PB 0x00000000a7e00000| Complete 
|  89|0x00000000a7f00000, 0x00000000a8000000, 0x00000000a8000000|100%| E|CS|TAMS 0x00000000a7f00000| PB 0x00000000a7f00000| Complete 
|  90|0x00000000a8000000, 0x00000000a8100000, 0x00000000a8100000|100%| E|CS|TAMS 0x00000000a8000000| PB 0x00000000a8000000| Complete 
|  91|0x00000000a8100000, 0x00000000a8200000, 0x00000000a8200000|100%| E|CS|TAMS 0x00000000a8100000| PB 0x00000000a8100000| Complete 
|  92|0x00000000a8200000, 0x00000000a8300000, 0x00000000a8300000|100%| E|CS|TAMS 0x00000000a8200000| PB 0x00000000a8200000| Complete 
|  93|0x00000000a8300000, 0x00000000a8400000, 0x00000000a8400000|100%| E|CS|TAMS 0x00000000a8300000| PB 0x00000000a8300000| Complete 
|  94|0x00000000a8400000, 0x00000000a8500000, 0x00000000a8500000|100%| E|CS|TAMS 0x00000000a8400000| PB 0x00000000a8400000| Complete 
|  95|0x00000000a8500000, 0x00000000a8600000, 0x00000000a8600000|100%| E|CS|TAMS 0x00000000a8500000| PB 0x00000000a8500000| Complete 
|  96|0x00000000a8600000, 0x00000000a8700000, 0x00000000a8700000|100%| E|CS|TAMS 0x00000000a8600000| PB 0x00000000a8600000| Complete 
|  97|0x00000000a8700000, 0x00000000a8800000, 0x00000000a8800000|100%| E|CS|TAMS 0x00000000a8700000| PB 0x00000000a8700000| Complete 
|  98|0x00000000a8800000, 0x00000000a8900000, 0x00000000a8900000|100%| E|CS|TAMS 0x00000000a8800000| PB 0x00000000a8800000| Complete 
|  99|0x00000000a8900000, 0x00000000a8a00000, 0x00000000a8a00000|100%| E|CS|TAMS 0x00000000a8900000| PB 0x00000000a8900000| Complete 
| 100|0x00000000a8a00000, 0x00000000a8b00000, 0x00000000a8b00000|100%| E|CS|TAMS 0x00000000a8a00000| PB 0x00000000a8a00000| Complete 
| 101|0x00000000a8b00000, 0x00000000a8c00000, 0x00000000a8c00000|100%| E|CS|TAMS 0x00000000a8b00000| PB 0x00000000a8b00000| Complete 
| 102|0x00000000a8c00000, 0x00000000a8d00000, 0x00000000a8d00000|100%| E|CS|TAMS 0x00000000a8c00000| PB 0x00000000a8c00000| Complete 
| 103|0x00000000a8d00000, 0x00000000a8e00000, 0x00000000a8e00000|100%| E|CS|TAMS 0x00000000a8d00000| PB 0x00000000a8d00000| Complete 
| 104|0x00000000a8e00000, 0x00000000a8f00000, 0x00000000a8f00000|100%| E|CS|TAMS 0x00000000a8e00000| PB 0x00000000a8e00000| Complete 
| 105|0x00000000a8f00000, 0x00000000a9000000, 0x00000000a9000000|100%| E|CS|TAMS 0x00000000a8f00000| PB 0x00000000a8f00000| Complete 
| 106|0x00000000a9000000, 0x00000000a9100000, 0x00000000a9100000|100%| E|CS|TAMS 0x00000000a9000000| PB 0x00000000a9000000| Complete 
| 107|0x00000000a9100000, 0x00000000a9200000, 0x00000000a9200000|100%| E|CS|TAMS 0x00000000a9100000| PB 0x00000000a9100000| Complete 
| 108|0x00000000a9200000, 0x00000000a9300000, 0x00000000a9300000|100%| E|CS|TAMS 0x00000000a9200000| PB 0x00000000a9200000| Complete 

Card table byte_map: [0x000001d0f8c10000,0x000001d0f8f00000] _byte_map_base: 0x000001d0f86fd000

Marking Bits: (CMBitMap*) 0x000001d0df2ea6d0
 Bits: [0x000001d0f8f00000, 0x000001d0fa668000)

Polling page: 0x000001d0e8e90000

Metaspace:

Usage:
  Non-class:     58.41 MB used.
      Class:      8.96 MB used.
       Both:     67.38 MB used.

Virtual space:
  Non-class space:       64.00 MB reserved,      58.75 MB ( 92%) committed,  1 nodes.
      Class space:        1.00 GB reserved,       9.25 MB ( <1%) committed,  1 nodes.
             Both:        1.06 GB reserved,      68.00 MB (  6%) committed. 

Chunk freelists:
   Non-Class:  5.02 MB
       Class:  6.70 MB
        Both:  11.72 MB

MaxMetaspaceSize: unlimited
CompressedClassSpaceSize: 1.00 GB
Initial GC threshold: 21.00 MB
Current GC threshold: 73.56 MB
CDS: on
 - commit_granule_bytes: 65536.
 - commit_granule_words: 8192.
 - virtual_space_node_default_size: 8388608.
 - enlarge_chunks_in_place: 1.
 - use_allocation_guard: 0.


Internal statistics:

num_allocs_failed_limit: 6.
num_arena_births: 890.
num_arena_deaths: 0.
num_vsnodes_births: 2.
num_vsnodes_deaths: 0.
num_space_committed: 1087.
num_space_uncommitted: 0.
num_chunks_returned_to_freelist: 6.
num_chunks_taken_from_freelist: 3339.
num_chunk_merges: 6.
num_chunk_splits: 2416.
num_chunks_enlarged: 1890.
num_inconsistent_stats: 0.

CodeHeap 'non-profiled nmethods': size=120000Kb used=3568Kb max_used=3568Kb free=116431Kb
 bounds [0x000001d0f0980000, 0x000001d0f0d00000, 0x000001d0f7eb0000]
CodeHeap 'profiled nmethods': size=120000Kb used=10945Kb max_used=10945Kb free=109054Kb
 bounds [0x000001d0e8eb0000, 0x000001d0e9970000, 0x000001d0f03e0000]
CodeHeap 'non-nmethods': size=5760Kb used=1719Kb max_used=1751Kb free=4040Kb
 bounds [0x000001d0f03e0000, 0x000001d0f0650000, 0x000001d0f0980000]
 total_blobs=6467 nmethods=5719 adapters=652
 compilation: enabled
              stopped_count=0, restarted_count=0
 full_count=0

Compilation events (20 events):
Event: 14.008 Thread 0x000001d0fd119ad0 6581       3       org.springframework.data.repository.core.support.MethodLookups::lambda$direct$0 (45 bytes)
Event: 14.010 Thread 0x000001d0fd119ad0 nmethod 6581 0x000001d0e9954510 code [0x000001d0e9954760, 0x000001d0e9955028]
Event: 14.011 Thread 0x000001d0fd119ad0 6582       3       org.springframework.data.repository.core.support.MethodLookups$RepositoryAwareMethodLookup$$Lambda/0x000001d08193cda8::test (10 bytes)
Event: 14.012 Thread 0x000001d0fd119ad0 nmethod 6582 0x000001d0e9955390 code [0x000001d0e9955540, 0x000001d0e9955688]
Event: 14.012 Thread 0x000001d0fd119ad0 6583       3       org.springframework.data.repository.core.support.MethodLookups$RepositoryAwareMethodLookup$$Lambda/0x000001d08193f638::test (12 bytes)
Event: 14.012 Thread 0x000001d0fd119ad0 nmethod 6583 0x000001d0e9955790 code [0x000001d0e9955960, 0x000001d0e9955cb0]
Event: 14.012 Thread 0x000001d0fd119ad0 6584       3       org.springframework.data.repository.core.support.MethodLookups$RepositoryAwareMethodLookup::lambda$getLookups$3 (36 bytes)
Event: 14.014 Thread 0x000001d0fd119ad0 nmethod 6584 0x000001d0e9955e90 code [0x000001d0e99562a0, 0x000001d0e99582b0]
Event: 14.016 Thread 0x000001d0fd119ad0 6586       3       java.util.stream.Collectors::toList (26 bytes)
Event: 14.016 Thread 0x000001d0fd119ad0 nmethod 6586 0x000001d0e9958c90 code [0x000001d0e9958ea0, 0x000001d0e9959400]
Event: 14.017 Thread 0x000001d0fd119ad0 6587       3       java.util.stream.Streams$ConcatSpliterator::forEachRemaining (28 bytes)
Event: 14.017 Thread 0x000001d0fd119ad0 nmethod 6587 0x000001d0e9959590 code [0x000001d0e9959760, 0x000001d0e9959a58]
Event: 14.017 Thread 0x000001d0fd119ad0 6588       3       java.util.stream.Streams$ConcatSpliterator::estimateSize (51 bytes)
Event: 14.017 Thread 0x000001d0fd119ad0 nmethod 6588 0x000001d0e9959b90 code [0x000001d0e9959d80, 0x000001d0e995a1d8]
Event: 14.018 Thread 0x000001d0fd119ad0 6589       1       org.springframework.data.repository.core.support.RepositoryFragment$StructuralRepositoryFragment::getSignatureContributor (5 bytes)
Event: 14.018 Thread 0x000001d0fd119ad0 nmethod 6589 0x000001d0f0cfbe10 code [0x000001d0f0cfbfa0, 0x000001d0f0cfc068]
Event: 14.019 Thread 0x000001d0fd119ad0 6590       3       org.springframework.data.repository.core.RepositoryInformationSupport::getRepositoryInterface (10 bytes)
Event: 14.020 Thread 0x000001d0fd119ad0 nmethod 6590 0x000001d0e995a310 code [0x000001d0e995a4e0, 0x000001d0e995a8f0]
Event: 14.020 Thread 0x000001d0fd119ad0 6591       3       org.springframework.data.repository.core.support.RepositoryComposition$$Lambda/0x000001d08193c948::apply (12 bytes)
Event: 14.021 Thread 0x000001d0fd119ad0 nmethod 6591 0x000001d0e995aa10 code [0x000001d0e995ac80, 0x000001d0e995b728]

GC Heap History (20 events):
Event: 8.275 GC heap before
{Heap before GC invocations=24 (full 0):
 garbage-first heap   total 97280K, used 83923K [0x00000000a2600000, 0x0000000100000000)
  region size 1024K, 37 young (37888K), 1 survivors (1024K)
 Metaspace       used 37573K, committed 38144K, reserved 1114112K
  class space    used 4700K, committed 4928K, reserved 1048576K
}
Event: 8.277 GC heap after
{Heap after GC invocations=25 (full 0):
 garbage-first heap   total 97280K, used 43460K [0x00000000a2600000, 0x0000000100000000)
  region size 1024K, 1 young (1024K), 1 survivors (1024K)
 Metaspace       used 37573K, committed 38144K, reserved 1114112K
  class space    used 4700K, committed 4928K, reserved 1048576K
}
Event: 8.582 GC heap before
{Heap before GC invocations=25 (full 0):
 garbage-first heap   total 97280K, used 84420K [0x00000000a2600000, 0x0000000100000000)
  region size 1024K, 41 young (41984K), 1 survivors (1024K)
 Metaspace       used 37590K, committed 38144K, reserved 1114112K
  class space    used 4706K, committed 4928K, reserved 1048576K
}
Event: 8.584 GC heap after
{Heap after GC invocations=26 (full 0):
 garbage-first heap   total 97280K, used 43519K [0x00000000a2600000, 0x0000000100000000)
  region size 1024K, 1 young (1024K), 1 survivors (1024K)
 Metaspace       used 37590K, committed 38144K, reserved 1114112K
  class space    used 4706K, committed 4928K, reserved 1048576K
}
Event: 8.992 GC heap before
{Heap before GC invocations=27 (full 0):
 garbage-first heap   total 97280K, used 85503K [0x00000000a2600000, 0x0000000100000000)
  region size 1024K, 42 young (43008K), 1 survivors (1024K)
 Metaspace       used 37601K, committed 38144K, reserved 1114112K
  class space    used 4708K, committed 4928K, reserved 1048576K
}
Event: 8.993 GC heap after
{Heap after GC invocations=28 (full 0):
 garbage-first heap   total 97280K, used 43519K [0x00000000a2600000, 0x0000000100000000)
  region size 1024K, 1 young (1024K), 1 survivors (1024K)
 Metaspace       used 37601K, committed 38144K, reserved 1114112K
  class space    used 4708K, committed 4928K, reserved 1048576K
}
Event: 9.232 GC heap before
{Heap before GC invocations=28 (full 0):
 garbage-first heap   total 97280K, used 87551K [0x00000000a2600000, 0x0000000100000000)
  region size 1024K, 44 young (45056K), 1 survivors (1024K)
 Metaspace       used 37690K, committed 38208K, reserved 1114112K
  class space    used 4714K, committed 4928K, reserved 1048576K
}
Event: 9.233 GC heap after
{Heap after GC invocations=29 (full 0):
 garbage-first heap   total 97280K, used 42617K [0x00000000a2600000, 0x0000000100000000)
  region size 1024K, 2 young (2048K), 2 survivors (2048K)
 Metaspace       used 37690K, committed 38208K, reserved 1114112K
  class space    used 4714K, committed 4928K, reserved 1048576K
}
Event: 9.398 GC heap before
{Heap before GC invocations=29 (full 0):
 garbage-first heap   total 97280K, used 87673K [0x00000000a2600000, 0x0000000100000000)
  region size 1024K, 46 young (47104K), 2 survivors (2048K)
 Metaspace       used 37693K, committed 38208K, reserved 1114112K
  class space    used 4714K, committed 4928K, reserved 1048576K
}
Event: 9.399 GC heap after
{Heap after GC invocations=30 (full 0):
 garbage-first heap   total 97280K, used 42495K [0x00000000a2600000, 0x0000000100000000)
  region size 1024K, 1 young (1024K), 1 survivors (1024K)
 Metaspace       used 37693K, committed 38208K, reserved 1114112K
  class space    used 4714K, committed 4928K, reserved 1048576K
}
Event: 10.439 GC heap before
{Heap before GC invocations=31 (full 0):
 garbage-first heap   total 97280K, used 89599K [0x00000000a2600000, 0x0000000100000000)
  region size 1024K, 47 young (48128K), 1 survivors (1024K)
 Metaspace       used 42797K, committed 43264K, reserved 1114112K
  class space    used 5372K, committed 5568K, reserved 1048576K
}
Event: 10.442 GC heap after
{Heap after GC invocations=32 (full 0):
 garbage-first heap   total 97280K, used 45218K [0x00000000a2600000, 0x0000000100000000)
  region size 1024K, 4 young (4096K), 4 survivors (4096K)
 Metaspace       used 42797K, committed 43264K, reserved 1114112K
  class space    used 5372K, committed 5568K, reserved 1048576K
}
Event: 10.882 GC heap before
{Heap before GC invocations=32 (full 0):
 garbage-first heap   total 97280K, used 86178K [0x00000000a2600000, 0x0000000100000000)
  region size 1024K, 44 young (45056K), 4 survivors (4096K)
 Metaspace       used 44300K, committed 44864K, reserved 1114112K
  class space    used 5521K, committed 5760K, reserved 1048576K
}
Event: 10.886 GC heap after
{Heap after GC invocations=33 (full 0):
 garbage-first heap   total 97280K, used 44997K [0x00000000a2600000, 0x0000000100000000)
  region size 1024K, 4 young (4096K), 4 survivors (4096K)
 Metaspace       used 44300K, committed 44864K, reserved 1114112K
  class space    used 5521K, committed 5760K, reserved 1048576K
}
Event: 11.086 GC heap before
{Heap before GC invocations=33 (full 0):
 garbage-first heap   total 97280K, used 85957K [0x00000000a2600000, 0x0000000100000000)
  region size 1024K, 44 young (45056K), 4 survivors (4096K)
 Metaspace       used 44653K, committed 45184K, reserved 1114112K
  class space    used 5573K, committed 5824K, reserved 1048576K
}
Event: 11.089 GC heap after
{Heap after GC invocations=34 (full 0):
 garbage-first heap   total 97280K, used 45087K [0x00000000a2600000, 0x0000000100000000)
  region size 1024K, 2 young (2048K), 2 survivors (2048K)
 Metaspace       used 44653K, committed 45184K, reserved 1114112K
  class space    used 5573K, committed 5824K, reserved 1048576K
}
Event: 11.145 GC heap before
{Heap before GC invocations=35 (full 0):
 garbage-first heap   total 111616K, used 87071K [0x00000000a2600000, 0x0000000100000000)
  region size 1024K, 44 young (45056K), 2 survivors (2048K)
 Metaspace       used 44660K, committed 45184K, reserved 1114112K
  class space    used 5573K, committed 5824K, reserved 1048576K
}
Event: 11.146 GC heap after
{Heap after GC invocations=36 (full 0):
 garbage-first heap   total 111616K, used 45028K [0x00000000a2600000, 0x0000000100000000)
  region size 1024K, 2 young (2048K), 2 survivors (2048K)
 Metaspace       used 44660K, committed 45184K, reserved 1114112K
  class space    used 5573K, committed 5824K, reserved 1048576K
}
Event: 12.311 GC heap before
{Heap before GC invocations=36 (full 0):
 garbage-first heap   total 111616K, used 102372K [0x00000000a2600000, 0x0000000100000000)
  region size 1024K, 58 young (59392K), 2 survivors (2048K)
 Metaspace       used 57326K, committed 57984K, reserved 1114112K
  class space    used 7385K, committed 7680K, reserved 1048576K
}
Event: 12.314 GC heap after
{Heap after GC invocations=37 (full 0):
 garbage-first heap   total 111616K, used 46723K [0x00000000a2600000, 0x0000000100000000)
  region size 1024K, 4 young (4096K), 4 survivors (4096K)
 Metaspace       used 57326K, committed 57984K, reserved 1114112K
  class space    used 7385K, committed 7680K, reserved 1048576K
}

Dll operation events (15 events):
Event: 0.011 Loaded shared library C:\Users\Slobodan\.jdks\openjdk-21.0.1\bin\java.dll
Event: 0.050 Loaded shared library C:\Users\Slobodan\.jdks\openjdk-21.0.1\bin\jsvml.dll
Event: 0.182 Loaded shared library C:\Users\Slobodan\.jdks\openjdk-21.0.1\bin\zip.dll
Event: 0.187 Loaded shared library C:\Users\Slobodan\.jdks\openjdk-21.0.1\bin\instrument.dll
Event: 0.193 Loaded shared library C:\Users\Slobodan\.jdks\openjdk-21.0.1\bin\net.dll
Event: 0.195 Loaded shared library C:\Users\Slobodan\.jdks\openjdk-21.0.1\bin\nio.dll
Event: 0.206 Loaded shared library C:\Users\Slobodan\.jdks\openjdk-21.0.1\bin\zip.dll
Event: 1.647 Loaded shared library C:\Users\Slobodan\.jdks\openjdk-21.0.1\bin\jimage.dll
Event: 1.780 Loaded shared library D:\Program Files\JetBrains\IntelliJ IDEA Community Edition 2023.2.5\bin\breakgen64.dll
Event: 1.794 Loaded shared library C:\Users\Slobodan\.jdks\openjdk-21.0.1\bin\extnet.dll
Event: 2.128 Loaded shared library C:\Users\Slobodan\.jdks\openjdk-21.0.1\bin\management.dll
Event: 2.132 Loaded shared library C:\Users\Slobodan\.jdks\openjdk-21.0.1\bin\management_ext.dll
Event: 4.748 Loaded shared library C:\Users\Slobodan\.jdks\openjdk-21.0.1\bin\sunmscapi.dll
Event: 5.502 Loaded shared library C:\Users\Slobodan\.jdks\openjdk-21.0.1\bin\verify.dll
Event: 9.862 Loaded shared library C:\Users\Slobodan\AppData\Local\Temp\jna--1037733682\jna9011187934633490202.dll

Deoptimization events (20 events):
Event: 13.892 Thread 0x000001d0fdca2f30 Uncommon trap: trap_request=0xffffffde fr.pc=0x000001d0f0bcfe3c relative=0x000000000000063c
Event: 13.892 Thread 0x000001d0fdca2f30 Uncommon trap: reason=class_check action=maybe_recompile pc=0x000001d0f0bcfe3c method=org.springframework.util.ConcurrentReferenceHashMap$Segment.findInChain(Lorg/springframework/util/ConcurrentReferenceHashMap$Reference;Ljava/lang/Object;I)Lorg/springfra
Event: 13.892 Thread 0x000001d0fdca2f30 DEOPT PACKING pc=0x000001d0f0bcfe3c sp=0x00000007c34fd120
Event: 13.892 Thread 0x000001d0fdca2f30 DEOPT UNPACKING pc=0x000001d0f04346a2 sp=0x00000007c34fcf00 mode 2
Event: 13.894 Thread 0x000001d0fdca2f30 Uncommon trap: trap_request=0xffffffde fr.pc=0x000001d0f0b24db0 relative=0x0000000000000550
Event: 13.894 Thread 0x000001d0fdca2f30 Uncommon trap: reason=class_check action=maybe_recompile pc=0x000001d0f0b24db0 method=org.springframework.util.ConcurrentReferenceHashMap$Segment.findInChain(Lorg/springframework/util/ConcurrentReferenceHashMap$Reference;Ljava/lang/Object;I)Lorg/springfra
Event: 13.894 Thread 0x000001d0fdca2f30 DEOPT PACKING pc=0x000001d0f0b24db0 sp=0x00000007c34fd0c0
Event: 13.894 Thread 0x000001d0fdca2f30 DEOPT UNPACKING pc=0x000001d0f04346a2 sp=0x00000007c34fcef8 mode 2
Event: 13.894 Thread 0x000001d0fdca2f30 Uncommon trap: trap_request=0xffffffde fr.pc=0x000001d0f0b262d4 relative=0x00000000000004f4
Event: 13.894 Thread 0x000001d0fdca2f30 Uncommon trap: reason=class_check action=maybe_recompile pc=0x000001d0f0b262d4 method=org.springframework.util.ConcurrentReferenceHashMap$Segment.findInChain(Lorg/springframework/util/ConcurrentReferenceHashMap$Reference;Ljava/lang/Object;I)Lorg/springfra
Event: 13.894 Thread 0x000001d0fdca2f30 DEOPT PACKING pc=0x000001d0f0b262d4 sp=0x00000007c34fd040
Event: 13.894 Thread 0x000001d0fdca2f30 DEOPT UNPACKING pc=0x000001d0f04346a2 sp=0x00000007c34fcef8 mode 2
Event: 13.903 Thread 0x000001d0fdca2f30 Uncommon trap: trap_request=0xffffffde fr.pc=0x000001d0f0b27294 relative=0x00000000000003d4
Event: 13.903 Thread 0x000001d0fdca2f30 Uncommon trap: reason=class_check action=maybe_recompile pc=0x000001d0f0b27294 method=org.springframework.util.ConcurrentReferenceHashMap$Segment.findInChain(Lorg/springframework/util/ConcurrentReferenceHashMap$Reference;Ljava/lang/Object;I)Lorg/springfra
Event: 13.903 Thread 0x000001d0fdca2f30 DEOPT PACKING pc=0x000001d0f0b27294 sp=0x00000007c34fcbe0
Event: 13.903 Thread 0x000001d0fdca2f30 DEOPT UNPACKING pc=0x000001d0f04346a2 sp=0x00000007c34fcaf8 mode 2
Event: 13.903 Thread 0x000001d0fdca2f30 Uncommon trap: trap_request=0xffffffde fr.pc=0x000001d0f0b1fc44 relative=0x0000000000000204
Event: 13.903 Thread 0x000001d0fdca2f30 Uncommon trap: reason=class_check action=maybe_recompile pc=0x000001d0f0b1fc44 method=org.springframework.util.ConcurrentReferenceHashMap$Segment.findInChain(Lorg/springframework/util/ConcurrentReferenceHashMap$Reference;Ljava/lang/Object;I)Lorg/springfra
Event: 13.903 Thread 0x000001d0fdca2f30 DEOPT PACKING pc=0x000001d0f0b1fc44 sp=0x00000007c34fcb30
Event: 13.903 Thread 0x000001d0fdca2f30 DEOPT UNPACKING pc=0x000001d0f04346a2 sp=0x00000007c34fcaf8 mode 2

Classes loaded (20 events):
Event: 12.802 Loading class java/security/CodeSigner
Event: 12.803 Loading class java/security/CodeSigner done
Event: 13.427 Loading class java/text/MessageFormat$Field
Event: 13.427 Loading class java/text/MessageFormat$Field done
Event: 13.432 Loading class java/security/AllPermissionCollection
Event: 13.432 Loading class java/security/AllPermissionCollection done
Event: 13.498 Loading class javax/naming/Reference
Event: 13.498 Loading class javax/naming/Reference done
Event: 13.528 Loading class java/lang/SafeVarargs
Event: 13.528 Loading class java/lang/SafeVarargs done
Event: 13.532 Loading class sun/reflect/generics/reflectiveObjects/GenericArrayTypeImpl
Event: 13.533 Loading class sun/reflect/generics/reflectiveObjects/GenericArrayTypeImpl done
Event: 13.569 Loading class java/util/concurrent/ConcurrentHashMap$TreeNode
Event: 13.569 Loading class java/util/concurrent/ConcurrentHashMap$TreeNode done
Event: 13.569 Loading class java/util/concurrent/ConcurrentHashMap$TreeBin
Event: 13.570 Loading class java/util/concurrent/ConcurrentHashMap$TreeBin done
Event: 13.898 Loading class java/util/WeakHashMap$KeyIterator
Event: 13.899 Loading class java/util/WeakHashMap$KeyIterator done
Event: 13.978 Loading class java/lang/Package$1PackageInfoProxy
Event: 13.978 Loading class java/lang/Package$1PackageInfoProxy done

Classes unloaded (0 events):
No events

Classes redefined (0 events):
No events

Internal exceptions (20 events):
Event: 12.287 Thread 0x000001d0fdca2f30 Exception <a 'java/lang/NoSuchMethodError'{0x00000000a52fca40}: 'java.lang.Object java.lang.invoke.DirectMethodHandle$Holder.invokeStaticInit(java.lang.Object, java.lang.Object, int, java.lang.Object)'> (0x00000000a52fca40) 
thrown [s\open\src\hotspot\share\interpreter\linkResolver.cpp, line 773]
Event: 13.115 Thread 0x000001d0fdca2f30 Exception <a 'java/lang/NoSuchMethodError'{0x00000000a80af978}: 'void java.lang.invoke.DirectMethodHandle$Holder.invokeStaticInit(java.lang.Object, int, java.lang.Object, java.lang.Object, java.lang.Object, java.lang.Object)'> (0x00000000a80af978) 
thrown [s\open\src\hotspot\share\interpreter\linkResolver.cpp, line 773]
Event: 13.154 Thread 0x000001d0fdca2f30 Exception <a 'java/lang/NoSuchMethodError'{0x00000000a7fcc9c0}: 'int java.lang.invoke.DirectMethodHandle$Holder.invokeStatic(java.lang.Object, java.lang.Object, java.lang.Object, java.lang.Object, java.lang.Object)'> (0x00000000a7fcc9c0) 
thrown [s\open\src\hotspot\share\interpreter\linkResolver.cpp, line 773]
Event: 13.174 Thread 0x000001d0fdca2f30 Exception <a 'java/lang/NoSuchMethodError'{0x00000000a7e6ad60}: 'void java.lang.invoke.DirectMethodHandle$Holder.invokeInterface(java.lang.Object, java.lang.Object, int, java.lang.Object)'> (0x00000000a7e6ad60) 
thrown [s\open\src\hotspot\share\interpreter\linkResolver.cpp, line 773]
Event: 13.179 Thread 0x000001d0fdca2f30 Exception <a 'java/lang/NoSuchMethodError'{0x00000000a7e8ce58}: 'java.lang.Object java.lang.invoke.DirectMethodHandle$Holder.newInvokeSpecial(java.lang.Object, java.lang.Object, int, java.lang.Object)'> (0x00000000a7e8ce58) 
thrown [s\open\src\hotspot\share\interpreter\linkResolver.cpp, line 773]
Event: 13.180 Thread 0x000001d0fdca2f30 Exception <a 'java/lang/NoSuchMethodError'{0x00000000a7e907b8}: 'java.lang.Object java.lang.invoke.Invokers$Holder.linkToTargetMethod(java.lang.Object, int, java.lang.Object, java.lang.Object)'> (0x00000000a7e907b8) 
thrown [s\open\src\hotspot\share\interpreter\linkResolver.cpp, line 773]
Event: 13.195 Thread 0x000001d0fdca2f30 Exception <a 'java/lang/IncompatibleClassChangeError'{0x00000000a7d13a78}: Found class java.lang.Object, but interface was expected> (0x00000000a7d13a78) 
thrown [s\open\src\hotspot\share\interpreter\linkResolver.cpp, line 840]
Event: 13.225 Thread 0x000001d0fdca2f30 Exception <a 'java/lang/NoSuchMethodError'{0x00000000a7c364d8}: 'int java.lang.invoke.DirectMethodHandle$Holder.invokeSpecial(java.lang.Object, java.lang.Object, int, java.lang.Object)'> (0x00000000a7c364d8) 
thrown [s\open\src\hotspot\share\interpreter\linkResolver.cpp, line 773]
Event: 13.226 Thread 0x000001d0fdca2f30 Exception <a 'java/lang/NoSuchMethodError'{0x00000000a7c3eab8}: 'int java.lang.invoke.DirectMethodHandle$Holder.invokeStatic(java.lang.Object, int, java.lang.Object)'> (0x00000000a7c3eab8) 
thrown [s\open\src\hotspot\share\interpreter\linkResolver.cpp, line 773]
Event: 13.229 Thread 0x000001d0fdca2f30 Exception <a 'java/lang/NoSuchMethodError'{0x00000000a7c570d0}: 'java.lang.Object java.lang.invoke.DirectMethodHandle$Holder.newInvokeSpecial(java.lang.Object, java.lang.Object, java.lang.Object, java.lang.Object, java.lang.Object, int, java.lang.Object)'> (0x00000000a7c570d0) 
thrown [s\open\src\hotspot\share\interpreter\linkResolver.cpp, line 773]
Event: 13.293 Thread 0x000001d0fdca2f30 Exception <a 'java/lang/NoSuchMethodError'{0x00000000a7bfec10}: 'java.lang.Object java.lang.invoke.DirectMethodHandle$Holder.newInvokeSpecial(java.lang.Object, java.lang.Object, java.lang.Object, java.lang.Object, java.lang.Object, java.lang.Object, java.lang.Object, int)'> (0x00000000a7bfec10) 
thrown [s\open\src\hotspot\share\interpreter\linkResolver.cpp, line 773]
Event: 13.293 Thread 0x000001d0fdca2f30 Exception <a 'java/lang/NoSuchMethodError'{0x00000000a7a035c8}: 'java.lang.Object java.lang.invoke.DirectMethodHandle$Holder.invokeSpecial(java.lang.Object, java.lang.Object, java.lang.Object, java.lang.Object, java.lang.Object, java.lang.Object, java.lang.Object, java.lang.Object, int)'> (0x00000000a7a035c8) 
thrown [s\open\src\hotspot\share\interpreter\linkResolver.cpp, line 773]
Event: 13.293 Thread 0x000001d0fdca2f30 Exception <a 'java/lang/NoSuchMethodError'{0x00000000a7a07598}: 'java.lang.Object java.lang.invoke.Invokers$Holder.linkToTargetMethod(java.lang.Object, java.lang.Object, java.lang.Object, java.lang.Object, java.lang.Object, java.lang.Object, int, java.lang.Object)'> (0x00000000a7a07598) 
thrown [s\open\src\hotspot\share\interpreter\linkResolver.cpp, line 773]
Event: 13.313 Thread 0x000001d0fdca2f30 Exception <a 'java/lang/NoSuchMethodError'{0x00000000a7aa7d70}: 'void java.lang.invoke.DirectMethodHandle$Holder.invokeInterface(java.lang.Object, java.lang.Object)'> (0x00000000a7aa7d70) 
thrown [s\open\src\hotspot\share\interpreter\linkResolver.cpp, line 773]
Event: 13.319 Thread 0x000001d0fdca2f30 Exception <a 'java/lang/NoSuchMethodError'{0x00000000a7ad5a90}: 'java.lang.Object java.lang.invoke.DirectMethodHandle$Holder.newInvokeSpecial(java.lang.Object, java.lang.Object, int, java.lang.Object, int, java.lang.Object, java.lang.Object)'> (0x00000000a7ad5a90) 
thrown [s\open\src\hotspot\share\interpreter\linkResolver.cpp, line 773]
Event: 13.570 Thread 0x000001d0fdca2f30 Exception <a 'java/lang/IncompatibleClassChangeError'{0x00000000a72b1808}: Found class java.lang.Object, but interface was expected> (0x00000000a72b1808) 
thrown [s\open\src\hotspot\share\interpreter\linkResolver.cpp, line 840]
Event: 13.573 Thread 0x000001d0fdca2f30 Implicit null exception at 0x000001d0f0cb41aa to 0x000001d0f0cb5b4c
Event: 13.582 Thread 0x000001d0fdca2f30 Exception <a 'java/lang/IncompatibleClassChangeError'{0x00000000a7117f70}: Found class java.lang.Object, but interface was expected> (0x00000000a7117f70) 
thrown [s\open\src\hotspot\share\interpreter\linkResolver.cpp, line 840]
Event: 13.648 Thread 0x000001d0fdca2f30 Exception <a 'java/lang/IncompatibleClassChangeError'{0x00000000a7054640}: Found class java.lang.Object, but interface was expected> (0x00000000a7054640) 
thrown [s\open\src\hotspot\share\interpreter\linkResolver.cpp, line 840]
Event: 13.970 Thread 0x000001d0fdca2f30 Exception <a 'java/lang/IncompatibleClassChangeError'{0x00000000a6a63d70}: Found class java.lang.Object, but interface was expected> (0x00000000a6a63d70) 
thrown [s\open\src\hotspot\share\interpreter\linkResolver.cpp, line 840]

ZGC Phase Switch (0 events):
No events

VM Operations (20 events):
Event: 11.129 Executing VM operation: G1PauseCleanup
Event: 11.129 Executing VM operation: G1PauseCleanup done
Event: 11.145 Executing VM operation: G1CollectForAllocation (G1 Evacuation Pause)
Event: 11.146 Executing VM operation: G1CollectForAllocation (G1 Evacuation Pause) done
Event: 11.189 Executing VM operation: HandshakeAllThreads (Deoptimize)
Event: 11.189 Executing VM operation: HandshakeAllThreads (Deoptimize) done
Event: 11.527 Executing VM operation: HandshakeAllThreads (Deoptimize)
Event: 11.527 Executing VM operation: HandshakeAllThreads (Deoptimize) done
Event: 12.258 Executing VM operation: ICBufferFull
Event: 12.259 Executing VM operation: ICBufferFull done
Event: 12.311 Executing VM operation: G1CollectForAllocation (G1 Evacuation Pause)
Event: 12.314 Executing VM operation: G1CollectForAllocation (G1 Evacuation Pause) done
Event: 12.626 Executing VM operation: HandshakeAllThreads (Deoptimize)
Event: 12.626 Executing VM operation: HandshakeAllThreads (Deoptimize) done
Event: 13.078 Executing VM operation: ICBufferFull
Event: 13.078 Executing VM operation: ICBufferFull done
Event: 13.877 Executing VM operation: ICBufferFull
Event: 13.878 Executing VM operation: ICBufferFull done
Event: 13.879 Executing VM operation: HandshakeAllThreads (Deoptimize)
Event: 13.879 Executing VM operation: HandshakeAllThreads (Deoptimize) done

Events (20 events):
Event: 11.118 Thread 0x000001d0fd0c19a0 flushing nmethod 0x000001d0e92e3010
Event: 11.118 Thread 0x000001d0fd0c19a0 flushing nmethod 0x000001d0e92e0910
Event: 11.118 Thread 0x000001d0fd0c19a0 flushing nmethod 0x000001d0e928a010
Event: 11.118 Thread 0x000001d0fd0c19a0 flushing nmethod 0x000001d0e91ef710
Event: 11.118 Thread 0x000001d0fd0c19a0 flushing nmethod 0x000001d0e91c7390
Event: 11.118 Thread 0x000001d0fd0c19a0 flushing nmethod 0x000001d0e91a5610
Event: 11.118 Thread 0x000001d0fd0c19a0 flushing nmethod 0x000001d0e9186b90
Event: 11.118 Thread 0x000001d0fd0c19a0 flushing nmethod 0x000001d0e9152f10
Event: 11.118 Thread 0x000001d0fd0c19a0 flushing nmethod 0x000001d0e90cd990
Event: 11.118 Thread 0x000001d0fd0c19a0 flushing nmethod 0x000001d0e9035610
Event: 11.118 Thread 0x000001d0fd0c19a0 flushing nmethod 0x000001d0e8fdbe90
Event: 11.118 Thread 0x000001d0fd0c19a0 flushing nmethod 0x000001d0e8f88b90
Event: 11.118 Thread 0x000001d0fd0c19a0 flushing nmethod 0x000001d0e8f41990
Event: 11.118 Thread 0x000001d0fd0c19a0 flushing nmethod 0x000001d0e8f30f90
Event: 11.118 Thread 0x000001d0fd0c19a0 flushing nmethod 0x000001d0e8f22890
Event: 11.118 Thread 0x000001d0fd0c19a0 flushing nmethod 0x000001d0e8ebdc90
Event: 11.118 Thread 0x000001d0fd0c19a0 flushing nmethod 0x000001d0e8ef8e10
Event: 11.194 Thread 0x000001d0ff439790 Thread added: 0x000001d0ff439790
Event: 11.196 Thread 0x000001d0ff439e20 Thread added: 0x000001d0ff439e20
Event: 11.200 Thread 0x000001d0ff43ab40 Thread added: 0x000001d0ff43ab40


Dynamic libraries:
0x00007ff783080000 - 0x00007ff78308e000 	C:\Users\Slobodan\.jdks\openjdk-21.0.1\bin\java.exe
0x00007ffa108b0000 - 0x00007ffa10aa8000 	C:\Windows\SYSTEM32\ntdll.dll
0x00007ff9ea490000 - 0x00007ff9ea4a9000 	C:\Program Files\Avast Software\Avast\aswhook.dll
0x00007ffa0f7f0000 - 0x00007ffa0f8ad000 	C:\Windows\System32\KERNEL32.DLL
0x00007ffa0e0f0000 - 0x00007ffa0e3e6000 	C:\Windows\System32\KERNELBASE.dll
0x00007ffa0e550000 - 0x00007ffa0e650000 	C:\Windows\System32\ucrtbase.dll
0x00007ff9f6810000 - 0x00007ff9f6828000 	C:\Users\Slobodan\.jdks\openjdk-21.0.1\bin\jli.dll
0x00007ff9e9900000 - 0x00007ff9e991b000 	C:\Users\Slobodan\.jdks\openjdk-21.0.1\bin\VCRUNTIME140.dll
0x00007ffa0fd10000 - 0x00007ffa0feae000 	C:\Windows\System32\USER32.dll
0x00007ffa0e6c0000 - 0x00007ffa0e6e2000 	C:\Windows\System32\win32u.dll
0x00007ff9f15d0000 - 0x00007ff9f186a000 	C:\Windows\WinSxS\amd64_microsoft.windows.common-controls_6595b64144ccf1df_6.0.19041.3636_none_60b6a03d71f818d5\COMCTL32.dll
0x00007ffa0f2a0000 - 0x00007ffa0f2cc000 	C:\Windows\System32\GDI32.dll
0x00007ffa0e7f0000 - 0x00007ffa0e90a000 	C:\Windows\System32\gdi32full.dll
0x00007ffa0f8b0000 - 0x00007ffa0f94e000 	C:\Windows\System32\msvcrt.dll
0x00007ffa0e3f0000 - 0x00007ffa0e48d000 	C:\Windows\System32\msvcp_win.dll
0x00007ffa0f370000 - 0x00007ffa0f3a0000 	C:\Windows\System32\IMM32.DLL
0x00007ff9fd8d0000 - 0x00007ff9fd8dc000 	C:\Users\Slobodan\.jdks\openjdk-21.0.1\bin\vcruntime140_1.dll
0x00007ff9dbc30000 - 0x00007ff9dbcbe000 	C:\Users\Slobodan\.jdks\openjdk-21.0.1\bin\msvcp140.dll
0x00007ff9b8810000 - 0x00007ff9b9525000 	C:\Users\Slobodan\.jdks\openjdk-21.0.1\bin\server\jvm.dll
0x00007ffa0ec40000 - 0x00007ffa0ecef000 	C:\Windows\System32\ADVAPI32.dll
0x00007ffa0f2d0000 - 0x00007ffa0f36c000 	C:\Windows\System32\sechost.dll
0x00007ffa0f400000 - 0x00007ffa0f526000 	C:\Windows\System32\RPCRT4.dll
0x00007ffa0e910000 - 0x00007ffa0e97b000 	C:\Windows\System32\WS2_32.dll
0x00007ffa05c00000 - 0x00007ffa05c0a000 	C:\Windows\SYSTEM32\VERSION.dll
0x00007ff9f9ba0000 - 0x00007ff9f9bc7000 	C:\Windows\SYSTEM32\WINMM.dll
0x00007ffa0ddf0000 - 0x00007ffa0de3b000 	C:\Windows\SYSTEM32\POWRPROF.dll
0x00007ffa0dd20000 - 0x00007ffa0dd32000 	C:\Windows\SYSTEM32\UMPDC.dll
0x00007ffa0c7e0000 - 0x00007ffa0c7f2000 	C:\Windows\SYSTEM32\kernel.appcore.dll
0x00007ff9fc630000 - 0x00007ff9fc63a000 	C:\Users\Slobodan\.jdks\openjdk-21.0.1\bin\jimage.dll
0x00007ffa0be20000 - 0x00007ffa0c004000 	C:\Windows\SYSTEM32\DBGHELP.DLL
0x00007ffa05a70000 - 0x00007ffa05aa4000 	C:\Windows\SYSTEM32\dbgcore.DLL
0x00007ffa0e4c0000 - 0x00007ffa0e542000 	C:\Windows\System32\bcryptPrimitives.dll
0x00007ffa07e10000 - 0x00007ffa07e1f000 	C:\Users\Slobodan\.jdks\openjdk-21.0.1\bin\instrument.dll
0x00007ff9fbfa0000 - 0x00007ff9fbfbf000 	C:\Users\Slobodan\.jdks\openjdk-21.0.1\bin\java.dll
0x00007ffa0ffd0000 - 0x00007ffa10715000 	C:\Windows\System32\SHELL32.dll
0x00007ffa0c030000 - 0x00007ffa0c7cb000 	C:\Windows\SYSTEM32\windows.storage.dll
0x00007ffa0f950000 - 0x00007ffa0fca4000 	C:\Windows\System32\combase.dll
0x00007ffa0d960000 - 0x00007ffa0d98d000 	C:\Windows\SYSTEM32\Wldp.dll
0x00007ffa0ea00000 - 0x00007ffa0eaad000 	C:\Windows\System32\SHCORE.dll
0x00007ffa10720000 - 0x00007ffa10775000 	C:\Windows\System32\shlwapi.dll
0x00007ffa0dec0000 - 0x00007ffa0dee5000 	C:\Windows\SYSTEM32\profapi.dll
0x00007ff9ce300000 - 0x00007ff9ce3d7000 	C:\Users\Slobodan\.jdks\openjdk-21.0.1\bin\jsvml.dll
0x00007ff9e9200000 - 0x00007ff9e9218000 	C:\Users\Slobodan\.jdks\openjdk-21.0.1\bin\zip.dll
0x00007ff9fc470000 - 0x00007ff9fc480000 	C:\Users\Slobodan\.jdks\openjdk-21.0.1\bin\net.dll
0x00007ffa066d0000 - 0x00007ffa067da000 	C:\Windows\SYSTEM32\WINHTTP.dll
0x00007ffa0d660000 - 0x00007ffa0d6ca000 	C:\Windows\system32\mswsock.dll
0x00007ff9fbf80000 - 0x00007ff9fbf96000 	C:\Users\Slobodan\.jdks\openjdk-21.0.1\bin\nio.dll
0x00007ff9fbce0000 - 0x00007ff9fbcfa000 	D:\Program Files\JetBrains\IntelliJ IDEA Community Edition 2023.2.5\bin\breakgen64.dll
0x00007ff9fb8b0000 - 0x00007ff9fb8b7000 	C:\Users\Slobodan\.jdks\openjdk-21.0.1\bin\extnet.dll
0x00007ffa09130000 - 0x00007ffa0913a000 	C:\Users\Slobodan\.jdks\openjdk-21.0.1\bin\management.dll
0x00007ff9fc460000 - 0x00007ff9fc46b000 	C:\Users\Slobodan\.jdks\openjdk-21.0.1\bin\management_ext.dll
0x00007ffa0ecf0000 - 0x00007ffa0ecf8000 	C:\Windows\System32\PSAPI.DLL
0x00007ffa0d860000 - 0x00007ffa0d878000 	C:\Windows\SYSTEM32\CRYPTSP.dll
0x00007ffa0cf90000 - 0x00007ffa0cfc4000 	C:\Windows\system32\rsaenh.dll
0x00007ffa0e490000 - 0x00007ffa0e4b7000 	C:\Windows\System32\bcrypt.dll
0x00007ffa0de40000 - 0x00007ffa0de6e000 	C:\Windows\SYSTEM32\USERENV.dll
0x00007ffa0d850000 - 0x00007ffa0d85c000 	C:\Windows\SYSTEM32\CRYPTBASE.dll
0x00007ffa0d350000 - 0x00007ffa0d38b000 	C:\Windows\SYSTEM32\IPHLPAPI.DLL
0x00007ffa0f7e0000 - 0x00007ffa0f7e8000 	C:\Windows\System32\NSI.dll
0x00007ff9fc450000 - 0x00007ff9fc45e000 	C:\Users\Slobodan\.jdks\openjdk-21.0.1\bin\sunmscapi.dll
0x00007ffa0df90000 - 0x00007ffa0e0ed000 	C:\Windows\System32\CRYPT32.dll
0x00007ffa0d9d0000 - 0x00007ffa0d9f7000 	C:\Windows\SYSTEM32\ncrypt.dll
0x00007ffa0d990000 - 0x00007ffa0d9cb000 	C:\Windows\SYSTEM32\NTASN1.dll
0x00007ff9fb670000 - 0x00007ff9fb680000 	C:\Users\Slobodan\.jdks\openjdk-21.0.1\bin\verify.dll
0x00007ff9e15f0000 - 0x00007ff9e1635000 	C:\Users\Slobodan\AppData\Local\Temp\jna--1037733682\jna9011187934633490202.dll
0x00007ffa0ed00000 - 0x00007ffa0ee2b000 	C:\Windows\System32\Ole32.dll
0x00007ffa0eab0000 - 0x00007ffa0eb59000 	C:\Windows\System32\clbcatq.dll
0x00007ffa10780000 - 0x00007ffa1084d000 	C:\Windows\System32\OleAut32.dll
0x00007ff9f5600000 - 0x00007ff9f561f000 	C:\Windows\SYSTEM32\amsi.dll
0x00007ff9f5510000 - 0x00007ff9f55f7000 	C:\Program Files\Avast Software\Avast\aswAMSI.dll

dbghelp: loaded successfully - version: 4.0.5 - missing functions: none
symbol engine: initialized successfully - sym options: 0x614 - pdb path: .;C:\Users\Slobodan\.jdks\openjdk-21.0.1\bin;C:\Windows\SYSTEM32;C:\Program Files\Avast Software\Avast;C:\Windows\WinSxS\amd64_microsoft.windows.common-controls_6595b64144ccf1df_6.0.19041.3636_none_60b6a03d71f818d5;C:\Users\Slobodan\.jdks\openjdk-21.0.1\bin\server;D:\Program Files\JetBrains\IntelliJ IDEA Community Edition 2023.2.5\bin;C:\Users\Slobodan\AppData\Local\Temp\jna--1037733682

VM Arguments:
jvm_args: -javaagent:D:\Program Files\JetBrains\IntelliJ IDEA Community Edition 2023.2.5\lib\idea_rt.jar=49355:D:\Program Files\JetBrains\IntelliJ IDEA Community Edition 2023.2.5\bin -Dfile.encoding=UTF-8 -Dsun.stdout.encoding=UTF-8 -Dsun.stderr.encoding=UTF-8 
java_command: com.example.notes.NotesApplication
java_class_path (initial): D:\Slobo\test-notes\Notes\target\classes;C:\Users\Slobodan\.m2\repository\com\h2database\h2\2.1.214\h2-2.1.214.jar;C:\Users\Slobodan\.m2\repository\org\springframework\boot\spring-boot-starter-data-jpa\3.1.7-SNAPSHOT\spring-boot-starter-data-jpa-3.1.7-20231212.154901-19.jar;C:\Users\Slobodan\.m2\repository\org\springframework\boot\spring-boot-starter-aop\3.1.7-SNAPSHOT\spring-boot-starter-aop-3.1.7-20231212.154901-19.jar;C:\Users\Slobodan\.m2\repository\org\springframework\spring-aop\6.0.15-SNAPSHOT\spring-aop-6.0.15-20231212.180247-24.jar;C:\Users\Slobodan\.m2\repository\org\aspectj\aspectjweaver\1.9.20.1\aspectjweaver-1.9.20.1.jar;C:\Users\Slobodan\.m2\repository\org\springframework\boot\spring-boot-starter-jdbc\3.1.7-SNAPSHOT\spring-boot-starter-jdbc-3.1.7-20231212.154901-19.jar;C:\Users\Slobodan\.m2\repository\com\zaxxer\HikariCP\5.0.1\HikariCP-5.0.1.jar;C:\Users\Slobodan\.m2\repository\org\springframework\spring-jdbc\6.0.15-SNAPSHOT\spring-jdbc-6.0.15-20231212.180247-24.jar;C:\Users\Slobodan\.m2\repository\org\hibernate\orm\hibernate-core\6.2.13.Final\hibernate-core-6.2.13.Final.jar;C:\Users\Slobodan\.m2\repository\jakarta\persistence\jakarta.persistence-api\3.1.0\jakarta.persistence-api-3.1.0.jar;C:\Users\Slobodan\.m2\repository\jakarta\transaction\jakarta.transaction-api\2.0.1\jakarta.transaction-api-2.0.1.jar;C:\Users\Slobodan\.m2\repository\org\jboss\logging\jboss-logging\3.5.3.Final\jboss-logging-3.5.3.Final.jar;C:\Users\Slobodan\.m2\repository\org\hibernate\common\hibernate-commons-annotations\6.0.6.Final\hibernate-commons-annotations-6.0.6.Final.jar;C:\Users\Slobodan\.m2\repository\io\smallrye\jandex\3.0.5\jandex-3.0.5.jar;C:\Users\Slobodan\.m2\repository\com\fasterxml\classmate\1.5.1\classmate-1.5.1.jar;C:\Users\Slobodan\.m2\repository\net\bytebuddy\byte-buddy\1.14.10\byte-buddy-1.14.10.jar;C:\Users\Slobodan\.m2\repository\org\glassfish\jaxb\jaxb-runtime\4.0.4\jaxb-runtime-4.0.4.jar;C:\Users\Slobodan\.m2\repository\org\glassfish\jaxb\jaxb-core\4.0.4\jaxb-core-4.0.4.jar;C:\Users\Slobodan\.m2\repository\org\eclipse\angus\angus-activation\2.0.1\angus-activation-2.0.1.jar;C:\Users\Slobodan\.m2\repository\org\glassfish\jaxb\txw2\4.0.4\txw2-4.0.4.jar;C:\Users\Slobodan\.m2\repository\com\sun\istack\istack-commons-runtime\4.1.2\istack-commons-runtime-4.1.2.jar;C:\Users\Slobodan\.m2\repository\jakarta\inject\jakarta.inject-api\2.0.1\jakarta.inject-api-2.0.1.jar;C:\Users\Slobodan\.m2\repository\org\antlr\antlr4-runtime\4.10.1\antlr4-runtime-4.10.1.jar;C:\Users\Slobodan\.m2\repository\org\springframework\data\spring-data-jpa\3.1.7-SNAPSHOT\spring-data-jpa-3.1.7-20231212.203954-39.jar;C:\Users\Slobodan\.m2\repository\org\springframework\data\spring-data-commons\3.1.7-SNAPSHOT\spring-data-commons-3.1.7-20231212.201735-36.jar;C:\Users\Slobodan\.m2\repository\org\springframework\spring-orm\6.0.15-SNAPSHOT\spring-orm-6.0.15-20231212.180247-24.jar;C:\Users\Slobodan\.m2\repository\org\springframework\spring-context\6.0.15-SNAPSHOT\spring-context-6.0.15-20231212.180247-24.jar;C:\Users\Slobodan\.m2\repository\org\springframework\spring-expression\6.0.15-SNAPSHOT\spring-expression-6.0.15-20231212.180247-24.jar;C:\Users\Slobodan\.m2\repository\org\springframework\spring-tx\6.0.15-SNAPSHOT\spring-tx-6.0.15-20231212.180247-24.jar;C:\Users\Slobodan\.m2\repository\org\springframework\spring-beans\6.0.15-SNAPSHOT\spring-beans-6.0.15-20231212.180247-24.jar;C:\Users\Slobodan\.m2\repository\jakarta\annotation\jakarta.annotation-api\2.1.1\jakarta.annotation-api-2.1.1.jar;C:\Users\Slobodan\.m2\repository\org\slf4j\slf4j-api\2.0.9\slf4j-api-2.0.9.jar;C:\Users\Slobodan\.m2\repository\org\springframework\spring-aspects\6.0.15-SNAPSHOT\spring-aspects-6.0.15-20231212.180247-24.jar;C:\Users\Slobodan\.m2\repository\org\springframework\boot\spring-boot-starter-validation\3.1.7-SNAPSHOT\spring-boot-starter-validation-3.1.7-20231212.154901-19.jar;C:\Users\Slobodan\.m2\repository\org\springframework\boot\spring-boot-starter\3.1.7-SNAPSHOT\spring-boot-starter-3.1.7-20231212.154901-19.jar;C:\Users\Slobodan\.m2\repository\org\springframework\boot\spring-boot-starter-logging\3.1.7-SNAPSHOT\spring-boot-starter-logging-3.1.7-20231212.154901-19.jar;C:\Users\Slobodan\.m2\repository\ch\qos\logback\logback-classic\1.4.11\logback-classic-1.4.11.jar;C:\Users\Slobodan\.m2\repository\ch\qos\logback\logback-core\1.4.11\logback-core-1.4.11.jar;C:\Users\Slobodan\.m2\repository\org\apache\logging\log4j\log4j-to-slf4j\2.20.0\log4j-to-slf4j-2.20.0.jar;C:\Users\Slobodan\.m2\repository\org\apache\logging\log4j\log4j-api\2.20.0\log4j-api-2.20.0.jar;C:\Users\Slobodan\.m2\repository\org\slf4j\jul-to-slf4j\2.0.9\jul-to-slf4j-2.0.9.jar;C:\Users\Slobodan\.m2\repository\org\yaml\snakeyaml\1.33\snakeyaml-1.33.jar;C:\Users\Slobodan\.m2\repository\org\apache\tomcat\embed\tomcat-embed-el\10.1.16\tomcat-embed-el-10.1.16.jar;C:\Users\Slobodan\.m2\repository\org\hibernate\validator\hibernate-validator\8.0.1.Final\hibernate-validator-8.0.1.Final.jar;C:\Users\Slobodan\.m2\repository\jakarta\validation\jakarta.validation-api\3.0.2\jakarta.validation-api-3.0.2.jar;C:\Users\Slobodan\.m2\repository\com\vaadin\vaadin-spring-boot-starter\24.2.5\vaadin-spring-boot-starter-24.2.5.jar;C:\Users\Slobodan\.m2\repository\com\vaadin\vaadin-spring\24.2.4\vaadin-spring-24.2.4.jar;C:\Users\Slobodan\.m2\repository\com\vaadin\flow-server\24.2.4\flow-server-24.2.4.jar;C:\Users\Slobodan\.m2\repository\com\vaadin\servletdetector\throw-if-servlet3\1.0.2\throw-if-servlet3-1.0.2.jar;C:\Users\Slobodan\.m2\repository\com\vaadin\external\gwt\gwt-elemental\2.8.2.vaadin2\gwt-elemental-2.8.2.vaadin2.jar;C:\Users\Slobodan\.m2\repository\org\apache\commons\commons-fileupload2-jakarta\2.0.0-M1\commons-fileupload2-jakarta-2.0.0-M1.jar;C:\Users\Slobodan\.m2\repository\org\apache\commons\commons-fileupload2-core\2.0.0-M1\commons-fileupload2-core-2.0.0-M1.jar;C:\Users\Slobodan\.m2\repository\commons-io\commons-io\2.13.0\commons-io-2.13.0.jar;C:\Users\Slobodan\.m2\repository\com\fasterxml\jackson\core\jackson-core\2.15.3\jackson-core-2.15.3.jar;C:\Users\Slobodan\.m2\repository\com\fasterxml\jackson\core\jackson-databind\2.15.3\jackson-databind-2.15.3.jar;C:\Users\Slobodan\.m2\repository\com\fasterxml\jackson\core\jackson-annotations\2.15.3\jackson-annotations-2.15.3.jar;C:\Users\Slobodan\.m2\repository\com\fasterxml\jackson\datatype\jackson-datatype-jsr310\2.15.3\jackson-datatype-jsr310-2.15.3.jar;C:\Users\Slobodan\.m2\repository\org\jsoup\jsoup\1.16.1\jsoup-1.16.1.jar;C:\Users\Slobodan\.m2\repository\com\helger\ph-css\7.0.1\ph-css-7.0.1.jar;C:\Users\Slobodan\.m2\repository\com\helger\commons\ph-commons\11.1.0\ph-commons-11.1.0.jar;C:\Users\Slobodan\.m2\repository\org\ow2\asm\asm\9.5\asm-9.5.jar;C:\Users\Slobodan\.m2\repository\com\vaadin\external\gentyref\1.2.0.vaadin1\gentyref-1.2.0.vaadin1.jar;C:\Users\Slobodan\.m2\repository\org\apache\commons\commons-compress\1.24.0\commons-compress-1.24.0.jar;C:\Users\Slobodan\.m2\repository\com\vaadin\flow-push\24.2.4\flow-push-24.2.4.jar;C:\Users\Slobodan\.m2\repository\com\vaadin\external\atmosphere\atmosphere-runtime\3.0.3.slf4jvaadin2\atmosphere-runtime-3.0.3.slf4jvaadin2.jar;C:\Users\Slobodan\.m2\repository\com\vaadin\flow-client\24.2.4\flow-client-24.2.4.jar;C:\Users\Slobodan\.m2\repository\org\springframework\spring-webmvc\6.0.15-SNAPSHOT\spring-webmvc-6.0.15-20231212.180247-24.jar;C:\Users\Slobodan\.m2\repository\org\springframework\spring-websocket\6.0.15-SNAPSHOT\spring-websocket-6.0.15-20231212.180247-24.jar;C:\Users\Slobodan\.m2\repository\org\reflections\reflections\0.10.2\reflections-0.10.2.jar;C:\Users\Slobodan\.m2\repository\org\javassist\javassist\3.28.0-GA\javassist-3.28.0-GA.jar;C:\Users\Slobodan\.m2\repository\com\google\code\findbugs\jsr305\3.0.2\jsr305-3.0.2.jar;C:\Users\Slobodan\.m2\repository\com\vaadin\vaadin-core\24.2.5\vaadin-core-24.2.5.jar;C:\Users\Slobodan\.m2\repository\com\vaadin\vaadin-core-internal\24.2.5\vaadin-core-internal-24.2.5.jar;C:\Users\Slobodan\.m2\repository\com\vaadin\flow-lit-template\24.2.4\flow-lit-template-24.2.4.jar;C:\Users\Slobodan\.m2\repository\com\vaadin\flow-html-components\24.2.4\flow-html-components-24.2.4.jar;C:\Users\Slobodan\.m2\repository\com\vaadin\flow-data\24.2.4\flow-data-24.2.4.jar;C:\Users\Slobodan\.m2\repository\com\vaadin\flow-dnd\24.2.4\flow-dnd-24.2.4.jar;C:\Users\Slobodan\.m2\repository\com\vaadin\vaadin-lumo-theme\24.2.5\vaadin-lumo-theme-24.2.5.jar;C:\Users\Slobodan\.m2\repository\com\vaadin\vaadin-material-theme\24.2.5\vaadin-material-theme-24.2.5.jar;C:\Users\Slobodan\.m2\repository\com\vaadin\vaadin-accordion-flow\24.2.5\vaadin-accordion-flow-24.2.5.jar;C:\Users\Slobodan\.m2\repository\com\vaadin\vaadin-avatar-flow\24.2.5\vaadin-avatar-flow-24.2.5.jar;C:\Users\Slobodan\.m2\repository\com\vaadin\vaadin-flow-components-base\24.2.5\vaadin-flow-components-base-24.2.5.jar;C:\Users\Slobodan\.m2\repository\com\vaadin\vaadin-button-flow\24.2.5\vaadin-button-flow-24.2.5.jar;C:\Users\Slobodan\.m2\repository\com\vaadin\vaadin-checkbox-flow\24.2.5\vaadin-checkbox-flow-24.2.5.jar;C:\Users\Slobodan\.m2\repository\com\vaadin\vaadin-combo-box-flow\24.2.5\vaadin-combo-box-flow-24.2.5.jar;C:\Users\Slobodan\.m2\repository\com\vaadin\vaadin-confirm-dialog-flow\24.2.5\vaadin-confirm-dialog-flow-24.2.5.jar;C:\Users\Slobodan\.m2\repository\com\vaadin\vaadin-custom-field-flow\24.2.5\vaadin-custom-field-flow-24.2.5.jar;C:\Users\Slobodan\.m2\repository\com\vaadin\vaadin-date-picker-flow\24.2.5\vaadin-date-picker-flow-24.2.5.jar;C:\Users\Slobodan\.m2\repository\com\vaadin\vaadin-date-time-picker-flow\24.2.5\vaadin-date-time-picker-flow-24.2.5.jar;C:\Users\Slobodan\.m2\repository\com\vaadin\vaadin-details-flow\24.2.5\vaadin-details-flow-24.2.5.jar;C:\Users\Slobodan\.m2\repository\com\vaadin\vaadin-time-picker-flow\24.2.5\vaadin-time-picker-flow-24.2.5.jar;C:\Users\Slobodan\.m2\repository\com\vaadin\vaadin-select-flow\24.2.5\vaadin-select-flow-24.2.5.jar;C:\Users\Slobodan\.m2\repository\com\vaadin\vaadin-side-nav-flow\24.2.5\vaadin-side-nav-flow-24.2.5.jar;C:\Users\Slobodan\.m2\repository\com\vaadin\vaadin-dialog-flow\24.2.5\vaadin-dialog-flow-24.2.5.jar;C:\Users\Slobodan\.m2\repository\com\vaadin\vaadin-form-layout-flow\24.2.5\vaadin-form-layout-flow-24.2.5.jar;C:\Users\Slobodan\.m2\repository\com\vaadin\vaadin-field-highlighter-flow\24.2.5\vaadin-field-highlighter-flow-24.2.5.jar;C:\Users\Slobodan\.m2\repository\com\vaadin\vaadin-grid-flow\24.2.5\vaadin-grid-flow-24.2.5.jar;C:\Users\Slobodan\.m2\repository\org\apache\commons\commons-lang3\3.12.0\commons-lang3-3.12.0.jar;C:\Users\Slobodan\.m2\repository\com\vaadin\vaadin-icons-flow\24.2.5\vaadin-icons-flow-24.2.5.jar;C:\Users\Slobodan\.m2\repository\com\vaadin\vaadin-virtual-list-flow\24.2.5\vaadin-virtual-list-flow-24.2.5.jar;C:\Users\Slobodan\.m2\repository\com\vaadin\vaadin-list-box-flow\24.2.5\vaadin-list-box-flow-24.2.5.jar;C:\Users\Slobodan\.m2\repository\com\vaadin\vaadin-login-flow\24.2.5\vaadin-login-flow-24.2.5.jar;C:\Users\Slobodan\.m2\repository\com\vaadin\vaadin-messages-flow\24.2.5\vaadin-messages-flow-24.2.5.jar;C:\Users\Slobodan\.m2\repository\com\vaadin\vaadin-ordered-layout-flow\24.2.5\vaadin-ordered-layout-flow-24.2.5.jar;C:\Users\Slobodan\.m2\repository\com\vaadin\vaadin-progress-bar-flow\24.2.5\vaadin-progress-bar-flow-24.2.5.jar;C:\Users\Slobodan\.m2\repository\com\vaadin\vaadin-radio-button-flow\24.2.5\vaadin-radio-button-flow-24.2.5.jar;C:\Users\Slobodan\.m2\repository\com\vaadin\vaadin-renderer-flow\24.2.5\vaadin-renderer-flow-24.2.5.jar;C:\Users\Slobodan\.m2\repository\com\vaadin\vaadin-split-layout-flow\24.2.5\vaadin-split-layout-flow-24.2.5.jar;C:\Users\Slobodan\.m2\repository\com\vaadin\vaadin-tabs-flow\24.2.5\vaadin-tabs-flow-24.2.5.jar;C:\Users\Slobodan\.m2\repository\com\vaadin\vaadin-text-field-flow\24.2.5\vaadin-text-field-flow-24.2.5.jar;C:\Users\Slobodan\.m2\repository\com\vaadin\vaadin-upload-flow\24.2.5\vaadin-upload-flow-24.2.5.jar;C:\Users\Slobodan\.m2\repository\com\vaadin\vaadin-notification-flow\24.2.5\vaadin-notification-flow-24.2.5.jar;C:\Users\Slobodan\.m2\repository\com\vaadin\vaadin-app-layout-flow\24.2.5\vaadin-app-layout-flow-24.2.5.jar;C:\Users\Slobodan\.m2\repository\com\vaadin\vaadin-context-menu-flow\24.2.5\vaadin-context-menu-flow-24.2.5.jar;C:\Users\Slobodan\.m2\repository\com\vaadin\vaadin-menu-bar-flow\24.2.5\vaadin-menu-bar-flow-24.2.5.jar;C:\Users\Slobodan\.m2\repository\com\vaadin\vaadin-dev\24.2.5\vaadin-dev-24.2.5.jar;C:\Users\Slobodan\.m2\repository\com\vaadin\vaadin-dev-server\24.2.4\vaadin-dev-server-24.2.4.jar;C:\Users\Slobodan\.m2\repository\com\vaadin\license-checker\1.12.3\license-checker-1.12.3.jar;C:\Users\Slobodan\.m2\repository\com\github\oshi\oshi-core\6.4.1\oshi-core-6.4.1.jar;C:\Users\Slobodan\.m2\repository\net\java\dev\jna\jna\5.13.0\jna-5.13.0.jar;C:\Users\Slobodan\.m2\repository\net\java\dev\jna\jna-platform\5.13.0\jna-platform-5.13.0.jar;C:\Users\Slobodan\.m2\repository\com\nimbusds\nimbus-jose-jwt\9.31\nimbus-jose-jwt-9.31.jar;C:\Users\Slobodan\.m2\repository\org\lucee\jcip-annotations\1.0.0\jcip-annotations-1.0.0.jar;C:\Users\Slobodan\.m2\repository\com\vaadin\open\8.5.0\open-8.5.0.jar;C:\Users\Slobodan\.m2\repository\com\github\javaparser\javaparser-core\3.25.5\javaparser-core-3.25.5.jar;C:\Users\Slobodan\.m2\repository\io\methvin\directory-watcher\0.18.0\directory-watcher-0.18.0.jar;C:\Users\Slobodan\.m2\repository\com\vaadin\vaadin-dev-bundle\24.2.5\vaadin-dev-bundle-24.2.5.jar;C:\Users\Slobodan\.m2\repository\org\springframework\boot\spring-boot-starter-web\3.1.7-SNAPSHOT\spring-boot-starter-web-3.1.7-20231212.154901-19.jar;C:\Users\Slobodan\.m2\repository\org\springframework\boot\spring-boot-starter-json\3.1.7-SNAPSHOT\spring-boot-starter-json-3.1.7-20231212.154901-19.jar;C:\Users\Slobodan\.m2\repository\com\fasterxml\jackson\datatype\jackson-datatype-jdk8\2.15.3\jackson-datatype-jdk8-2.15.3.jar;C:\Users\Slobodan\.m2\repository\com\fasterxml\jackson\module\jackson-module-parameter-names\2.15.3\jackson-module-parameter-names-2.15.3.jar;C:\Users\Slobodan\.m2\repository\org\springframework\boot\spring-boot-starter-tomcat\3.1.7-SNAPSHOT\spring-boot-starter-tomcat-3.1.7-20231212.154901-19.jar;C:\Users\Slobodan\.m2\repository\org\apache\tomcat\embed\tomcat-embed-core\10.1.16\tomcat-embed-core-10.1.16.jar;C:\Users\Slobodan\.m2\repository\org\apache\tomcat\embed\tomcat-embed-websocket\10.1.16\tomcat-embed-websocket-10.1.16.jar;C:\Users\Slobodan\.m2\repository\org\springframework\spring-web\6.0.15-SNAPSHOT\spring-web-6.0.15-20231212.180247-24.jar;C:\Users\Slobodan\.m2\repository\io\micrometer\micrometer-observation\1.11.7-SNAPSHOT\micrometer-observation-1.11.7-20231211.112532-10.jar;C:\Users\Slobodan\.m2\repository\io\micrometer\micrometer-commons\1.11.7-SNAPSHOT\micrometer-commons-1.11.7-20231211.112532-10.jar;C:\Users\Slobodan\.m2\repository\org\springframework\boot\spring-boot-devtools\3.1.7-SNAPSHOT\spring-boot-devtools-3.1.7-20231212.154901-19.jar;C:\Users\Slobodan\.m2\repository\org\springframework\boot\spring-boot\3.1.7-SNAPSHOT\spring-boot-3.1.7-20231212.154901-19.jar;C:\Users\Slobodan\.m2\repository\org\springframework\boot\spring-boot-autoconfigure\3.1.7-SNAPSHOT\spring-boot-autoconfigure-3.1.7-20231212.154901-19.jar;C:\Users\Slobodan\.m2\repository\jakarta\xml\bind\jakarta.xml.bind-api\4.0.1\jakarta.xml.bind-api-4.0.1.jar;C:\Users\Slobodan\.m2\repository\jakarta\activation\jakarta.activation-api\2.1.2\jakarta.activation-api-2.1.2.jar;C:\Users\Slobodan\.m2\repository\org\springframework\spring-core\6.0.15-SNAPSHOT\spring-core-6.0.15-20231212.180247-24.jar;C:\Users\Slobodan\.m2\repository\org\springframework\spring-jcl\6.0.15-SNAPSHOT\spring-jcl-6.0.15-20231212.180247-24.jar
Launcher Type: SUN_STANDARD

[Global flags]
     intx CICompilerCount                          = 4                                         {product} {ergonomic}
     uint ConcGCThreads                            = 2                                         {product} {ergonomic}
     uint G1ConcRefinementThreads                  = 8                                         {product} {ergonomic}
   size_t G1HeapRegionSize                         = 1048576                                   {product} {ergonomic}
    uintx GCDrainStackTargetSize                   = 64                                        {product} {ergonomic}
   size_t InitialHeapSize                          = 98566144                                  {product} {ergonomic}
   size_t MarkStackSize                            = 4194304                                   {product} {ergonomic}
   size_t MaxHeapSize                              = 1570766848                                {product} {ergonomic}
   size_t MaxNewSize                               = 941621248                                 {product} {ergonomic}
   size_t MinHeapDeltaBytes                        = 1048576                                   {product} {ergonomic}
   size_t MinHeapSize                              = 8388608                                   {product} {ergonomic}
    uintx NonNMethodCodeHeapSize                   = 5839372                                {pd product} {ergonomic}
    uintx NonProfiledCodeHeapSize                  = 122909434                              {pd product} {ergonomic}
    uintx ProfiledCodeHeapSize                     = 122909434                              {pd product} {ergonomic}
    uintx ReservedCodeCacheSize                    = 251658240                              {pd product} {ergonomic}
     bool SegmentedCodeCache                       = true                                      {product} {ergonomic}
   size_t SoftMaxHeapSize                          = 1570766848                             {manageable} {ergonomic}
     bool UseCompressedOops                        = true                           {product lp64_product} {ergonomic}
     bool UseG1GC                                  = true                                      {product} {ergonomic}
     bool UseLargePagesIndividualAllocation        = false                                  {pd product} {ergonomic}

Logging:
Log output configuration:
 #0: stdout all=warning uptime,level,tags foldmultilines=false
 #1: stderr all=off uptime,level,tags foldmultilines=false

Environment Variables:
PATH=C:\Windows\system32;C:\Windows;C:\Windows\System32\Wbem;C:\Windows\System32\WindowsPowerShell\v1.0\;C:\Windows\System32\OpenSSH\;C:\Users\Slobodan\AppData\Local\Microsoft\WindowsApps;D:\Users\Slobodan\AppData\Local\Programs\Git\cmd
USERNAME=Slobodan
OS=Windows_NT
PROCESSOR_IDENTIFIER=AMD64 Family 23 Model 104 Stepping 1, AuthenticAMD
TMP=C:\Users\Slobodan\AppData\Local\Temp
TEMP=C:\Users\Slobodan\AppData\Local\Temp




Periodic native trim disabled

---------------  S Y S T E M  ---------------

OS:
 Windows 10 , 64 bit Build 19041 (10.0.19041.3636)
OS uptime: 7 days 18:40 hours

CPU: total 8 (initial active 8) (8 cores per cpu, 2 threads per core) family 23 model 104 stepping 1 microcode 0x0, cx8, cmov, fxsr, ht, mmx, 3dnowpref, sse, sse2, sse3, ssse3, sse4a, sse4.1, sse4.2, popcnt, lzcnt, tsc, tscinvbit, avx, avx2, aes, clmul, bmi1, bmi2, adx, sha, fma, vzeroupper, clflush, clflushopt, rdtscp, rdpid, f16c
Processor Information for all 8 processors :
  Max Mhz: 2600, Current Mhz: 2600, Mhz Limit: 2600

Memory: 4k page, system-wide physical 5989M (139M free)
TotalPageFile size 19638M (AvailPageFile size 12M)
current process WorkingSet (physical memory assigned to process): 301M, peak: 301M
current process commit charge ("private bytes"): 338M, peak: 339M

vm_info: OpenJDK 64-Bit Server VM (21.0.1+12-29) for windows-amd64 JRE (21.0.1+12-29), built on 2023-10-05T13:27:09Z by "mach5one" with MS VC++ 17.1 (VS2022)

END.
